<?xml version="1.0" encoding="UTF-8"?>
<testng-results ignored="0" total="80" passed="56" failed="24" skipped="0">
  <reporter-output>
  </reporter-output>
  <suite started-at="2020-07-01T19:15:53 IST" name="Default suite" finished-at="2020-07-01T19:17:04 IST" duration-ms="71018">
    <groups>
    </groups>
    <test started-at="2020-07-01T19:15:53 IST" name="Default test" finished-at="2020-07-01T19:17:04 IST" duration-ms="71018">
      <class name="Execute.Execute_cases">
        <test-method is-config="true" signature="setupTest()[pri:0, instance:Execute.Execute_cases@3d680b5a]" started-at="2020-07-01T19:15:53 IST" name="setupTest" finished-at="2020-07-01T19:15:53 IST" duration-ms="379" status="PASS">
          <reporter-output>
          </reporter-output>
        </test-method> <!-- setupTest -->
        <test-method signature="generated_Random_MNO()[pri:1, instance:Execute.Execute_cases@3d680b5a]" started-at="2020-07-01T19:15:53 IST" name="generated_Random_MNO" finished-at="2020-07-01T19:15:53 IST" duration-ms="15" status="PASS">
          <reporter-output>
          </reporter-output>
        </test-method> <!-- generated_Random_MNO -->
        <test-method is-config="true" signature="tearDown(org.testng.ITestResult)[pri:0, instance:Execute.Execute_cases@3d680b5a]" started-at="2020-07-01T19:15:53 IST" name="tearDown" finished-at="2020-07-01T19:15:54 IST" duration-ms="537" status="PASS">
          <params>
            <param index="0">
              <value>
                <![CDATA[[TestResult name=generated_Random_MNO status=SUCCESS method=Execute_cases.generated_Random_MNO()[pri:1, instance:Execute.Execute_cases@3d680b5a] output={null}]]]>
              </value>
            </param>
          </params>
          <reporter-output>
          </reporter-output>
        </test-method> <!-- tearDown -->
        <test-method signature="Authentication()[pri:2, instance:Execute.Execute_cases@3d680b5a]" started-at="2020-07-01T19:15:54 IST" name="Authentication" finished-at="2020-07-01T19:16:02 IST" duration-ms="7553" status="PASS">
          <reporter-output>
          </reporter-output>
        </test-method> <!-- Authentication -->
        <test-method is-config="true" signature="tearDown(org.testng.ITestResult)[pri:0, instance:Execute.Execute_cases@3d680b5a]" started-at="2020-07-01T19:16:02 IST" name="tearDown" finished-at="2020-07-01T19:16:02 IST" duration-ms="216" status="PASS">
          <params>
            <param index="0">
              <value>
                <![CDATA[[TestResult name=Authentication status=SUCCESS method=Execute_cases.Authentication()[pri:2, instance:Execute.Execute_cases@3d680b5a] output={null}]]]>
              </value>
            </param>
          </params>
          <reporter-output>
          </reporter-output>
        </test-method> <!-- tearDown -->
        <test-method signature="POST_OTP_Request()[pri:3, instance:Execute.Execute_cases@3d680b5a]" started-at="2020-07-01T19:16:02 IST" name="POST_OTP_Request" finished-at="2020-07-01T19:16:02 IST" duration-ms="7" status="PASS">
          <reporter-output>
          </reporter-output>
        </test-method> <!-- POST_OTP_Request -->
        <test-method is-config="true" signature="tearDown(org.testng.ITestResult)[pri:0, instance:Execute.Execute_cases@3d680b5a]" started-at="2020-07-01T19:16:02 IST" name="tearDown" finished-at="2020-07-01T19:16:02 IST" duration-ms="109" status="PASS">
          <params>
            <param index="0">
              <value>
                <![CDATA[[TestResult name=POST_OTP_Request status=SUCCESS method=Execute_cases.POST_OTP_Request()[pri:3, instance:Execute.Execute_cases@3d680b5a] output={null}]]]>
              </value>
            </param>
          </params>
          <reporter-output>
          </reporter-output>
        </test-method> <!-- tearDown -->
        <test-method signature="DB()[pri:4, instance:Execute.Execute_cases@3d680b5a]" started-at="2020-07-01T19:16:02 IST" name="DB" finished-at="2020-07-01T19:16:02 IST" duration-ms="4" status="PASS">
          <reporter-output>
          </reporter-output>
        </test-method> <!-- DB -->
        <test-method is-config="true" signature="tearDown(org.testng.ITestResult)[pri:0, instance:Execute.Execute_cases@3d680b5a]" started-at="2020-07-01T19:16:02 IST" name="tearDown" finished-at="2020-07-01T19:16:02 IST" duration-ms="164" status="PASS">
          <params>
            <param index="0">
              <value>
                <![CDATA[[TestResult name=DB status=SUCCESS method=Execute_cases.DB()[pri:4, instance:Execute.Execute_cases@3d680b5a] output={null}]]]>
              </value>
            </param>
          </params>
          <reporter-output>
          </reporter-output>
        </test-method> <!-- tearDown -->
        <test-method signature="POST_OTP()[pri:5, instance:Execute.Execute_cases@3d680b5a]" started-at="2020-07-01T19:16:02 IST" name="POST_OTP" finished-at="2020-07-01T19:16:02 IST" duration-ms="4" status="PASS">
          <reporter-output>
          </reporter-output>
        </test-method> <!-- POST_OTP -->
        <test-method is-config="true" signature="tearDown(org.testng.ITestResult)[pri:0, instance:Execute.Execute_cases@3d680b5a]" started-at="2020-07-01T19:16:02 IST" name="tearDown" finished-at="2020-07-01T19:16:02 IST" duration-ms="91" status="PASS">
          <params>
            <param index="0">
              <value>
                <![CDATA[[TestResult name=POST_OTP status=SUCCESS method=Execute_cases.POST_OTP()[pri:5, instance:Execute.Execute_cases@3d680b5a] output={null}]]]>
              </value>
            </param>
          </params>
          <reporter-output>
          </reporter-output>
        </test-method> <!-- tearDown -->
        <test-method signature="reg_Passport()[pri:6, instance:Execute.Execute_cases@3d680b5a]" started-at="2020-07-01T19:16:02 IST" name="reg_Passport" finished-at="2020-07-01T19:16:02 IST" duration-ms="9" status="PASS">
          <reporter-output>
          </reporter-output>
        </test-method> <!-- reg_Passport -->
        <test-method is-config="true" signature="tearDown(org.testng.ITestResult)[pri:0, instance:Execute.Execute_cases@3d680b5a]" started-at="2020-07-01T19:16:02 IST" name="tearDown" finished-at="2020-07-01T19:16:02 IST" duration-ms="129" status="PASS">
          <params>
            <param index="0">
              <value>
                <![CDATA[[TestResult name=reg_Passport status=SUCCESS method=Execute_cases.reg_Passport()[pri:6, instance:Execute.Execute_cases@3d680b5a] output={null}]]]>
              </value>
            </param>
          </params>
          <reporter-output>
          </reporter-output>
        </test-method> <!-- tearDown -->
        <test-method signature="set_Pass()[pri:7, instance:Execute.Execute_cases@3d680b5a]" started-at="2020-07-01T19:16:02 IST" name="set_Pass" finished-at="2020-07-01T19:16:02 IST" duration-ms="2" status="PASS">
          <reporter-output>
          </reporter-output>
        </test-method> <!-- set_Pass -->
        <test-method is-config="true" signature="tearDown(org.testng.ITestResult)[pri:0, instance:Execute.Execute_cases@3d680b5a]" started-at="2020-07-01T19:16:02 IST" name="tearDown" finished-at="2020-07-01T19:16:03 IST" duration-ms="266" status="PASS">
          <params>
            <param index="0">
              <value>
                <![CDATA[[TestResult name=set_Pass status=SUCCESS method=Execute_cases.set_Pass()[pri:7, instance:Execute.Execute_cases@3d680b5a] output={null}]]]>
              </value>
            </param>
          </params>
          <reporter-output>
          </reporter-output>
        </test-method> <!-- tearDown -->
        <test-method signature="login()[pri:8, instance:Execute.Execute_cases@3d680b5a]" started-at="2020-07-01T19:16:03 IST" name="login" finished-at="2020-07-01T19:16:04 IST" duration-ms="1455" status="PASS">
          <reporter-output>
          </reporter-output>
        </test-method> <!-- login -->
        <test-method is-config="true" signature="tearDown(org.testng.ITestResult)[pri:0, instance:Execute.Execute_cases@3d680b5a]" started-at="2020-07-01T19:16:04 IST" name="tearDown" finished-at="2020-07-01T19:16:04 IST" duration-ms="102" status="PASS">
          <params>
            <param index="0">
              <value>
                <![CDATA[[TestResult name=login status=SUCCESS method=Execute_cases.login()[pri:8, instance:Execute.Execute_cases@3d680b5a] output={null}]]]>
              </value>
            </param>
          </params>
          <reporter-output>
          </reporter-output>
        </test-method> <!-- tearDown -->
        <test-method signature="reload_123()[pri:9, instance:Execute.Execute_cases@3d680b5a]" started-at="2020-07-01T19:16:04 IST" name="reload_123" finished-at="2020-07-01T19:16:06 IST" duration-ms="1356" status="FAIL">
          <exception class="java.lang.AssertionError">
            <message>
              <![CDATA[expected [0] but found [1351908]]]>
            </message>
            <full-stacktrace>
              <![CDATA[java.lang.AssertionError: expected [0] but found [1351908]
at org.testng.Assert.fail(Assert.java:97)
at org.testng.Assert.assertEqualsImpl(Assert.java:136)
at org.testng.Assert.assertEquals(Assert.java:118)
at org.testng.Assert.assertEquals(Assert.java:839)
at org.testng.Assert.assertEquals(Assert.java:849)
at Execute.Execute_cases.reload_123(Execute_cases.java:110)
at java.base/jdk.internal.reflect.NativeMethodAccessorImpl.invoke0(Native Method)
at java.base/jdk.internal.reflect.NativeMethodAccessorImpl.invoke(NativeMethodAccessorImpl.java:62)
at java.base/jdk.internal.reflect.DelegatingMethodAccessorImpl.invoke(DelegatingMethodAccessorImpl.java:43)
at java.base/java.lang.reflect.Method.invoke(Method.java:564)
at org.testng.internal.MethodInvocationHelper.invokeMethod(MethodInvocationHelper.java:135)
at org.testng.internal.TestInvoker.invokeMethod(TestInvoker.java:598)
at org.testng.internal.TestInvoker.invokeTestMethod(TestInvoker.java:174)
at org.testng.internal.MethodRunner.runInSequence(MethodRunner.java:46)
at org.testng.internal.TestInvoker$MethodInvocationAgent.invoke(TestInvoker.java:821)
at org.testng.internal.TestInvoker.invokeTestMethods(TestInvoker.java:147)
at org.testng.internal.TestMethodWorker.invokeTestMethods(TestMethodWorker.java:146)
at org.testng.internal.TestMethodWorker.run(TestMethodWorker.java:128)
at java.base/java.util.ArrayList.forEach(ArrayList.java:1510)
at org.testng.TestRunner.privateRun(TestRunner.java:767)
at org.testng.TestRunner.run(TestRunner.java:588)
at org.testng.SuiteRunner.runTest(SuiteRunner.java:384)
at org.testng.SuiteRunner.runSequentially(SuiteRunner.java:378)
at org.testng.SuiteRunner.privateRun(SuiteRunner.java:337)
at org.testng.SuiteRunner.run(SuiteRunner.java:286)
at org.testng.SuiteRunnerWorker.runSuite(SuiteRunnerWorker.java:53)
at org.testng.SuiteRunnerWorker.run(SuiteRunnerWorker.java:96)
at org.testng.TestNG.runSuitesSequentially(TestNG.java:1214)
at org.testng.TestNG.runSuitesLocally(TestNG.java:1136)
at org.testng.TestNG.runSuites(TestNG.java:1066)
at org.testng.TestNG.run(TestNG.java:1034)
at org.testng.remote.AbstractRemoteTestNG.run(AbstractRemoteTestNG.java:115)
at org.testng.remote.RemoteTestNG.initAndRun(RemoteTestNG.java:251)
at org.testng.remote.RemoteTestNG.main(RemoteTestNG.java:77)
]]>
            </full-stacktrace>
          </exception> <!-- java.lang.AssertionError -->
          <reporter-output>
          </reporter-output>
        </test-method> <!-- reload_123 -->
        <test-method is-config="true" signature="tearDown(org.testng.ITestResult)[pri:0, instance:Execute.Execute_cases@3d680b5a]" started-at="2020-07-01T19:16:06 IST" name="tearDown" finished-at="2020-07-01T19:16:06 IST" duration-ms="116" status="PASS">
          <params>
            <param index="0">
              <value>
                <![CDATA[[TestResult name=reload_123 status=FAILURE method=Execute_cases.reload_123()[pri:9, instance:Execute.Execute_cases@3d680b5a] output={null}]]]>
              </value>
            </param>
          </params>
          <reporter-output>
          </reporter-output>
        </test-method> <!-- tearDown -->
        <test-method signature="reload_MPU()[pri:10, instance:Execute.Execute_cases@3d680b5a]" started-at="2020-07-01T19:16:06 IST" name="reload_MPU" finished-at="2020-07-01T19:16:07 IST" duration-ms="1432" status="PASS">
          <reporter-output>
          </reporter-output>
        </test-method> <!-- reload_MPU -->
        <test-method is-config="true" signature="tearDown(org.testng.ITestResult)[pri:0, instance:Execute.Execute_cases@3d680b5a]" started-at="2020-07-01T19:16:07 IST" name="tearDown" finished-at="2020-07-01T19:16:07 IST" duration-ms="66" status="PASS">
          <params>
            <param index="0">
              <value>
                <![CDATA[[TestResult name=reload_MPU status=SUCCESS method=Execute_cases.reload_MPU()[pri:10, instance:Execute.Execute_cases@3d680b5a] output={null}]]]>
              </value>
            </param>
          </params>
          <reporter-output>
          </reporter-output>
        </test-method> <!-- tearDown -->
        <test-method signature="reload_Wavepay()[pri:11, instance:Execute.Execute_cases@3d680b5a]" started-at="2020-07-01T19:16:07 IST" name="reload_Wavepay" finished-at="2020-07-01T19:16:09 IST" duration-ms="1411" status="PASS">
          <reporter-output>
          </reporter-output>
        </test-method> <!-- reload_Wavepay -->
        <test-method is-config="true" signature="tearDown(org.testng.ITestResult)[pri:0, instance:Execute.Execute_cases@3d680b5a]" started-at="2020-07-01T19:16:09 IST" name="tearDown" finished-at="2020-07-01T19:16:09 IST" duration-ms="241" status="PASS">
          <params>
            <param index="0">
              <value>
                <![CDATA[[TestResult name=reload_Wavepay status=SUCCESS method=Execute_cases.reload_Wavepay()[pri:11, instance:Execute.Execute_cases@3d680b5a] output={null}]]]>
              </value>
            </param>
          </params>
          <reporter-output>
          </reporter-output>
        </test-method> <!-- tearDown -->
        <test-method signature="get_Marketing_msg_List()[pri:12, instance:Execute.Execute_cases@3d680b5a]" started-at="2020-07-01T19:16:09 IST" name="get_Marketing_msg_List" finished-at="2020-07-01T19:16:10 IST" duration-ms="684" status="PASS">
          <reporter-output>
          </reporter-output>
        </test-method> <!-- get_Marketing_msg_List -->
        <test-method is-config="true" signature="tearDown(org.testng.ITestResult)[pri:0, instance:Execute.Execute_cases@3d680b5a]" started-at="2020-07-01T19:16:10 IST" name="tearDown" finished-at="2020-07-01T19:16:10 IST" duration-ms="129" status="PASS">
          <params>
            <param index="0">
              <value>
                <![CDATA[[TestResult name=get_Marketing_msg_List status=SUCCESS method=Execute_cases.get_Marketing_msg_List()[pri:12, instance:Execute.Execute_cases@3d680b5a] output={null}]]]>
              </value>
            </param>
          </params>
          <reporter-output>
          </reporter-output>
        </test-method> <!-- tearDown -->
        <test-method signature="get_MSG_Detail()[pri:13, instance:Execute.Execute_cases@3d680b5a]" started-at="2020-07-01T19:16:10 IST" name="get_MSG_Detail" finished-at="2020-07-01T19:16:10 IST" duration-ms="412" status="PASS">
          <reporter-output>
          </reporter-output>
        </test-method> <!-- get_MSG_Detail -->
        <test-method is-config="true" signature="tearDown(org.testng.ITestResult)[pri:0, instance:Execute.Execute_cases@3d680b5a]" started-at="2020-07-01T19:16:10 IST" name="tearDown" finished-at="2020-07-01T19:16:10 IST" duration-ms="135" status="PASS">
          <params>
            <param index="0">
              <value>
                <![CDATA[[TestResult name=get_MSG_Detail status=SUCCESS method=Execute_cases.get_MSG_Detail()[pri:13, instance:Execute.Execute_cases@3d680b5a] output={null}]]]>
              </value>
            </param>
          </params>
          <reporter-output>
          </reporter-output>
        </test-method> <!-- tearDown -->
        <test-method signature="get_Unread_MSG_Count()[pri:14, instance:Execute.Execute_cases@3d680b5a]" started-at="2020-07-01T19:16:10 IST" name="get_Unread_MSG_Count" finished-at="2020-07-01T19:16:11 IST" duration-ms="353" status="PASS">
          <reporter-output>
          </reporter-output>
        </test-method> <!-- get_Unread_MSG_Count -->
        <test-method is-config="true" signature="tearDown(org.testng.ITestResult)[pri:0, instance:Execute.Execute_cases@3d680b5a]" started-at="2020-07-01T19:16:11 IST" name="tearDown" finished-at="2020-07-01T19:16:11 IST" duration-ms="81" status="PASS">
          <params>
            <param index="0">
              <value>
                <![CDATA[[TestResult name=get_Unread_MSG_Count status=SUCCESS method=Execute_cases.get_Unread_MSG_Count()[pri:14, instance:Execute.Execute_cases@3d680b5a] output={null}]]]>
              </value>
            </param>
          </params>
          <reporter-output>
          </reporter-output>
        </test-method> <!-- tearDown -->
        <test-method signature="transfer()[pri:15, instance:Execute.Execute_cases@3d680b5a]" started-at="2020-07-01T19:16:11 IST" name="transfer" finished-at="2020-07-01T19:16:12 IST" duration-ms="1458" status="PASS">
          <reporter-output>
          </reporter-output>
        </test-method> <!-- transfer -->
        <test-method is-config="true" signature="tearDown(org.testng.ITestResult)[pri:0, instance:Execute.Execute_cases@3d680b5a]" started-at="2020-07-01T19:16:12 IST" name="tearDown" finished-at="2020-07-01T19:16:12 IST" duration-ms="61" status="PASS">
          <params>
            <param index="0">
              <value>
                <![CDATA[[TestResult name=transfer status=SUCCESS method=Execute_cases.transfer()[pri:15, instance:Execute.Execute_cases@3d680b5a] output={null}]]]>
              </value>
            </param>
          </params>
          <reporter-output>
          </reporter-output>
        </test-method> <!-- tearDown -->
        <test-method signature="transfer_Lookup()[pri:16, instance:Execute.Execute_cases@3d680b5a]" started-at="2020-07-01T19:16:12 IST" name="transfer_Lookup" finished-at="2020-07-01T19:16:13 IST" duration-ms="447" status="PASS">
          <reporter-output>
          </reporter-output>
        </test-method> <!-- transfer_Lookup -->
        <test-method is-config="true" signature="tearDown(org.testng.ITestResult)[pri:0, instance:Execute.Execute_cases@3d680b5a]" started-at="2020-07-01T19:16:13 IST" name="tearDown" finished-at="2020-07-01T19:16:13 IST" duration-ms="66" status="PASS">
          <params>
            <param index="0">
              <value>
                <![CDATA[[TestResult name=transfer_Lookup status=SUCCESS method=Execute_cases.transfer_Lookup()[pri:16, instance:Execute.Execute_cases@3d680b5a] output={null}]]]>
              </value>
            </param>
          </params>
          <reporter-output>
          </reporter-output>
        </test-method> <!-- tearDown -->
        <test-method signature="donate_List()[pri:17, instance:Execute.Execute_cases@3d680b5a]" started-at="2020-07-01T19:16:13 IST" name="donate_List" finished-at="2020-07-01T19:16:13 IST" duration-ms="377" status="PASS">
          <reporter-output>
          </reporter-output>
        </test-method> <!-- donate_List -->
        <test-method is-config="true" signature="tearDown(org.testng.ITestResult)[pri:0, instance:Execute.Execute_cases@3d680b5a]" started-at="2020-07-01T19:16:13 IST" name="tearDown" finished-at="2020-07-01T19:16:13 IST" duration-ms="71" status="PASS">
          <params>
            <param index="0">
              <value>
                <![CDATA[[TestResult name=donate_List status=SUCCESS method=Execute_cases.donate_List()[pri:17, instance:Execute.Execute_cases@3d680b5a] output={null}]]]>
              </value>
            </param>
          </params>
          <reporter-output>
          </reporter-output>
        </test-method> <!-- tearDown -->
        <test-method signature="goods_Merchant_Category()[pri:18, instance:Execute.Execute_cases@3d680b5a]" started-at="2020-07-01T19:16:13 IST" name="goods_Merchant_Category" finished-at="2020-07-01T19:16:14 IST" duration-ms="386" status="PASS">
          <reporter-output>
          </reporter-output>
        </test-method> <!-- goods_Merchant_Category -->
        <test-method is-config="true" signature="tearDown(org.testng.ITestResult)[pri:0, instance:Execute.Execute_cases@3d680b5a]" started-at="2020-07-01T19:16:14 IST" name="tearDown" finished-at="2020-07-01T19:16:14 IST" duration-ms="61" status="PASS">
          <params>
            <param index="0">
              <value>
                <![CDATA[[TestResult name=goods_Merchant_Category status=SUCCESS method=Execute_cases.goods_Merchant_Category()[pri:18, instance:Execute.Execute_cases@3d680b5a] output={null}]]]>
              </value>
            </param>
          </params>
          <reporter-output>
          </reporter-output>
        </test-method> <!-- tearDown -->
        <test-method signature="goods_By_Merchant_ID()[pri:19, instance:Execute.Execute_cases@3d680b5a]" started-at="2020-07-01T19:16:14 IST" name="goods_By_Merchant_ID" finished-at="2020-07-01T19:16:14 IST" duration-ms="484" status="PASS">
          <reporter-output>
          </reporter-output>
        </test-method> <!-- goods_By_Merchant_ID -->
        <test-method is-config="true" signature="tearDown(org.testng.ITestResult)[pri:0, instance:Execute.Execute_cases@3d680b5a]" started-at="2020-07-01T19:16:14 IST" name="tearDown" finished-at="2020-07-01T19:16:14 IST" duration-ms="54" status="PASS">
          <params>
            <param index="0">
              <value>
                <![CDATA[[TestResult name=goods_By_Merchant_ID status=SUCCESS method=Execute_cases.goods_By_Merchant_ID()[pri:19, instance:Execute.Execute_cases@3d680b5a] output={null}]]]>
              </value>
            </param>
          </params>
          <reporter-output>
          </reporter-output>
        </test-method> <!-- tearDown -->
        <test-method signature="get_Meters()[pri:20, instance:Execute.Execute_cases@3d680b5a]" started-at="2020-07-01T19:16:14 IST" name="get_Meters" finished-at="2020-07-01T19:16:15 IST" duration-ms="664" status="PASS">
          <reporter-output>
          </reporter-output>
        </test-method> <!-- get_Meters -->
        <test-method is-config="true" signature="tearDown(org.testng.ITestResult)[pri:0, instance:Execute.Execute_cases@3d680b5a]" started-at="2020-07-01T19:16:15 IST" name="tearDown" finished-at="2020-07-01T19:16:15 IST" duration-ms="166" status="PASS">
          <params>
            <param index="0">
              <value>
                <![CDATA[[TestResult name=get_Meters status=SUCCESS method=Execute_cases.get_Meters()[pri:20, instance:Execute.Execute_cases@3d680b5a] output={null}]]]>
              </value>
            </param>
          </params>
          <reporter-output>
          </reporter-output>
        </test-method> <!-- tearDown -->
        <test-method signature="get_Monthly_details()[pri:21, instance:Execute.Execute_cases@3d680b5a]" started-at="2020-07-01T19:16:15 IST" name="get_Monthly_details" finished-at="2020-07-01T19:16:16 IST" duration-ms="1476" status="PASS">
          <reporter-output>
          </reporter-output>
        </test-method> <!-- get_Monthly_details -->
        <test-method is-config="true" signature="tearDown(org.testng.ITestResult)[pri:0, instance:Execute.Execute_cases@3d680b5a]" started-at="2020-07-01T19:16:16 IST" name="tearDown" finished-at="2020-07-01T19:16:17 IST" duration-ms="48" status="PASS">
          <params>
            <param index="0">
              <value>
                <![CDATA[[TestResult name=get_Monthly_details status=SUCCESS method=Execute_cases.get_Monthly_details()[pri:21, instance:Execute.Execute_cases@3d680b5a] output={null}]]]>
              </value>
            </param>
          </params>
          <reporter-output>
          </reporter-output>
        </test-method> <!-- tearDown -->
        <test-method signature="patch_Update_Nickname()[pri:22, instance:Execute.Execute_cases@3d680b5a]" started-at="2020-07-01T19:16:17 IST" name="patch_Update_Nickname" finished-at="2020-07-01T19:16:17 IST" duration-ms="531" status="PASS">
          <reporter-output>
          </reporter-output>
        </test-method> <!-- patch_Update_Nickname -->
        <test-method is-config="true" signature="tearDown(org.testng.ITestResult)[pri:0, instance:Execute.Execute_cases@3d680b5a]" started-at="2020-07-01T19:16:17 IST" name="tearDown" finished-at="2020-07-01T19:16:17 IST" duration-ms="88" status="PASS">
          <params>
            <param index="0">
              <value>
                <![CDATA[[TestResult name=patch_Update_Nickname status=SUCCESS method=Execute_cases.patch_Update_Nickname()[pri:22, instance:Execute.Execute_cases@3d680b5a] output={null}]]]>
              </value>
            </param>
          </params>
          <reporter-output>
          </reporter-output>
        </test-method> <!-- tearDown -->
        <test-method signature="get_MSEC_District()[pri:23, instance:Execute.Execute_cases@3d680b5a]" started-at="2020-07-01T19:16:17 IST" name="get_MSEC_District" finished-at="2020-07-01T19:16:18 IST" duration-ms="370" status="FAIL">
          <exception class="java.lang.AssertionError">
            <message>
              <![CDATA[expected [000] but found [[null, null, null, null, null, null, null]]]]>
            </message>
            <full-stacktrace>
              <![CDATA[java.lang.AssertionError: expected [000] but found [[null, null, null, null, null, null, null]]
at org.testng.Assert.fail(Assert.java:97)
at org.testng.Assert.assertEqualsImpl(Assert.java:136)
at org.testng.Assert.assertEquals(Assert.java:118)
at org.testng.Assert.assertEquals(Assert.java:575)
at org.testng.Assert.assertEquals(Assert.java:585)
at Execute.Execute_cases.get_MSEC_District(Execute_cases.java:222)
at java.base/jdk.internal.reflect.NativeMethodAccessorImpl.invoke0(Native Method)
at java.base/jdk.internal.reflect.NativeMethodAccessorImpl.invoke(NativeMethodAccessorImpl.java:62)
at java.base/jdk.internal.reflect.DelegatingMethodAccessorImpl.invoke(DelegatingMethodAccessorImpl.java:43)
at java.base/java.lang.reflect.Method.invoke(Method.java:564)
at org.testng.internal.MethodInvocationHelper.invokeMethod(MethodInvocationHelper.java:135)
at org.testng.internal.TestInvoker.invokeMethod(TestInvoker.java:598)
at org.testng.internal.TestInvoker.invokeTestMethod(TestInvoker.java:174)
at org.testng.internal.MethodRunner.runInSequence(MethodRunner.java:46)
at org.testng.internal.TestInvoker$MethodInvocationAgent.invoke(TestInvoker.java:821)
at org.testng.internal.TestInvoker.invokeTestMethods(TestInvoker.java:147)
at org.testng.internal.TestMethodWorker.invokeTestMethods(TestMethodWorker.java:146)
at org.testng.internal.TestMethodWorker.run(TestMethodWorker.java:128)
at java.base/java.util.ArrayList.forEach(ArrayList.java:1510)
at org.testng.TestRunner.privateRun(TestRunner.java:767)
at org.testng.TestRunner.run(TestRunner.java:588)
at org.testng.SuiteRunner.runTest(SuiteRunner.java:384)
at org.testng.SuiteRunner.runSequentially(SuiteRunner.java:378)
at org.testng.SuiteRunner.privateRun(SuiteRunner.java:337)
at org.testng.SuiteRunner.run(SuiteRunner.java:286)
at org.testng.SuiteRunnerWorker.runSuite(SuiteRunnerWorker.java:53)
at org.testng.SuiteRunnerWorker.run(SuiteRunnerWorker.java:96)
at org.testng.TestNG.runSuitesSequentially(TestNG.java:1214)
at org.testng.TestNG.runSuitesLocally(TestNG.java:1136)
at org.testng.TestNG.runSuites(TestNG.java:1066)
at org.testng.TestNG.run(TestNG.java:1034)
at org.testng.remote.AbstractRemoteTestNG.run(AbstractRemoteTestNG.java:115)
at org.testng.remote.RemoteTestNG.initAndRun(RemoteTestNG.java:251)
at org.testng.remote.RemoteTestNG.main(RemoteTestNG.java:77)
]]>
            </full-stacktrace>
          </exception> <!-- java.lang.AssertionError -->
          <reporter-output>
          </reporter-output>
        </test-method> <!-- get_MSEC_District -->
        <test-method is-config="true" signature="tearDown(org.testng.ITestResult)[pri:0, instance:Execute.Execute_cases@3d680b5a]" started-at="2020-07-01T19:16:18 IST" name="tearDown" finished-at="2020-07-01T19:16:18 IST" duration-ms="87" status="PASS">
          <params>
            <param index="0">
              <value>
                <![CDATA[[TestResult name=get_MSEC_District status=FAILURE method=Execute_cases.get_MSEC_District()[pri:23, instance:Execute.Execute_cases@3d680b5a] output={null}]]]>
              </value>
            </param>
          </params>
          <reporter-output>
          </reporter-output>
        </test-method> <!-- tearDown -->
        <test-method signature="inquiry()[pri:24, instance:Execute.Execute_cases@3d680b5a]" started-at="2020-07-01T19:16:18 IST" name="inquiry" finished-at="2020-07-01T19:16:18 IST" duration-ms="22" status="PASS">
          <reporter-output>
          </reporter-output>
        </test-method> <!-- inquiry -->
        <test-method is-config="true" signature="tearDown(org.testng.ITestResult)[pri:0, instance:Execute.Execute_cases@3d680b5a]" started-at="2020-07-01T19:16:18 IST" name="tearDown" finished-at="2020-07-01T19:16:18 IST" duration-ms="37" status="PASS">
          <params>
            <param index="0">
              <value>
                <![CDATA[[TestResult name=inquiry status=SUCCESS method=Execute_cases.inquiry()[pri:24, instance:Execute.Execute_cases@3d680b5a] output={null}]]]>
              </value>
            </param>
          </params>
          <reporter-output>
          </reporter-output>
        </test-method> <!-- tearDown -->
        <test-method signature="user_Details()[pri:25, instance:Execute.Execute_cases@3d680b5a]" started-at="2020-07-01T19:16:18 IST" name="user_Details" finished-at="2020-07-01T19:16:19 IST" duration-ms="1270" status="PASS">
          <reporter-output>
          </reporter-output>
        </test-method> <!-- user_Details -->
        <test-method is-config="true" signature="tearDown(org.testng.ITestResult)[pri:0, instance:Execute.Execute_cases@3d680b5a]" started-at="2020-07-01T19:16:19 IST" name="tearDown" finished-at="2020-07-01T19:16:19 IST" duration-ms="66" status="PASS">
          <params>
            <param index="0">
              <value>
                <![CDATA[[TestResult name=user_Details status=SUCCESS method=Execute_cases.user_Details()[pri:25, instance:Execute.Execute_cases@3d680b5a] output={null}]]]>
              </value>
            </param>
          </params>
          <reporter-output>
          </reporter-output>
        </test-method> <!-- tearDown -->
        <test-method signature="txn_search_History()[pri:26, instance:Execute.Execute_cases@3d680b5a]" started-at="2020-07-01T19:16:19 IST" name="txn_search_History" finished-at="2020-07-01T19:16:20 IST" duration-ms="838" status="FAIL">
          <exception class="java.lang.AssertionError">
            <message>
              <![CDATA[expected [000] but found [E08]]]>
            </message>
            <full-stacktrace>
              <![CDATA[java.lang.AssertionError: expected [000] but found [E08]
at org.testng.Assert.fail(Assert.java:97)
at org.testng.Assert.assertEqualsImpl(Assert.java:136)
at org.testng.Assert.assertEquals(Assert.java:118)
at org.testng.Assert.assertEquals(Assert.java:575)
at org.testng.Assert.assertEquals(Assert.java:585)
at Execute.Execute_cases.txn_search_History(Execute_cases.java:246)
at java.base/jdk.internal.reflect.NativeMethodAccessorImpl.invoke0(Native Method)
at java.base/jdk.internal.reflect.NativeMethodAccessorImpl.invoke(NativeMethodAccessorImpl.java:62)
at java.base/jdk.internal.reflect.DelegatingMethodAccessorImpl.invoke(DelegatingMethodAccessorImpl.java:43)
at java.base/java.lang.reflect.Method.invoke(Method.java:564)
at org.testng.internal.MethodInvocationHelper.invokeMethod(MethodInvocationHelper.java:135)
at org.testng.internal.TestInvoker.invokeMethod(TestInvoker.java:598)
at org.testng.internal.TestInvoker.invokeTestMethod(TestInvoker.java:174)
at org.testng.internal.MethodRunner.runInSequence(MethodRunner.java:46)
at org.testng.internal.TestInvoker$MethodInvocationAgent.invoke(TestInvoker.java:821)
at org.testng.internal.TestInvoker.invokeTestMethods(TestInvoker.java:147)
at org.testng.internal.TestMethodWorker.invokeTestMethods(TestMethodWorker.java:146)
at org.testng.internal.TestMethodWorker.run(TestMethodWorker.java:128)
at java.base/java.util.ArrayList.forEach(ArrayList.java:1510)
at org.testng.TestRunner.privateRun(TestRunner.java:767)
at org.testng.TestRunner.run(TestRunner.java:588)
at org.testng.SuiteRunner.runTest(SuiteRunner.java:384)
at org.testng.SuiteRunner.runSequentially(SuiteRunner.java:378)
at org.testng.SuiteRunner.privateRun(SuiteRunner.java:337)
at org.testng.SuiteRunner.run(SuiteRunner.java:286)
at org.testng.SuiteRunnerWorker.runSuite(SuiteRunnerWorker.java:53)
at org.testng.SuiteRunnerWorker.run(SuiteRunnerWorker.java:96)
at org.testng.TestNG.runSuitesSequentially(TestNG.java:1214)
at org.testng.TestNG.runSuitesLocally(TestNG.java:1136)
at org.testng.TestNG.runSuites(TestNG.java:1066)
at org.testng.TestNG.run(TestNG.java:1034)
at org.testng.remote.AbstractRemoteTestNG.run(AbstractRemoteTestNG.java:115)
at org.testng.remote.RemoteTestNG.initAndRun(RemoteTestNG.java:251)
at org.testng.remote.RemoteTestNG.main(RemoteTestNG.java:77)
]]>
            </full-stacktrace>
          </exception> <!-- java.lang.AssertionError -->
          <reporter-output>
          </reporter-output>
        </test-method> <!-- txn_search_History -->
        <test-method is-config="true" signature="tearDown(org.testng.ITestResult)[pri:0, instance:Execute.Execute_cases@3d680b5a]" started-at="2020-07-01T19:16:20 IST" name="tearDown" finished-at="2020-07-01T19:16:20 IST" duration-ms="38" status="PASS">
          <params>
            <param index="0">
              <value>
                <![CDATA[[TestResult name=txn_search_History status=FAILURE method=Execute_cases.txn_search_History()[pri:26, instance:Execute.Execute_cases@3d680b5a] output={null}]]]>
              </value>
            </param>
          </params>
          <reporter-output>
          </reporter-output>
        </test-method> <!-- tearDown -->
        <test-method signature="get_Greeting_Message()[pri:27, instance:Execute.Execute_cases@3d680b5a]" started-at="2020-07-01T19:16:20 IST" name="get_Greeting_Message" finished-at="2020-07-01T19:16:20 IST" duration-ms="375" status="PASS">
          <reporter-output>
          </reporter-output>
        </test-method> <!-- get_Greeting_Message -->
        <test-method is-config="true" signature="tearDown(org.testng.ITestResult)[pri:0, instance:Execute.Execute_cases@3d680b5a]" started-at="2020-07-01T19:16:20 IST" name="tearDown" finished-at="2020-07-01T19:16:20 IST" duration-ms="40" status="PASS">
          <params>
            <param index="0">
              <value>
                <![CDATA[[TestResult name=get_Greeting_Message status=SUCCESS method=Execute_cases.get_Greeting_Message()[pri:27, instance:Execute.Execute_cases@3d680b5a] output={null}]]]>
              </value>
            </param>
          </params>
          <reporter-output>
          </reporter-output>
        </test-method> <!-- tearDown -->
        <test-method signature="user_Donate_List()[pri:28, instance:Execute.Execute_cases@3d680b5a]" started-at="2020-07-01T19:16:20 IST" name="user_Donate_List" finished-at="2020-07-01T19:16:21 IST" duration-ms="344" status="PASS">
          <reporter-output>
          </reporter-output>
        </test-method> <!-- user_Donate_List -->
        <test-method is-config="true" signature="tearDown(org.testng.ITestResult)[pri:0, instance:Execute.Execute_cases@3d680b5a]" started-at="2020-07-01T19:16:21 IST" name="tearDown" finished-at="2020-07-01T19:16:21 IST" duration-ms="44" status="PASS">
          <params>
            <param index="0">
              <value>
                <![CDATA[[TestResult name=user_Donate_List status=SUCCESS method=Execute_cases.user_Donate_List()[pri:28, instance:Execute.Execute_cases@3d680b5a] output={null}]]]>
              </value>
            </param>
          </params>
          <reporter-output>
          </reporter-output>
        </test-method> <!-- tearDown -->
        <test-method signature="get_Internet_list()[pri:29, instance:Execute.Execute_cases@3d680b5a]" started-at="2020-07-01T19:16:21 IST" name="get_Internet_list" finished-at="2020-07-01T19:16:21 IST" duration-ms="455" status="PASS">
          <reporter-output>
          </reporter-output>
        </test-method> <!-- get_Internet_list -->
        <test-method is-config="true" signature="tearDown(org.testng.ITestResult)[pri:0, instance:Execute.Execute_cases@3d680b5a]" started-at="2020-07-01T19:16:21 IST" name="tearDown" finished-at="2020-07-01T19:16:21 IST" duration-ms="81" status="PASS">
          <params>
            <param index="0">
              <value>
                <![CDATA[[TestResult name=get_Internet_list status=SUCCESS method=Execute_cases.get_Internet_list()[pri:29, instance:Execute.Execute_cases@3d680b5a] output={null}]]]>
              </value>
            </param>
          </params>
          <reporter-output>
          </reporter-output>
        </test-method> <!-- tearDown -->
        <test-method signature="enquiry_Fees()[pri:30, instance:Execute.Execute_cases@3d680b5a]" started-at="2020-07-01T19:16:21 IST" name="enquiry_Fees" finished-at="2020-07-01T19:16:22 IST" duration-ms="368" status="PASS">
          <reporter-output>
          </reporter-output>
        </test-method> <!-- enquiry_Fees -->
        <test-method is-config="true" signature="tearDown(org.testng.ITestResult)[pri:0, instance:Execute.Execute_cases@3d680b5a]" started-at="2020-07-01T19:16:22 IST" name="tearDown" finished-at="2020-07-01T19:16:22 IST" duration-ms="53" status="PASS">
          <params>
            <param index="0">
              <value>
                <![CDATA[[TestResult name=enquiry_Fees status=SUCCESS method=Execute_cases.enquiry_Fees()[pri:30, instance:Execute.Execute_cases@3d680b5a] output={null}]]]>
              </value>
            </param>
          </params>
          <reporter-output>
          </reporter-output>
        </test-method> <!-- tearDown -->
        <test-method signature="get_Address_List()[pri:31, instance:Execute.Execute_cases@3d680b5a]" started-at="2020-07-01T19:16:22 IST" name="get_Address_List" finished-at="2020-07-01T19:16:22 IST" duration-ms="374" status="PASS">
          <reporter-output>
          </reporter-output>
        </test-method> <!-- get_Address_List -->
        <test-method is-config="true" signature="tearDown(org.testng.ITestResult)[pri:0, instance:Execute.Execute_cases@3d680b5a]" started-at="2020-07-01T19:16:22 IST" name="tearDown" finished-at="2020-07-01T19:16:22 IST" duration-ms="41" status="PASS">
          <params>
            <param index="0">
              <value>
                <![CDATA[[TestResult name=get_Address_List status=SUCCESS method=Execute_cases.get_Address_List()[pri:31, instance:Execute.Execute_cases@3d680b5a] output={null}]]]>
              </value>
            </param>
          </params>
          <reporter-output>
          </reporter-output>
        </test-method> <!-- tearDown -->
        <test-method signature="get_Address_Detail()[pri:32, instance:Execute.Execute_cases@3d680b5a]" started-at="2020-07-01T19:16:22 IST" name="get_Address_Detail" finished-at="2020-07-01T19:16:22 IST" duration-ms="359" status="PASS">
          <reporter-output>
          </reporter-output>
        </test-method> <!-- get_Address_Detail -->
        <test-method is-config="true" signature="tearDown(org.testng.ITestResult)[pri:0, instance:Execute.Execute_cases@3d680b5a]" started-at="2020-07-01T19:16:23 IST" name="tearDown" finished-at="2020-07-01T19:16:23 IST" duration-ms="36" status="PASS">
          <params>
            <param index="0">
              <value>
                <![CDATA[[TestResult name=get_Address_Detail status=SUCCESS method=Execute_cases.get_Address_Detail()[pri:32, instance:Execute.Execute_cases@3d680b5a] output={null}]]]>
              </value>
            </param>
          </params>
          <reporter-output>
          </reporter-output>
        </test-method> <!-- tearDown -->
        <test-method signature="add_Address()[pri:33, instance:Execute.Execute_cases@3d680b5a]" started-at="2020-07-01T19:16:23 IST" name="add_Address" finished-at="2020-07-01T19:16:23 IST" duration-ms="364" status="PASS">
          <reporter-output>
          </reporter-output>
        </test-method> <!-- add_Address -->
        <test-method is-config="true" signature="tearDown(org.testng.ITestResult)[pri:0, instance:Execute.Execute_cases@3d680b5a]" started-at="2020-07-01T19:16:23 IST" name="tearDown" finished-at="2020-07-01T19:16:23 IST" duration-ms="85" status="PASS">
          <params>
            <param index="0">
              <value>
                <![CDATA[[TestResult name=add_Address status=SUCCESS method=Execute_cases.add_Address()[pri:33, instance:Execute.Execute_cases@3d680b5a] output={null}]]]>
              </value>
            </param>
          </params>
          <reporter-output>
          </reporter-output>
        </test-method> <!-- tearDown -->
        <test-method signature="set_Primary_Address()[pri:34, instance:Execute.Execute_cases@3d680b5a]" started-at="2020-07-01T19:16:23 IST" name="set_Primary_Address" finished-at="2020-07-01T19:16:23 IST" duration-ms="342" status="PASS">
          <reporter-output>
          </reporter-output>
        </test-method> <!-- set_Primary_Address -->
        <test-method is-config="true" signature="tearDown(org.testng.ITestResult)[pri:0, instance:Execute.Execute_cases@3d680b5a]" started-at="2020-07-01T19:16:23 IST" name="tearDown" finished-at="2020-07-01T19:16:23 IST" duration-ms="40" status="PASS">
          <params>
            <param index="0">
              <value>
                <![CDATA[[TestResult name=set_Primary_Address status=SUCCESS method=Execute_cases.set_Primary_Address()[pri:34, instance:Execute.Execute_cases@3d680b5a] output={null}]]]>
              </value>
            </param>
          </params>
          <reporter-output>
          </reporter-output>
        </test-method> <!-- tearDown -->
        <test-method signature="update_Address()[pri:35, instance:Execute.Execute_cases@3d680b5a]" started-at="2020-07-01T19:16:23 IST" name="update_Address" finished-at="2020-07-01T19:16:24 IST" duration-ms="324" status="PASS">
          <reporter-output>
          </reporter-output>
        </test-method> <!-- update_Address -->
        <test-method is-config="true" signature="tearDown(org.testng.ITestResult)[pri:0, instance:Execute.Execute_cases@3d680b5a]" started-at="2020-07-01T19:16:24 IST" name="tearDown" finished-at="2020-07-01T19:16:24 IST" duration-ms="58" status="PASS">
          <params>
            <param index="0">
              <value>
                <![CDATA[[TestResult name=update_Address status=SUCCESS method=Execute_cases.update_Address()[pri:35, instance:Execute.Execute_cases@3d680b5a] output={null}]]]>
              </value>
            </param>
          </params>
          <reporter-output>
          </reporter-output>
        </test-method> <!-- tearDown -->
        <test-method signature="delete_Address()[pri:36, instance:Execute.Execute_cases@3d680b5a]" started-at="2020-07-01T19:16:24 IST" name="delete_Address" finished-at="2020-07-01T19:16:24 IST" duration-ms="347" status="PASS">
          <reporter-output>
          </reporter-output>
        </test-method> <!-- delete_Address -->
        <test-method is-config="true" signature="tearDown(org.testng.ITestResult)[pri:0, instance:Execute.Execute_cases@3d680b5a]" started-at="2020-07-01T19:16:24 IST" name="tearDown" finished-at="2020-07-01T19:16:24 IST" duration-ms="147" status="PASS">
          <params>
            <param index="0">
              <value>
                <![CDATA[[TestResult name=delete_Address status=SUCCESS method=Execute_cases.delete_Address()[pri:36, instance:Execute.Execute_cases@3d680b5a] output={null}]]]>
              </value>
            </param>
          </params>
          <reporter-output>
          </reporter-output>
        </test-method> <!-- tearDown -->
        <test-method signature="enq_HiWiFi()[pri:37, instance:Execute.Execute_cases@3d680b5a]" started-at="2020-07-01T19:16:24 IST" name="enq_HiWiFi" finished-at="2020-07-01T19:16:25 IST" duration-ms="448" status="PASS">
          <reporter-output>
          </reporter-output>
        </test-method> <!-- enq_HiWiFi -->
        <test-method is-config="true" signature="tearDown(org.testng.ITestResult)[pri:0, instance:Execute.Execute_cases@3d680b5a]" started-at="2020-07-01T19:16:25 IST" name="tearDown" finished-at="2020-07-01T19:16:25 IST" duration-ms="141" status="PASS">
          <params>
            <param index="0">
              <value>
                <![CDATA[[TestResult name=enq_HiWiFi status=SUCCESS method=Execute_cases.enq_HiWiFi()[pri:37, instance:Execute.Execute_cases@3d680b5a] output={null}]]]>
              </value>
            </param>
          </params>
          <reporter-output>
          </reporter-output>
        </test-method> <!-- tearDown -->
        <test-method signature="confirm_HiWiFi()[pri:38, instance:Execute.Execute_cases@3d680b5a]" started-at="2020-07-01T19:16:25 IST" name="confirm_HiWiFi" finished-at="2020-07-01T19:16:26 IST" duration-ms="1282" status="FAIL">
          <exception class="java.lang.AssertionError">
            <message>
              <![CDATA[expected [000] but found [T03]]]>
            </message>
            <full-stacktrace>
              <![CDATA[java.lang.AssertionError: expected [000] but found [T03]
at org.testng.Assert.fail(Assert.java:97)
at org.testng.Assert.assertEqualsImpl(Assert.java:136)
at org.testng.Assert.assertEquals(Assert.java:118)
at org.testng.Assert.assertEquals(Assert.java:575)
at org.testng.Assert.assertEquals(Assert.java:585)
at Execute.Execute_cases.confirm_HiWiFi(Execute_cases.java:329)
at java.base/jdk.internal.reflect.NativeMethodAccessorImpl.invoke0(Native Method)
at java.base/jdk.internal.reflect.NativeMethodAccessorImpl.invoke(NativeMethodAccessorImpl.java:62)
at java.base/jdk.internal.reflect.DelegatingMethodAccessorImpl.invoke(DelegatingMethodAccessorImpl.java:43)
at java.base/java.lang.reflect.Method.invoke(Method.java:564)
at org.testng.internal.MethodInvocationHelper.invokeMethod(MethodInvocationHelper.java:135)
at org.testng.internal.TestInvoker.invokeMethod(TestInvoker.java:598)
at org.testng.internal.TestInvoker.invokeTestMethod(TestInvoker.java:174)
at org.testng.internal.MethodRunner.runInSequence(MethodRunner.java:46)
at org.testng.internal.TestInvoker$MethodInvocationAgent.invoke(TestInvoker.java:821)
at org.testng.internal.TestInvoker.invokeTestMethods(TestInvoker.java:147)
at org.testng.internal.TestMethodWorker.invokeTestMethods(TestMethodWorker.java:146)
at org.testng.internal.TestMethodWorker.run(TestMethodWorker.java:128)
at java.base/java.util.ArrayList.forEach(ArrayList.java:1510)
at org.testng.TestRunner.privateRun(TestRunner.java:767)
at org.testng.TestRunner.run(TestRunner.java:588)
at org.testng.SuiteRunner.runTest(SuiteRunner.java:384)
at org.testng.SuiteRunner.runSequentially(SuiteRunner.java:378)
at org.testng.SuiteRunner.privateRun(SuiteRunner.java:337)
at org.testng.SuiteRunner.run(SuiteRunner.java:286)
at org.testng.SuiteRunnerWorker.runSuite(SuiteRunnerWorker.java:53)
at org.testng.SuiteRunnerWorker.run(SuiteRunnerWorker.java:96)
at org.testng.TestNG.runSuitesSequentially(TestNG.java:1214)
at org.testng.TestNG.runSuitesLocally(TestNG.java:1136)
at org.testng.TestNG.runSuites(TestNG.java:1066)
at org.testng.TestNG.run(TestNG.java:1034)
at org.testng.remote.AbstractRemoteTestNG.run(AbstractRemoteTestNG.java:115)
at org.testng.remote.RemoteTestNG.initAndRun(RemoteTestNG.java:251)
at org.testng.remote.RemoteTestNG.main(RemoteTestNG.java:77)
]]>
            </full-stacktrace>
          </exception> <!-- java.lang.AssertionError -->
          <reporter-output>
          </reporter-output>
        </test-method> <!-- confirm_HiWiFi -->
        <test-method is-config="true" signature="tearDown(org.testng.ITestResult)[pri:0, instance:Execute.Execute_cases@3d680b5a]" started-at="2020-07-01T19:16:26 IST" name="tearDown" finished-at="2020-07-01T19:16:26 IST" duration-ms="37" status="PASS">
          <params>
            <param index="0">
              <value>
                <![CDATA[[TestResult name=confirm_HiWiFi status=FAILURE method=Execute_cases.confirm_HiWiFi()[pri:38, instance:Execute.Execute_cases@3d680b5a] output={null}]]]>
              </value>
            </param>
          </params>
          <reporter-output>
          </reporter-output>
        </test-method> <!-- tearDown -->
        <test-method signature="enq_TelenorDataPack()[pri:39, instance:Execute.Execute_cases@3d680b5a]" started-at="2020-07-01T19:16:26 IST" name="enq_TelenorDataPack" finished-at="2020-07-01T19:16:27 IST" duration-ms="455" status="PASS">
          <reporter-output>
          </reporter-output>
        </test-method> <!-- enq_TelenorDataPack -->
        <test-method is-config="true" signature="tearDown(org.testng.ITestResult)[pri:0, instance:Execute.Execute_cases@3d680b5a]" started-at="2020-07-01T19:16:27 IST" name="tearDown" finished-at="2020-07-01T19:16:27 IST" duration-ms="38" status="PASS">
          <params>
            <param index="0">
              <value>
                <![CDATA[[TestResult name=enq_TelenorDataPack status=SUCCESS method=Execute_cases.enq_TelenorDataPack()[pri:39, instance:Execute.Execute_cases@3d680b5a] output={null}]]]>
              </value>
            </param>
          </params>
          <reporter-output>
          </reporter-output>
        </test-method> <!-- tearDown -->
        <test-method signature="enq_HIWIFI_W0_Mobile()[pri:40, instance:Execute.Execute_cases@3d680b5a]" started-at="2020-07-01T19:16:27 IST" name="enq_HIWIFI_W0_Mobile" finished-at="2020-07-01T19:16:27 IST" duration-ms="570" status="PASS">
          <reporter-output>
          </reporter-output>
        </test-method> <!-- enq_HIWIFI_W0_Mobile -->
        <test-method is-config="true" signature="tearDown(org.testng.ITestResult)[pri:0, instance:Execute.Execute_cases@3d680b5a]" started-at="2020-07-01T19:16:27 IST" name="tearDown" finished-at="2020-07-01T19:16:27 IST" duration-ms="37" status="PASS">
          <params>
            <param index="0">
              <value>
                <![CDATA[[TestResult name=enq_HIWIFI_W0_Mobile status=SUCCESS method=Execute_cases.enq_HIWIFI_W0_Mobile()[pri:40, instance:Execute.Execute_cases@3d680b5a] output={null}]]]>
              </value>
            </param>
          </params>
          <reporter-output>
          </reporter-output>
        </test-method> <!-- tearDown -->
        <test-method signature="enq_MyanmarNetPrepaid()[pri:41, instance:Execute.Execute_cases@3d680b5a]" started-at="2020-07-01T19:16:27 IST" name="enq_MyanmarNetPrepaid" finished-at="2020-07-01T19:16:28 IST" duration-ms="419" status="PASS">
          <reporter-output>
          </reporter-output>
        </test-method> <!-- enq_MyanmarNetPrepaid -->
        <test-method is-config="true" signature="tearDown(org.testng.ITestResult)[pri:0, instance:Execute.Execute_cases@3d680b5a]" started-at="2020-07-01T19:16:28 IST" name="tearDown" finished-at="2020-07-01T19:16:28 IST" duration-ms="55" status="PASS">
          <params>
            <param index="0">
              <value>
                <![CDATA[[TestResult name=enq_MyanmarNetPrepaid status=SUCCESS method=Execute_cases.enq_MyanmarNetPrepaid()[pri:41, instance:Execute.Execute_cases@3d680b5a] output={null}]]]>
              </value>
            </param>
          </params>
          <reporter-output>
          </reporter-output>
        </test-method> <!-- tearDown -->
        <test-method signature="enq_telenor_Fiber()[pri:42, instance:Execute.Execute_cases@3d680b5a]" started-at="2020-07-01T19:16:28 IST" name="enq_telenor_Fiber" finished-at="2020-07-01T19:16:28 IST" duration-ms="373" status="PASS">
          <reporter-output>
          </reporter-output>
        </test-method> <!-- enq_telenor_Fiber -->
        <test-method is-config="true" signature="tearDown(org.testng.ITestResult)[pri:0, instance:Execute.Execute_cases@3d680b5a]" started-at="2020-07-01T19:16:28 IST" name="tearDown" finished-at="2020-07-01T19:16:28 IST" duration-ms="41" status="PASS">
          <params>
            <param index="0">
              <value>
                <![CDATA[[TestResult name=enq_telenor_Fiber status=SUCCESS method=Execute_cases.enq_telenor_Fiber()[pri:42, instance:Execute.Execute_cases@3d680b5a] output={null}]]]>
              </value>
            </param>
          </params>
          <reporter-output>
          </reporter-output>
        </test-method> <!-- tearDown -->
        <test-method signature="enq_telenor_Wireless()[pri:43, instance:Execute.Execute_cases@3d680b5a]" started-at="2020-07-01T19:16:28 IST" name="enq_telenor_Wireless" finished-at="2020-07-01T19:16:29 IST" duration-ms="398" status="PASS">
          <reporter-output>
          </reporter-output>
        </test-method> <!-- enq_telenor_Wireless -->
        <test-method is-config="true" signature="tearDown(org.testng.ITestResult)[pri:0, instance:Execute.Execute_cases@3d680b5a]" started-at="2020-07-01T19:16:29 IST" name="tearDown" finished-at="2020-07-01T19:16:29 IST" duration-ms="176" status="PASS">
          <params>
            <param index="0">
              <value>
                <![CDATA[[TestResult name=enq_telenor_Wireless status=SUCCESS method=Execute_cases.enq_telenor_Wireless()[pri:43, instance:Execute.Execute_cases@3d680b5a] output={null}]]]>
              </value>
            </param>
          </params>
          <reporter-output>
          </reporter-output>
        </test-method> <!-- tearDown -->
        <test-method signature="enq_MyanmarNetAWaThone()[pri:44, instance:Execute.Execute_cases@3d680b5a]" started-at="2020-07-01T19:16:29 IST" name="enq_MyanmarNetAWaThone" finished-at="2020-07-01T19:16:29 IST" duration-ms="425" status="PASS">
          <reporter-output>
          </reporter-output>
        </test-method> <!-- enq_MyanmarNetAWaThone -->
        <test-method is-config="true" signature="tearDown(org.testng.ITestResult)[pri:0, instance:Execute.Execute_cases@3d680b5a]" started-at="2020-07-01T19:16:29 IST" name="tearDown" finished-at="2020-07-01T19:16:29 IST" duration-ms="59" status="PASS">
          <params>
            <param index="0">
              <value>
                <![CDATA[[TestResult name=enq_MyanmarNetAWaThone status=SUCCESS method=Execute_cases.enq_MyanmarNetAWaThone()[pri:44, instance:Execute.Execute_cases@3d680b5a] output={null}]]]>
              </value>
            </param>
          </params>
          <reporter-output>
          </reporter-output>
        </test-method> <!-- tearDown -->
        <test-method signature="confirm_TeleData()[pri:45, instance:Execute.Execute_cases@3d680b5a]" started-at="2020-07-01T19:16:29 IST" name="confirm_TeleData" finished-at="2020-07-01T19:16:30 IST" duration-ms="1142" status="FAIL">
          <exception class="java.lang.AssertionError">
            <message>
              <![CDATA[expected [000] but found [T03]]]>
            </message>
            <full-stacktrace>
              <![CDATA[java.lang.AssertionError: expected [000] but found [T03]
at org.testng.Assert.fail(Assert.java:97)
at org.testng.Assert.assertEqualsImpl(Assert.java:136)
at org.testng.Assert.assertEquals(Assert.java:118)
at org.testng.Assert.assertEquals(Assert.java:575)
at org.testng.Assert.assertEquals(Assert.java:585)
at Execute.Execute_cases.confirm_TeleData(Execute_cases.java:378)
at java.base/jdk.internal.reflect.NativeMethodAccessorImpl.invoke0(Native Method)
at java.base/jdk.internal.reflect.NativeMethodAccessorImpl.invoke(NativeMethodAccessorImpl.java:62)
at java.base/jdk.internal.reflect.DelegatingMethodAccessorImpl.invoke(DelegatingMethodAccessorImpl.java:43)
at java.base/java.lang.reflect.Method.invoke(Method.java:564)
at org.testng.internal.MethodInvocationHelper.invokeMethod(MethodInvocationHelper.java:135)
at org.testng.internal.TestInvoker.invokeMethod(TestInvoker.java:598)
at org.testng.internal.TestInvoker.invokeTestMethod(TestInvoker.java:174)
at org.testng.internal.MethodRunner.runInSequence(MethodRunner.java:46)
at org.testng.internal.TestInvoker$MethodInvocationAgent.invoke(TestInvoker.java:821)
at org.testng.internal.TestInvoker.invokeTestMethods(TestInvoker.java:147)
at org.testng.internal.TestMethodWorker.invokeTestMethods(TestMethodWorker.java:146)
at org.testng.internal.TestMethodWorker.run(TestMethodWorker.java:128)
at java.base/java.util.ArrayList.forEach(ArrayList.java:1510)
at org.testng.TestRunner.privateRun(TestRunner.java:767)
at org.testng.TestRunner.run(TestRunner.java:588)
at org.testng.SuiteRunner.runTest(SuiteRunner.java:384)
at org.testng.SuiteRunner.runSequentially(SuiteRunner.java:378)
at org.testng.SuiteRunner.privateRun(SuiteRunner.java:337)
at org.testng.SuiteRunner.run(SuiteRunner.java:286)
at org.testng.SuiteRunnerWorker.runSuite(SuiteRunnerWorker.java:53)
at org.testng.SuiteRunnerWorker.run(SuiteRunnerWorker.java:96)
at org.testng.TestNG.runSuitesSequentially(TestNG.java:1214)
at org.testng.TestNG.runSuitesLocally(TestNG.java:1136)
at org.testng.TestNG.runSuites(TestNG.java:1066)
at org.testng.TestNG.run(TestNG.java:1034)
at org.testng.remote.AbstractRemoteTestNG.run(AbstractRemoteTestNG.java:115)
at org.testng.remote.RemoteTestNG.initAndRun(RemoteTestNG.java:251)
at org.testng.remote.RemoteTestNG.main(RemoteTestNG.java:77)
]]>
            </full-stacktrace>
          </exception> <!-- java.lang.AssertionError -->
          <reporter-output>
          </reporter-output>
        </test-method> <!-- confirm_TeleData -->
        <test-method is-config="true" signature="tearDown(org.testng.ITestResult)[pri:0, instance:Execute.Execute_cases@3d680b5a]" started-at="2020-07-01T19:16:30 IST" name="tearDown" finished-at="2020-07-01T19:16:30 IST" duration-ms="77" status="PASS">
          <params>
            <param index="0">
              <value>
                <![CDATA[[TestResult name=confirm_TeleData status=FAILURE method=Execute_cases.confirm_TeleData()[pri:45, instance:Execute.Execute_cases@3d680b5a] output={null}]]]>
              </value>
            </param>
          </params>
          <reporter-output>
          </reporter-output>
        </test-method> <!-- tearDown -->
        <test-method signature="confirm_HiWiFi_mobile()[pri:46, instance:Execute.Execute_cases@3d680b5a]" started-at="2020-07-01T19:16:30 IST" name="confirm_HiWiFi_mobile" finished-at="2020-07-01T19:16:32 IST" duration-ms="1042" status="FAIL">
          <exception class="java.lang.AssertionError">
            <message>
              <![CDATA[expected [000] but found [T03]]]>
            </message>
            <full-stacktrace>
              <![CDATA[java.lang.AssertionError: expected [000] but found [T03]
at org.testng.Assert.fail(Assert.java:97)
at org.testng.Assert.assertEqualsImpl(Assert.java:136)
at org.testng.Assert.assertEquals(Assert.java:118)
at org.testng.Assert.assertEquals(Assert.java:575)
at org.testng.Assert.assertEquals(Assert.java:585)
at Execute.Execute_cases.confirm_HiWiFi_mobile(Execute_cases.java:385)
at java.base/jdk.internal.reflect.NativeMethodAccessorImpl.invoke0(Native Method)
at java.base/jdk.internal.reflect.NativeMethodAccessorImpl.invoke(NativeMethodAccessorImpl.java:62)
at java.base/jdk.internal.reflect.DelegatingMethodAccessorImpl.invoke(DelegatingMethodAccessorImpl.java:43)
at java.base/java.lang.reflect.Method.invoke(Method.java:564)
at org.testng.internal.MethodInvocationHelper.invokeMethod(MethodInvocationHelper.java:135)
at org.testng.internal.TestInvoker.invokeMethod(TestInvoker.java:598)
at org.testng.internal.TestInvoker.invokeTestMethod(TestInvoker.java:174)
at org.testng.internal.MethodRunner.runInSequence(MethodRunner.java:46)
at org.testng.internal.TestInvoker$MethodInvocationAgent.invoke(TestInvoker.java:821)
at org.testng.internal.TestInvoker.invokeTestMethods(TestInvoker.java:147)
at org.testng.internal.TestMethodWorker.invokeTestMethods(TestMethodWorker.java:146)
at org.testng.internal.TestMethodWorker.run(TestMethodWorker.java:128)
at java.base/java.util.ArrayList.forEach(ArrayList.java:1510)
at org.testng.TestRunner.privateRun(TestRunner.java:767)
at org.testng.TestRunner.run(TestRunner.java:588)
at org.testng.SuiteRunner.runTest(SuiteRunner.java:384)
at org.testng.SuiteRunner.runSequentially(SuiteRunner.java:378)
at org.testng.SuiteRunner.privateRun(SuiteRunner.java:337)
at org.testng.SuiteRunner.run(SuiteRunner.java:286)
at org.testng.SuiteRunnerWorker.runSuite(SuiteRunnerWorker.java:53)
at org.testng.SuiteRunnerWorker.run(SuiteRunnerWorker.java:96)
at org.testng.TestNG.runSuitesSequentially(TestNG.java:1214)
at org.testng.TestNG.runSuitesLocally(TestNG.java:1136)
at org.testng.TestNG.runSuites(TestNG.java:1066)
at org.testng.TestNG.run(TestNG.java:1034)
at org.testng.remote.AbstractRemoteTestNG.run(AbstractRemoteTestNG.java:115)
at org.testng.remote.RemoteTestNG.initAndRun(RemoteTestNG.java:251)
at org.testng.remote.RemoteTestNG.main(RemoteTestNG.java:77)
]]>
            </full-stacktrace>
          </exception> <!-- java.lang.AssertionError -->
          <reporter-output>
          </reporter-output>
        </test-method> <!-- confirm_HiWiFi_mobile -->
        <test-method is-config="true" signature="tearDown(org.testng.ITestResult)[pri:0, instance:Execute.Execute_cases@3d680b5a]" started-at="2020-07-01T19:16:32 IST" name="tearDown" finished-at="2020-07-01T19:16:32 IST" duration-ms="26" status="PASS">
          <params>
            <param index="0">
              <value>
                <![CDATA[[TestResult name=confirm_HiWiFi_mobile status=FAILURE method=Execute_cases.confirm_HiWiFi_mobile()[pri:46, instance:Execute.Execute_cases@3d680b5a] output={null}]]]>
              </value>
            </param>
          </params>
          <reporter-output>
          </reporter-output>
        </test-method> <!-- tearDown -->
        <test-method signature="confirm_MyanmarNetPrepaid()[pri:47, instance:Execute.Execute_cases@3d680b5a]" started-at="2020-07-01T19:16:32 IST" name="confirm_MyanmarNetPrepaid" finished-at="2020-07-01T19:16:33 IST" duration-ms="1170" status="FAIL">
          <exception class="java.lang.AssertionError">
            <message>
              <![CDATA[expected [000] but found [T03]]]>
            </message>
            <full-stacktrace>
              <![CDATA[java.lang.AssertionError: expected [000] but found [T03]
at org.testng.Assert.fail(Assert.java:97)
at org.testng.Assert.assertEqualsImpl(Assert.java:136)
at org.testng.Assert.assertEquals(Assert.java:118)
at org.testng.Assert.assertEquals(Assert.java:575)
at org.testng.Assert.assertEquals(Assert.java:585)
at Execute.Execute_cases.confirm_MyanmarNetPrepaid(Execute_cases.java:392)
at java.base/jdk.internal.reflect.NativeMethodAccessorImpl.invoke0(Native Method)
at java.base/jdk.internal.reflect.NativeMethodAccessorImpl.invoke(NativeMethodAccessorImpl.java:62)
at java.base/jdk.internal.reflect.DelegatingMethodAccessorImpl.invoke(DelegatingMethodAccessorImpl.java:43)
at java.base/java.lang.reflect.Method.invoke(Method.java:564)
at org.testng.internal.MethodInvocationHelper.invokeMethod(MethodInvocationHelper.java:135)
at org.testng.internal.TestInvoker.invokeMethod(TestInvoker.java:598)
at org.testng.internal.TestInvoker.invokeTestMethod(TestInvoker.java:174)
at org.testng.internal.MethodRunner.runInSequence(MethodRunner.java:46)
at org.testng.internal.TestInvoker$MethodInvocationAgent.invoke(TestInvoker.java:821)
at org.testng.internal.TestInvoker.invokeTestMethods(TestInvoker.java:147)
at org.testng.internal.TestMethodWorker.invokeTestMethods(TestMethodWorker.java:146)
at org.testng.internal.TestMethodWorker.run(TestMethodWorker.java:128)
at java.base/java.util.ArrayList.forEach(ArrayList.java:1510)
at org.testng.TestRunner.privateRun(TestRunner.java:767)
at org.testng.TestRunner.run(TestRunner.java:588)
at org.testng.SuiteRunner.runTest(SuiteRunner.java:384)
at org.testng.SuiteRunner.runSequentially(SuiteRunner.java:378)
at org.testng.SuiteRunner.privateRun(SuiteRunner.java:337)
at org.testng.SuiteRunner.run(SuiteRunner.java:286)
at org.testng.SuiteRunnerWorker.runSuite(SuiteRunnerWorker.java:53)
at org.testng.SuiteRunnerWorker.run(SuiteRunnerWorker.java:96)
at org.testng.TestNG.runSuitesSequentially(TestNG.java:1214)
at org.testng.TestNG.runSuitesLocally(TestNG.java:1136)
at org.testng.TestNG.runSuites(TestNG.java:1066)
at org.testng.TestNG.run(TestNG.java:1034)
at org.testng.remote.AbstractRemoteTestNG.run(AbstractRemoteTestNG.java:115)
at org.testng.remote.RemoteTestNG.initAndRun(RemoteTestNG.java:251)
at org.testng.remote.RemoteTestNG.main(RemoteTestNG.java:77)
]]>
            </full-stacktrace>
          </exception> <!-- java.lang.AssertionError -->
          <reporter-output>
          </reporter-output>
        </test-method> <!-- confirm_MyanmarNetPrepaid -->
        <test-method is-config="true" signature="tearDown(org.testng.ITestResult)[pri:0, instance:Execute.Execute_cases@3d680b5a]" started-at="2020-07-01T19:16:33 IST" name="tearDown" finished-at="2020-07-01T19:16:33 IST" duration-ms="33" status="PASS">
          <params>
            <param index="0">
              <value>
                <![CDATA[[TestResult name=confirm_MyanmarNetPrepaid status=FAILURE method=Execute_cases.confirm_MyanmarNetPrepaid()[pri:47, instance:Execute.Execute_cases@3d680b5a] output={null}]]]>
              </value>
            </param>
          </params>
          <reporter-output>
          </reporter-output>
        </test-method> <!-- tearDown -->
        <test-method signature="confirm_Telenor_Fiber()[pri:48, instance:Execute.Execute_cases@3d680b5a]" started-at="2020-07-01T19:16:33 IST" name="confirm_Telenor_Fiber" finished-at="2020-07-01T19:16:34 IST" duration-ms="875" status="FAIL">
          <exception class="java.lang.AssertionError">
            <message>
              <![CDATA[expected [000] but found [T03]]]>
            </message>
            <full-stacktrace>
              <![CDATA[java.lang.AssertionError: expected [000] but found [T03]
at org.testng.Assert.fail(Assert.java:97)
at org.testng.Assert.assertEqualsImpl(Assert.java:136)
at org.testng.Assert.assertEquals(Assert.java:118)
at org.testng.Assert.assertEquals(Assert.java:575)
at org.testng.Assert.assertEquals(Assert.java:585)
at Execute.Execute_cases.confirm_Telenor_Fiber(Execute_cases.java:399)
at java.base/jdk.internal.reflect.NativeMethodAccessorImpl.invoke0(Native Method)
at java.base/jdk.internal.reflect.NativeMethodAccessorImpl.invoke(NativeMethodAccessorImpl.java:62)
at java.base/jdk.internal.reflect.DelegatingMethodAccessorImpl.invoke(DelegatingMethodAccessorImpl.java:43)
at java.base/java.lang.reflect.Method.invoke(Method.java:564)
at org.testng.internal.MethodInvocationHelper.invokeMethod(MethodInvocationHelper.java:135)
at org.testng.internal.TestInvoker.invokeMethod(TestInvoker.java:598)
at org.testng.internal.TestInvoker.invokeTestMethod(TestInvoker.java:174)
at org.testng.internal.MethodRunner.runInSequence(MethodRunner.java:46)
at org.testng.internal.TestInvoker$MethodInvocationAgent.invoke(TestInvoker.java:821)
at org.testng.internal.TestInvoker.invokeTestMethods(TestInvoker.java:147)
at org.testng.internal.TestMethodWorker.invokeTestMethods(TestMethodWorker.java:146)
at org.testng.internal.TestMethodWorker.run(TestMethodWorker.java:128)
at java.base/java.util.ArrayList.forEach(ArrayList.java:1510)
at org.testng.TestRunner.privateRun(TestRunner.java:767)
at org.testng.TestRunner.run(TestRunner.java:588)
at org.testng.SuiteRunner.runTest(SuiteRunner.java:384)
at org.testng.SuiteRunner.runSequentially(SuiteRunner.java:378)
at org.testng.SuiteRunner.privateRun(SuiteRunner.java:337)
at org.testng.SuiteRunner.run(SuiteRunner.java:286)
at org.testng.SuiteRunnerWorker.runSuite(SuiteRunnerWorker.java:53)
at org.testng.SuiteRunnerWorker.run(SuiteRunnerWorker.java:96)
at org.testng.TestNG.runSuitesSequentially(TestNG.java:1214)
at org.testng.TestNG.runSuitesLocally(TestNG.java:1136)
at org.testng.TestNG.runSuites(TestNG.java:1066)
at org.testng.TestNG.run(TestNG.java:1034)
at org.testng.remote.AbstractRemoteTestNG.run(AbstractRemoteTestNG.java:115)
at org.testng.remote.RemoteTestNG.initAndRun(RemoteTestNG.java:251)
at org.testng.remote.RemoteTestNG.main(RemoteTestNG.java:77)
]]>
            </full-stacktrace>
          </exception> <!-- java.lang.AssertionError -->
          <reporter-output>
          </reporter-output>
        </test-method> <!-- confirm_Telenor_Fiber -->
        <test-method is-config="true" signature="tearDown(org.testng.ITestResult)[pri:0, instance:Execute.Execute_cases@3d680b5a]" started-at="2020-07-01T19:16:34 IST" name="tearDown" finished-at="2020-07-01T19:16:34 IST" duration-ms="31" status="PASS">
          <params>
            <param index="0">
              <value>
                <![CDATA[[TestResult name=confirm_Telenor_Fiber status=FAILURE method=Execute_cases.confirm_Telenor_Fiber()[pri:48, instance:Execute.Execute_cases@3d680b5a] output={null}]]]>
              </value>
            </param>
          </params>
          <reporter-output>
          </reporter-output>
        </test-method> <!-- tearDown -->
        <test-method signature="confirm_Telenor_Wireless()[pri:49, instance:Execute.Execute_cases@3d680b5a]" started-at="2020-07-01T19:16:34 IST" name="confirm_Telenor_Wireless" finished-at="2020-07-01T19:16:35 IST" duration-ms="1023" status="FAIL">
          <exception class="java.lang.AssertionError">
            <message>
              <![CDATA[expected [000] but found [T03]]]>
            </message>
            <full-stacktrace>
              <![CDATA[java.lang.AssertionError: expected [000] but found [T03]
at org.testng.Assert.fail(Assert.java:97)
at org.testng.Assert.assertEqualsImpl(Assert.java:136)
at org.testng.Assert.assertEquals(Assert.java:118)
at org.testng.Assert.assertEquals(Assert.java:575)
at org.testng.Assert.assertEquals(Assert.java:585)
at Execute.Execute_cases.confirm_Telenor_Wireless(Execute_cases.java:406)
at java.base/jdk.internal.reflect.NativeMethodAccessorImpl.invoke0(Native Method)
at java.base/jdk.internal.reflect.NativeMethodAccessorImpl.invoke(NativeMethodAccessorImpl.java:62)
at java.base/jdk.internal.reflect.DelegatingMethodAccessorImpl.invoke(DelegatingMethodAccessorImpl.java:43)
at java.base/java.lang.reflect.Method.invoke(Method.java:564)
at org.testng.internal.MethodInvocationHelper.invokeMethod(MethodInvocationHelper.java:135)
at org.testng.internal.TestInvoker.invokeMethod(TestInvoker.java:598)
at org.testng.internal.TestInvoker.invokeTestMethod(TestInvoker.java:174)
at org.testng.internal.MethodRunner.runInSequence(MethodRunner.java:46)
at org.testng.internal.TestInvoker$MethodInvocationAgent.invoke(TestInvoker.java:821)
at org.testng.internal.TestInvoker.invokeTestMethods(TestInvoker.java:147)
at org.testng.internal.TestMethodWorker.invokeTestMethods(TestMethodWorker.java:146)
at org.testng.internal.TestMethodWorker.run(TestMethodWorker.java:128)
at java.base/java.util.ArrayList.forEach(ArrayList.java:1510)
at org.testng.TestRunner.privateRun(TestRunner.java:767)
at org.testng.TestRunner.run(TestRunner.java:588)
at org.testng.SuiteRunner.runTest(SuiteRunner.java:384)
at org.testng.SuiteRunner.runSequentially(SuiteRunner.java:378)
at org.testng.SuiteRunner.privateRun(SuiteRunner.java:337)
at org.testng.SuiteRunner.run(SuiteRunner.java:286)
at org.testng.SuiteRunnerWorker.runSuite(SuiteRunnerWorker.java:53)
at org.testng.SuiteRunnerWorker.run(SuiteRunnerWorker.java:96)
at org.testng.TestNG.runSuitesSequentially(TestNG.java:1214)
at org.testng.TestNG.runSuitesLocally(TestNG.java:1136)
at org.testng.TestNG.runSuites(TestNG.java:1066)
at org.testng.TestNG.run(TestNG.java:1034)
at org.testng.remote.AbstractRemoteTestNG.run(AbstractRemoteTestNG.java:115)
at org.testng.remote.RemoteTestNG.initAndRun(RemoteTestNG.java:251)
at org.testng.remote.RemoteTestNG.main(RemoteTestNG.java:77)
]]>
            </full-stacktrace>
          </exception> <!-- java.lang.AssertionError -->
          <reporter-output>
          </reporter-output>
        </test-method> <!-- confirm_Telenor_Wireless -->
        <test-method is-config="true" signature="tearDown(org.testng.ITestResult)[pri:0, instance:Execute.Execute_cases@3d680b5a]" started-at="2020-07-01T19:16:35 IST" name="tearDown" finished-at="2020-07-01T19:16:35 IST" duration-ms="54" status="PASS">
          <params>
            <param index="0">
              <value>
                <![CDATA[[TestResult name=confirm_Telenor_Wireless status=FAILURE method=Execute_cases.confirm_Telenor_Wireless()[pri:49, instance:Execute.Execute_cases@3d680b5a] output={null}]]]>
              </value>
            </param>
          </params>
          <reporter-output>
          </reporter-output>
        </test-method> <!-- tearDown -->
        <test-method signature="confirm_MyanmarNetAWaThone()[pri:50, instance:Execute.Execute_cases@3d680b5a]" started-at="2020-07-01T19:16:35 IST" name="confirm_MyanmarNetAWaThone" finished-at="2020-07-01T19:16:36 IST" duration-ms="1086" status="FAIL">
          <exception class="java.lang.AssertionError">
            <message>
              <![CDATA[expected [000] but found [T03]]]>
            </message>
            <full-stacktrace>
              <![CDATA[java.lang.AssertionError: expected [000] but found [T03]
at org.testng.Assert.fail(Assert.java:97)
at org.testng.Assert.assertEqualsImpl(Assert.java:136)
at org.testng.Assert.assertEquals(Assert.java:118)
at org.testng.Assert.assertEquals(Assert.java:575)
at org.testng.Assert.assertEquals(Assert.java:585)
at Execute.Execute_cases.confirm_MyanmarNetAWaThone(Execute_cases.java:413)
at java.base/jdk.internal.reflect.NativeMethodAccessorImpl.invoke0(Native Method)
at java.base/jdk.internal.reflect.NativeMethodAccessorImpl.invoke(NativeMethodAccessorImpl.java:62)
at java.base/jdk.internal.reflect.DelegatingMethodAccessorImpl.invoke(DelegatingMethodAccessorImpl.java:43)
at java.base/java.lang.reflect.Method.invoke(Method.java:564)
at org.testng.internal.MethodInvocationHelper.invokeMethod(MethodInvocationHelper.java:135)
at org.testng.internal.TestInvoker.invokeMethod(TestInvoker.java:598)
at org.testng.internal.TestInvoker.invokeTestMethod(TestInvoker.java:174)
at org.testng.internal.MethodRunner.runInSequence(MethodRunner.java:46)
at org.testng.internal.TestInvoker$MethodInvocationAgent.invoke(TestInvoker.java:821)
at org.testng.internal.TestInvoker.invokeTestMethods(TestInvoker.java:147)
at org.testng.internal.TestMethodWorker.invokeTestMethods(TestMethodWorker.java:146)
at org.testng.internal.TestMethodWorker.run(TestMethodWorker.java:128)
at java.base/java.util.ArrayList.forEach(ArrayList.java:1510)
at org.testng.TestRunner.privateRun(TestRunner.java:767)
at org.testng.TestRunner.run(TestRunner.java:588)
at org.testng.SuiteRunner.runTest(SuiteRunner.java:384)
at org.testng.SuiteRunner.runSequentially(SuiteRunner.java:378)
at org.testng.SuiteRunner.privateRun(SuiteRunner.java:337)
at org.testng.SuiteRunner.run(SuiteRunner.java:286)
at org.testng.SuiteRunnerWorker.runSuite(SuiteRunnerWorker.java:53)
at org.testng.SuiteRunnerWorker.run(SuiteRunnerWorker.java:96)
at org.testng.TestNG.runSuitesSequentially(TestNG.java:1214)
at org.testng.TestNG.runSuitesLocally(TestNG.java:1136)
at org.testng.TestNG.runSuites(TestNG.java:1066)
at org.testng.TestNG.run(TestNG.java:1034)
at org.testng.remote.AbstractRemoteTestNG.run(AbstractRemoteTestNG.java:115)
at org.testng.remote.RemoteTestNG.initAndRun(RemoteTestNG.java:251)
at org.testng.remote.RemoteTestNG.main(RemoteTestNG.java:77)
]]>
            </full-stacktrace>
          </exception> <!-- java.lang.AssertionError -->
          <reporter-output>
          </reporter-output>
        </test-method> <!-- confirm_MyanmarNetAWaThone -->
        <test-method is-config="true" signature="tearDown(org.testng.ITestResult)[pri:0, instance:Execute.Execute_cases@3d680b5a]" started-at="2020-07-01T19:16:36 IST" name="tearDown" finished-at="2020-07-01T19:16:36 IST" duration-ms="36" status="PASS">
          <params>
            <param index="0">
              <value>
                <![CDATA[[TestResult name=confirm_MyanmarNetAWaThone status=FAILURE method=Execute_cases.confirm_MyanmarNetAWaThone()[pri:50, instance:Execute.Execute_cases@3d680b5a] output={null}]]]>
              </value>
            </param>
          </params>
          <reporter-output>
          </reporter-output>
        </test-method> <!-- tearDown -->
        <test-method signature="movies_enq_CanalPlus()[pri:51, instance:Execute.Execute_cases@3d680b5a]" started-at="2020-07-01T19:16:36 IST" name="movies_enq_CanalPlus" finished-at="2020-07-01T19:16:36 IST" duration-ms="414" status="PASS">
          <reporter-output>
          </reporter-output>
        </test-method> <!-- movies_enq_CanalPlus -->
        <test-method is-config="true" signature="tearDown(org.testng.ITestResult)[pri:0, instance:Execute.Execute_cases@3d680b5a]" started-at="2020-07-01T19:16:36 IST" name="tearDown" finished-at="2020-07-01T19:16:36 IST" duration-ms="31" status="PASS">
          <params>
            <param index="0">
              <value>
                <![CDATA[[TestResult name=movies_enq_CanalPlus status=SUCCESS method=Execute_cases.movies_enq_CanalPlus()[pri:51, instance:Execute.Execute_cases@3d680b5a] output={null}]]]>
              </value>
            </param>
          </params>
          <reporter-output>
          </reporter-output>
        </test-method> <!-- tearDown -->
        <test-method signature="movies_Confirm_CanalPlus()[pri:52, instance:Execute.Execute_cases@3d680b5a]" started-at="2020-07-01T19:16:36 IST" name="movies_Confirm_CanalPlus" finished-at="2020-07-01T19:16:37 IST" duration-ms="1026" status="FAIL">
          <exception class="java.lang.AssertionError">
            <message>
              <![CDATA[expected [000] but found [T03]]]>
            </message>
            <full-stacktrace>
              <![CDATA[java.lang.AssertionError: expected [000] but found [T03]
at org.testng.Assert.fail(Assert.java:97)
at org.testng.Assert.assertEqualsImpl(Assert.java:136)
at org.testng.Assert.assertEquals(Assert.java:118)
at org.testng.Assert.assertEquals(Assert.java:575)
at org.testng.Assert.assertEquals(Assert.java:585)
at Execute.Execute_cases.movies_Confirm_CanalPlus(Execute_cases.java:427)
at java.base/jdk.internal.reflect.NativeMethodAccessorImpl.invoke0(Native Method)
at java.base/jdk.internal.reflect.NativeMethodAccessorImpl.invoke(NativeMethodAccessorImpl.java:62)
at java.base/jdk.internal.reflect.DelegatingMethodAccessorImpl.invoke(DelegatingMethodAccessorImpl.java:43)
at java.base/java.lang.reflect.Method.invoke(Method.java:564)
at org.testng.internal.MethodInvocationHelper.invokeMethod(MethodInvocationHelper.java:135)
at org.testng.internal.TestInvoker.invokeMethod(TestInvoker.java:598)
at org.testng.internal.TestInvoker.invokeTestMethod(TestInvoker.java:174)
at org.testng.internal.MethodRunner.runInSequence(MethodRunner.java:46)
at org.testng.internal.TestInvoker$MethodInvocationAgent.invoke(TestInvoker.java:821)
at org.testng.internal.TestInvoker.invokeTestMethods(TestInvoker.java:147)
at org.testng.internal.TestMethodWorker.invokeTestMethods(TestMethodWorker.java:146)
[...]
at org.testng.internal.TestMethodWorker.invokeTestMethods(TestMethodWorker.java:146)
at org.testng.internal.TestMethodWorker.run(TestMethodWorker.java:128)
at java.base/java.util.ArrayList.forEach(ArrayList.java:1510)
at org.testng.TestRunner.privateRun(TestRunner.java:767)
at org.testng.TestRunner.run(TestRunner.java:588)
at org.testng.SuiteRunner.runTest(SuiteRunner.java:384)
at org.testng.SuiteRunner.runSequentially(SuiteRunner.java:378)
at org.testng.SuiteRunner.privateRun(SuiteRunner.java:337)
at org.testng.SuiteRunner.run(SuiteRunner.java:286)
at org.testng.SuiteRunnerWorker.runSuite(SuiteRunnerWorker.java:53)
at org.testng.SuiteRunnerWorker.run(SuiteRunnerWorker.java:96)
at org.testng.TestNG.runSuitesSequentially(TestNG.java:1214)
at org.testng.TestNG.runSuitesLocally(TestNG.java:1136)
at org.testng.TestNG.runSuites(TestNG.java:1066)
at org.testng.TestNG.run(TestNG.java:1034)
at org.testng.remote.AbstractRemoteTestNG.run(AbstractRemoteTestNG.java:115)
at org.testng.remote.RemoteTestNG.initAndRun(RemoteTestNG.java:251)
at org.testng.remote.RemoteTestNG.main(RemoteTestNG.java:77)
]]>
            </full-stacktrace>
          </exception> <!-- java.lang.AssertionError -->
          <reporter-output>
          </reporter-output>
        </test-method> <!-- eLoad_Confirm_MyTelDataPack -->
        <test-method is-config="true" signature="tearDown(org.testng.ITestResult)[pri:0, instance:Execute.Execute_cases@3d680b5a]" started-at="2020-07-01T19:16:49 IST" name="tearDown" finished-at="2020-07-01T19:16:49 IST" duration-ms="43" status="PASS">
          <params>
            <param index="0">
              <value>
                <![CDATA[[TestResult name=eLoad_Confirm_MyTelDataPack status=FAILURE method=Execute_cases.eLoad_Confirm_MyTelDataPack()[pri:70, instance:Execute.Execute_cases@3d680b5a] output={null}]]]>
              </value>
            </param>
          </params>
          <reporter-output>
          </reporter-output>
        </test-method> <!-- tearDown -->
        <test-method signature="enq_gifts_SWSGD()[pri:71, instance:Execute.Execute_cases@3d680b5a]" started-at="2020-07-01T19:16:49 IST" name="enq_gifts_SWSGD" finished-at="2020-07-01T19:16:50 IST" duration-ms="390" status="PASS">
          <reporter-output>
          </reporter-output>
        </test-method> <!-- enq_gifts_SWSGD -->
        <test-method is-config="true" signature="tearDown(org.testng.ITestResult)[pri:0, instance:Execute.Execute_cases@3d680b5a]" started-at="2020-07-01T19:16:50 IST" name="tearDown" finished-at="2020-07-01T19:16:50 IST" duration-ms="34" status="PASS">
          <params>
            <param index="0">
              <value>
                <![CDATA[[TestResult name=enq_gifts_SWSGD status=SUCCESS method=Execute_cases.enq_gifts_SWSGD()[pri:71, instance:Execute.Execute_cases@3d680b5a] output={null}]]]>
              </value>
            </param>
          </params>
          <reporter-output>
          </reporter-output>
        </test-method> <!-- tearDown -->
        <test-method signature="confirm_gifts_SWSGD()[pri:72, instance:Execute.Execute_cases@3d680b5a]" started-at="2020-07-01T19:16:50 IST" name="confirm_gifts_SWSGD" finished-at="2020-07-01T19:16:51 IST" duration-ms="934" status="FAIL">
          <exception class="java.lang.AssertionError">
            <message>
              <![CDATA[expected [000] but found [T03]]]>
            </message>
            <full-stacktrace>
              <![CDATA[java.lang.AssertionError: expected [000] but found [T03]
at org.testng.Assert.fail(Assert.java:97)
at org.testng.Assert.assertEqualsImpl(Assert.java:136)
at org.testng.Assert.assertEquals(Assert.java:118)
at org.testng.Assert.assertEquals(Assert.java:575)
at org.testng.Assert.assertEquals(Assert.java:585)
at Execute.Execute_cases.confirm_gifts_SWSGD(Execute_cases.java:567)
at java.base/jdk.internal.reflect.NativeMethodAccessorImpl.invoke0(Native Method)
at java.base/jdk.internal.reflect.NativeMethodAccessorImpl.invoke(NativeMethodAccessorImpl.java:62)
at java.base/jdk.internal.reflect.DelegatingMethodAccessorImpl.invoke(DelegatingMethodAccessorImpl.java:43)
at java.base/java.lang.reflect.Method.invoke(Method.java:564)
at org.testng.internal.MethodInvocationHelper.invokeMethod(MethodInvocationHelper.java:135)
at org.testng.internal.TestInvoker.invokeMethod(TestInvoker.java:598)
at org.testng.internal.TestInvoker.invokeTestMethod(TestInvoker.java:174)
at org.testng.internal.MethodRunner.runInSequence(MethodRunner.java:46)
at org.testng.internal.TestInvoker$MethodInvocationAgent.invoke(TestInvoker.java:821)
at org.testng.internal.TestInvoker.invokeTestMethods(TestInvoker.java:147)
at org.testng.internal.TestMethodWorker.invokeTestMethods(TestMethodWorker.java:146)
at org.testng.internal.TestMethodWorker.run(TestMethodWorker.java:128)
at java.base/java.util.ArrayList.forEach(ArrayList.java:1510)
at org.testng.TestRunner.privateRun(TestRunner.java:767)
at org.testng.TestRunner.run(TestRunner.java:588)
at org.testng.SuiteRunner.runTest(SuiteRunner.java:384)
at org.testng.SuiteRunner.runSequentially(SuiteRunner.java:378)
at org.testng.SuiteRunner.privateRun(SuiteRunner.java:337)
at org.testng.SuiteRunner.run(SuiteRunner.java:286)
at org.testng.SuiteRunnerWorker.runSuite(SuiteRunnerWorker.java:53)
at org.testng.SuiteRunnerWorker.run(SuiteRunnerWorker.java:96)
at org.testng.TestNG.runSuitesSequentially(TestNG.java:1214)
at org.testng.TestNG.runSuitesLocally(TestNG.java:1136)
at org.testng.TestNG.runSuites(TestNG.java:1066)
at org.testng.TestNG.run(TestNG.java:1034)
at org.testng.remote.AbstractRemoteTestNG.run(AbstractRemoteTestNG.java:115)
at org.testng.remote.RemoteTestNG.initAndRun(RemoteTestNG.java:251)
at org.testng.remote.RemoteTestNG.main(RemoteTestNG.java:77)
]]>
            </full-stacktrace>
          </exception> <!-- java.lang.AssertionError -->
          <reporter-output>
          </reporter-output>
        </test-method> <!-- confirm_gifts_SWSGD -->
        <test-method is-config="true" signature="tearDown(org.testng.ITestResult)[pri:0, instance:Execute.Execute_cases@3d680b5a]" started-at="2020-07-01T19:16:51 IST" name="tearDown" finished-at="2020-07-01T19:16:51 IST" duration-ms="47" status="PASS">
          <params>
            <param index="0">
              <value>
                <![CDATA[[TestResult name=confirm_gifts_SWSGD status=FAILURE method=Execute_cases.confirm_gifts_SWSGD()[pri:72, instance:Execute.Execute_cases@3d680b5a] output={null}]]]>
              </value>
            </param>
          </params>
          <reporter-output>
          </reporter-output>
        </test-method> <!-- tearDown -->
        <test-method signature="enq_gifts_iTunes()[pri:73, instance:Execute.Execute_cases@3d680b5a]" started-at="2020-07-01T19:16:51 IST" name="enq_gifts_iTunes" finished-at="2020-07-01T19:16:56 IST" duration-ms="5043" status="PASS">
          <reporter-output>
          </reporter-output>
        </test-method> <!-- enq_gifts_iTunes -->
        <test-method is-config="true" signature="tearDown(org.testng.ITestResult)[pri:0, instance:Execute.Execute_cases@3d680b5a]" started-at="2020-07-01T19:16:56 IST" name="tearDown" finished-at="2020-07-01T19:16:56 IST" duration-ms="43" status="PASS">
          <params>
            <param index="0">
              <value>
                <![CDATA[[TestResult name=enq_gifts_iTunes status=SUCCESS method=Execute_cases.enq_gifts_iTunes()[pri:73, instance:Execute.Execute_cases@3d680b5a] output={null}]]]>
              </value>
            </param>
          </params>
          <reporter-output>
          </reporter-output>
        </test-method> <!-- tearDown -->
        <test-method signature="confirm_gifts_iTunes()[pri:74, instance:Execute.Execute_cases@3d680b5a]" started-at="2020-07-01T19:16:56 IST" name="confirm_gifts_iTunes" finished-at="2020-07-01T19:16:57 IST" duration-ms="859" status="FAIL">
          <exception class="java.lang.AssertionError">
            <message>
              <![CDATA[expected [000] but found [T03]]]>
            </message>
            <full-stacktrace>
              <![CDATA[java.lang.AssertionError: expected [000] but found [T03]
at org.testng.Assert.fail(Assert.java:97)
at org.testng.Assert.assertEqualsImpl(Assert.java:136)
at org.testng.Assert.assertEquals(Assert.java:118)
at org.testng.Assert.assertEquals(Assert.java:575)
at org.testng.Assert.assertEquals(Assert.java:585)
at Execute.Execute_cases.confirm_gifts_iTunes(Execute_cases.java:581)
at java.base/jdk.internal.reflect.NativeMethodAccessorImpl.invoke0(Native Method)
at java.base/jdk.internal.reflect.NativeMethodAccessorImpl.invoke(NativeMethodAccessorImpl.java:62)
at java.base/jdk.internal.reflect.DelegatingMethodAccessorImpl.invoke(DelegatingMethodAccessorImpl.java:43)
at java.base/java.lang.reflect.Method.invoke(Method.java:564)
at org.testng.internal.MethodInvocationHelper.invokeMethod(MethodInvocationHelper.java:135)
at org.testng.internal.TestInvoker.invokeMethod(TestInvoker.java:598)
at org.testng.internal.TestInvoker.invokeTestMethod(TestInvoker.java:174)
at org.testng.internal.MethodRunner.runInSequence(MethodRunner.java:46)
at org.testng.internal.TestInvoker$MethodInvocationAgent.invoke(TestInvoker.java:821)
at org.testng.internal.TestInvoker.invokeTestMethods(TestInvoker.java:147)
at org.testng.internal.TestMethodWorker.invokeTestMethods(TestMethodWorker.java:146)
at org.testng.internal.TestMethodWorker.run(TestMethodWorker.java:128)
at java.base/java.util.ArrayList.forEach(ArrayList.java:1510)
at org.testng.TestRunner.privateRun(TestRunner.java:767)
at org.testng.TestRunner.run(TestRunner.java:588)
at org.testng.SuiteRunner.runTest(SuiteRunner.java:384)
at org.testng.SuiteRunner.runSequentially(SuiteRunner.java:378)
at org.testng.SuiteRunner.privateRun(SuiteRunner.java:337)
at org.testng.SuiteRunner.run(SuiteRunner.java:286)
at org.testng.SuiteRunnerWorker.runSuite(SuiteRunnerWorker.java:53)
at org.testng.SuiteRunnerWorker.run(SuiteRunnerWorker.java:96)
at org.testng.TestNG.runSuitesSequentially(TestNG.java:1214)
at org.testng.TestNG.runSuitesLocally(TestNG.java:1136)
at org.testng.TestNG.runSuites(TestNG.java:1066)
at org.testng.TestNG.run(TestNG.java:1034)
at org.testng.remote.AbstractRemoteTestNG.run(AbstractRemoteTestNG.java:115)
at org.testng.remote.RemoteTestNG.initAndRun(RemoteTestNG.java:251)
at org.testng.remote.RemoteTestNG.main(RemoteTestNG.java:77)
]]>
            </full-stacktrace>
          </exception> <!-- java.lang.AssertionError -->
          <reporter-output>
          </reporter-output>
        </test-method> <!-- confirm_gifts_iTunes -->
        <test-method is-config="true" signature="tearDown(org.testng.ITestResult)[pri:0, instance:Execute.Execute_cases@3d680b5a]" started-at="2020-07-01T19:16:57 IST" name="tearDown" finished-at="2020-07-01T19:16:57 IST" duration-ms="28" status="PASS">
          <params>
            <param index="0">
              <value>
                <![CDATA[[TestResult name=confirm_gifts_iTunes status=FAILURE method=Execute_cases.confirm_gifts_iTunes()[pri:74, instance:Execute.Execute_cases@3d680b5a] output={null}]]]>
              </value>
            </param>
          </params>
          <reporter-output>
          </reporter-output>
        </test-method> <!-- tearDown -->
        <test-method signature="enq_gifts_viberOut()[pri:75, instance:Execute.Execute_cases@3d680b5a]" started-at="2020-07-01T19:16:57 IST" name="enq_gifts_viberOut" finished-at="2020-07-01T19:16:57 IST" duration-ms="380" status="PASS">
          <reporter-output>
          </reporter-output>
        </test-method> <!-- enq_gifts_viberOut -->
        <test-method is-config="true" signature="tearDown(org.testng.ITestResult)[pri:0, instance:Execute.Execute_cases@3d680b5a]" started-at="2020-07-01T19:16:57 IST" name="tearDown" finished-at="2020-07-01T19:16:57 IST" duration-ms="37" status="PASS">
          <params>
            <param index="0">
              <value>
                <![CDATA[[TestResult name=enq_gifts_viberOut status=SUCCESS method=Execute_cases.enq_gifts_viberOut()[pri:75, instance:Execute.Execute_cases@3d680b5a] output={null}]]]>
              </value>
            </param>
          </params>
          <reporter-output>
          </reporter-output>
        </test-method> <!-- tearDown -->
        <test-method signature="confirm_gifts_viberOut()[pri:76, instance:Execute.Execute_cases@3d680b5a]" started-at="2020-07-01T19:16:57 IST" name="confirm_gifts_viberOut" finished-at="2020-07-01T19:16:58 IST" duration-ms="774" status="FAIL">
          <exception class="java.lang.AssertionError">
            <message>
              <![CDATA[expected [000] but found [T03]]]>
            </message>
            <full-stacktrace>
              <![CDATA[java.lang.AssertionError: expected [000] but found [T03]
at org.testng.Assert.fail(Assert.java:97)
at org.testng.Assert.assertEqualsImpl(Assert.java:136)
at org.testng.Assert.assertEquals(Assert.java:118)
at org.testng.Assert.assertEquals(Assert.java:575)
at org.testng.Assert.assertEquals(Assert.java:585)
at Execute.Execute_cases.confirm_gifts_viberOut(Execute_cases.java:595)
at java.base/jdk.internal.reflect.NativeMethodAccessorImpl.invoke0(Native Method)
at java.base/jdk.internal.reflect.NativeMethodAccessorImpl.invoke(NativeMethodAccessorImpl.java:62)
at java.base/jdk.internal.reflect.DelegatingMethodAccessorImpl.invoke(DelegatingMethodAccessorImpl.java:43)
at java.base/java.lang.reflect.Method.invoke(Method.java:564)
at org.testng.internal.MethodInvocationHelper.invokeMethod(MethodInvocationHelper.java:135)
at org.testng.internal.TestInvoker.invokeMethod(TestInvoker.java:598)
at org.testng.internal.TestInvoker.invokeTestMethod(TestInvoker.java:174)
at org.testng.internal.MethodRunner.runInSequence(MethodRunner.java:46)
at org.testng.internal.TestInvoker$MethodInvocationAgent.invoke(TestInvoker.java:821)
at org.testng.internal.TestInvoker.invokeTestMethods(TestInvoker.java:147)
at org.testng.internal.TestMethodWorker.invokeTestMethods(TestMethodWorker.java:146)
at org.testng.internal.TestMethodWorker.run(TestMethodWorker.java:128)
at java.base/java.util.ArrayList.forEach(ArrayList.java:1510)
at org.testng.TestRunner.privateRun(TestRunner.java:767)
at org.testng.TestRunner.run(TestRunner.java:588)
at org.testng.SuiteRunner.runTest(SuiteRunner.java:384)
at org.testng.SuiteRunner.runSequentially(SuiteRunner.java:378)
at org.testng.SuiteRunner.privateRun(SuiteRunner.java:337)
at org.testng.SuiteRunner.run(SuiteRunner.java:286)
at org.testng.SuiteRunnerWorker.runSuite(SuiteRunnerWorker.java:53)
at org.testng.SuiteRunnerWorker.run(SuiteRunnerWorker.java:96)
at org.testng.TestNG.runSuitesSequentially(TestNG.java:1214)
at org.testng.TestNG.runSuitesLocally(TestNG.java:1136)
at org.testng.TestNG.runSuites(TestNG.java:1066)
at org.testng.TestNG.run(TestNG.java:1034)
at org.testng.remote.AbstractRemoteTestNG.run(AbstractRemoteTestNG.java:115)
at org.testng.remote.RemoteTestNG.initAndRun(RemoteTestNG.java:251)
at org.testng.remote.RemoteTestNG.main(RemoteTestNG.java:77)
]]>
            </full-stacktrace>
          </exception> <!-- java.lang.AssertionError -->
          <reporter-output>
          </reporter-output>
        </test-method> <!-- confirm_gifts_viberOut -->
        <test-method is-config="true" signature="tearDown(org.testng.ITestResult)[pri:0, instance:Execute.Execute_cases@3d680b5a]" started-at="2020-07-01T19:16:58 IST" name="tearDown" finished-at="2020-07-01T19:16:58 IST" duration-ms="25" status="PASS">
          <params>
            <param index="0">
              <value>
                <![CDATA[[TestResult name=confirm_gifts_viberOut status=FAILURE method=Execute_cases.confirm_gifts_viberOut()[pri:76, instance:Execute.Execute_cases@3d680b5a] output={null}]]]>
              </value>
            </param>
          </params>
          <reporter-output>
          </reporter-output>
        </test-method> <!-- tearDown -->
        <test-method signature="reload_1234()[pri:77, instance:Execute.Execute_cases@3d680b5a]" started-at="2020-07-01T19:16:58 IST" name="reload_1234" finished-at="2020-07-01T19:16:58 IST" duration-ms="1" status="PASS">
          <reporter-output>
          </reporter-output>
        </test-method> <!-- reload_1234 -->
        <test-method is-config="true" signature="tearDown(org.testng.ITestResult)[pri:0, instance:Execute.Execute_cases@3d680b5a]" started-at="2020-07-01T19:16:58 IST" name="tearDown" finished-at="2020-07-01T19:16:58 IST" duration-ms="31" status="PASS">
          <params>
            <param index="0">
              <value>
                <![CDATA[[TestResult name=reload_1234 status=SUCCESS method=Execute_cases.reload_1234()[pri:77, instance:Execute.Execute_cases@3d680b5a] output={null}]]]>
              </value>
            </param>
          </params>
          <reporter-output>
          </reporter-output>
        </test-method> <!-- tearDown -->
        <test-method signature="create_RTP()[pri:78, instance:Execute.Execute_cases@3d680b5a]" started-at="2020-07-01T19:16:58 IST" name="create_RTP" finished-at="2020-07-01T19:16:58 IST" duration-ms="378" status="PASS">
          <reporter-output>
          </reporter-output>
        </test-method> <!-- create_RTP -->
        <test-method is-config="true" signature="tearDown(org.testng.ITestResult)[pri:0, instance:Execute.Execute_cases@3d680b5a]" started-at="2020-07-01T19:16:58 IST" name="tearDown" finished-at="2020-07-01T19:16:58 IST" duration-ms="34" status="PASS">
          <params>
            <param index="0">
              <value>
                <![CDATA[[TestResult name=create_RTP status=SUCCESS method=Execute_cases.create_RTP()[pri:78, instance:Execute.Execute_cases@3d680b5a] output={null}]]]>
              </value>
            </param>
          </params>
          <reporter-output>
          </reporter-output>
        </test-method> <!-- tearDown -->
        <test-method signature="pay_RTP()[pri:79, instance:Execute.Execute_cases@3d680b5a]" started-at="2020-07-01T19:16:58 IST" name="pay_RTP" finished-at="2020-07-01T19:16:59 IST" duration-ms="356" status="PASS">
          <reporter-output>
          </reporter-output>
        </test-method> <!-- pay_RTP -->
        <test-method is-config="true" signature="tearDown(org.testng.ITestResult)[pri:0, instance:Execute.Execute_cases@3d680b5a]" started-at="2020-07-01T19:16:59 IST" name="tearDown" finished-at="2020-07-01T19:16:59 IST" duration-ms="48" status="PASS">
          <params>
            <param index="0">
              <value>
                <![CDATA[[TestResult name=pay_RTP status=SUCCESS method=Execute_cases.pay_RTP()[pri:79, instance:Execute.Execute_cases@3d680b5a] output={null}]]]>
              </value>
            </param>
          </params>
          <reporter-output>
          </reporter-output>
        </test-method> <!-- tearDown -->
        <test-method signature="my_Workbench()[pri:80, instance:Execute.Execute_cases@3d680b5a]" started-at="2020-07-01T19:16:59 IST" name="my_Workbench" finished-at="2020-07-01T19:17:04 IST" duration-ms="5662" status="PASS">
          <reporter-output>
          </reporter-output>
        </test-method> <!-- my_Workbench -->
        <test-method is-config="true" signature="tearDown(org.testng.ITestResult)[pri:0, instance:Execute.Execute_cases@3d680b5a]" started-at="2020-07-01T19:17:04 IST" name="tearDown" finished-at="2020-07-01T19:17:04 IST" duration-ms="38" status="PASS">
          <params>
            <param index="0">
              <value>
                <![CDATA[[TestResult name=my_Workbench status=SUCCESS method=Execute_cases.my_Workbench()[pri:80, instance:Execute.Execute_cases@3d680b5a] output={null}]]]>
              </value>
            </param>
          </params>
          <reporter-output>
          </reporter-output>
        </test-method> <!-- tearDown -->
      </class> <!-- Execute.Execute_cases -->
    </test> <!-- Default test -->
  </suite> <!-- Default suite -->
</testng-results>
