<?xml version="1.0" encoding="UTF-8"?>
<!-- Generated by org.testng.reporters.JUnitXMLReporter -->
<testsuite ignored="0" hostname="0404-2883" failures="1" tests="49" name="Default test" time="29.339" errors="0" timestamp="2020-06-18T13:20:12 IST">
  <testcase classname="Execute.Execute_cases" name="generated_Random_MNO" time="0.018"/>
  <testcase classname="Execute.Execute_cases" name="Authentication" time="7.533"/>
  <testcase classname="Execute.Execute_cases" name="POST_OTP_Request" time="0.006"/>
  <testcase classname="Execute.Execute_cases" name="DB" time="0.003"/>
  <testcase classname="Execute.Execute_cases" name="POST_OTP" time="0.003"/>
  <testcase classname="Execute.Execute_cases" name="reg_Passport" time="0.003"/>
  <testcase classname="Execute.Execute_cases" name="set_Pass" time="0.002"/>
  <testcase classname="Execute.Execute_cases" name="login" time="0.82"/>
  <testcase classname="Execute.Execute_cases" name="reload_123" time="0.017"/>
  <testcase classname="Execute.Execute_cases" name="get_Marketing_msg_List" time="0.003"/>
  <testcase classname="Execute.Execute_cases" name="get_MSG_Detail" time="0.003"/>
  <testcase classname="Execute.Execute_cases" name="get_Unread_MSG_Count" time="0.003"/>
  <testcase classname="Execute.Execute_cases" name="transfer" time="0.803"/>
  <testcase classname="Execute.Execute_cases" name="transfer_Lookup" time="0.454"/>
  <testcase classname="Execute.Execute_cases" name="eload_Enq_TeleData" time="0.006"/>
  <testcase classname="Execute.Execute_cases" name="eload_Confirm_TeleData" time="0.002"/>
  <testcase classname="Execute.Execute_cases" name="eload_enq_MPTData" time="0.001"/>
  <testcase classname="Execute.Execute_cases" name="eload_Confirm_MPTData" time="0.002"/>
  <testcase classname="Execute.Execute_cases" name="donate_List" time="0.466"/>
  <testcase classname="Execute.Execute_cases" name="goods_Merchant_Category" time="0.508"/>
  <testcase classname="Execute.Execute_cases" name="goods_By_Merchant_ID" time="0.343"/>
  <testcase classname="Execute.Execute_cases" name="get_Meters" time="0.434">
    <failure type="java.lang.NullPointerException">
      <![CDATA[java.lang.NullPointerException
at MSP_API.MSEC_Chart.GET_Meters(MSEC_Chart.java:38)
at Execute.Execute_cases.get_Meters(Execute_cases.java:165)
at java.base/jdk.internal.reflect.NativeMethodAccessorImpl.invoke0(Native Method)
at java.base/jdk.internal.reflect.NativeMethodAccessorImpl.invoke(NativeMethodAccessorImpl.java:62)
at java.base/jdk.internal.reflect.DelegatingMethodAccessorImpl.invoke(DelegatingMethodAccessorImpl.java:43)
at java.base/java.lang.reflect.Method.invoke(Method.java:564)
at org.testng.internal.MethodInvocationHelper.invokeMethod(MethodInvocationHelper.java:134)
at org.testng.internal.TestInvoker.invokeMethod(TestInvoker.java:597)
at org.testng.internal.TestInvoker.invokeTestMethod(TestInvoker.java:173)
at org.testng.internal.MethodRunner.runInSequence(MethodRunner.java:46)
at org.testng.internal.TestInvoker$MethodInvocationAgent.invoke(TestInvoker.java:816)
at org.testng.internal.TestInvoker.invokeTestMethods(TestInvoker.java:146)
at org.testng.internal.TestMethodWorker.invokeTestMethods(TestMethodWorker.java:146)
at org.testng.internal.TestMethodWorker.run(TestMethodWorker.java:128)
at java.base/java.util.ArrayList.forEach(ArrayList.java:1510)
at org.testng.TestRunner.privateRun(TestRunner.java:766)
at org.testng.TestRunner.run(TestRunner.java:587)
at org.testng.SuiteRunner.runTest(SuiteRunner.java:384)
at org.testng.SuiteRunner.runSequentially(SuiteRunner.java:378)
at org.testng.SuiteRunner.privateRun(SuiteRunner.java:337)
at org.testng.SuiteRunner.run(SuiteRunner.java:286)
at org.testng.SuiteRunnerWorker.runSuite(SuiteRunnerWorker.java:53)
at org.testng.SuiteRunnerWorker.run(SuiteRunnerWorker.java:96)
at org.testng.TestNG.runSuitesSequentially(TestNG.java:1187)
at org.testng.TestNG.runSuitesLocally(TestNG.java:1109)
at org.testng.TestNG.runSuites(TestNG.java:1039)
at org.testng.TestNG.run(TestNG.java:1007)
at org.testng.remote.AbstractRemoteTestNG.run(AbstractRemoteTestNG.java:115)
at org.testng.remote.RemoteTestNG.initAndRun(RemoteTestNG.java:251)
at org.testng.remote.RemoteTestNG.main(RemoteTestNG.java:77)
]]>
    </failure>
  </testcase> <!-- get_Meters -->
  <testcase classname="Execute.Execute_cases" name="get_Monthly_details" time="0.362"/>
  <testcase classname="Execute.Execute_cases" name="patch_Update_Nicjname" time="0.345"/>
  <testcase classname="Execute.Execute_cases" name="get_MSEC_District" time="0.375"/>
  <testcase classname="Execute.Execute_cases" name="extractingJSON" time="0.002"/>
  <testcase classname="Execute.Execute_cases" name="inquiry" time="0.001"/>
  <testcase classname="Execute.Execute_cases" name="user_Details" time="1.417"/>
  <testcase classname="Execute.Execute_cases" name="txn_search_History" time="0.581"/>
  <testcase classname="Execute.Execute_cases" name="get_Greeting_Message" time="0.389"/>
  <testcase classname="Execute.Execute_cases" name="user_Donate_List" time="0.349"/>
  <testcase classname="Execute.Execute_cases" name="get_Internet_list" time="0.356"/>
  <testcase classname="Execute.Execute_cases" name="enquiry_Fees" time="0.441"/>
  <testcase classname="Execute.Execute_cases" name="get_Address_List" time="0.385"/>
  <testcase classname="Execute.Execute_cases" name="get_Address_Detail" time="0.326"/>
  <testcase classname="Execute.Execute_cases" name="add_Address" time="0.385"/>
  <testcase classname="Execute.Execute_cases" name="set_Primary_Address" time="0.371"/>
  <testcase classname="Execute.Execute_cases" name="update_Address" time="0.001"/>
  <testcase classname="Execute.Execute_cases" name="delete_Address" time="0.401"/>
  <testcase classname="Execute.Execute_cases" name="enq_HiWiFi" time="0.622"/>
  <testcase classname="Execute.Execute_cases" name="confirm_HiWiFi" time="1.311"/>
  <testcase classname="Execute.Execute_cases" name="enq_TelenorDataPack" time="0.48"/>
  <testcase classname="Execute.Execute_cases" name="enq_HIWIFI_W0_Mobile" time="0.421"/>
  <testcase classname="Execute.Execute_cases" name="enq_MyanmarNetPrepaid" time="4.227"/>
  <testcase classname="Execute.Execute_cases" name="enq_telenor_Fiber" time="0.496"/>
  <testcase classname="Execute.Execute_cases" name="enq_telenor_Wireless" time="0.51"/>
  <testcase classname="Execute.Execute_cases" name="enq_MyanmarNetAWaThone" time="0.519"/>
  <testcase classname="Execute.Execute_cases" name="confirm_TeleData" time="1.314"/>
  <testcase classname="Execute.Execute_cases" name="confirm_HiWiFi_mobile" time="1.025"/>
</testsuite> <!-- Default test -->
