<?xml version="1.0" encoding="UTF-8"?>
<robot generator="Robot 3.1.2 (Python 3.8.1 on win32)" generated="20200716 14:23:33.002" rpa="false">
<suite id="s1" name="Scenarios" source="E:\Robot framwork\MSP\Scenarios.robot">
<test id="s1-t1" name="To verify Datapack Functionality of MSP app in Eload module">
<kw name="Datapck.Login to the MSP android application for Datapack in Mobile" library="Datapack">
<kw name="Invoke App" library="Login_To_MSP">
<arguments>
<arg>${Login_Number}</arg>
</arguments>
<kw name="Open Application msp" library="Login_To_MSP">
<arguments>
<arg>${Login_Number}</arg>
</arguments>
<kw name="Open Application" library="AppiumLibrary">
<doc>Opens a new application to given Appium server.
Capabilities of appium server, Android and iOS,
Please check https://github.com/appium/appium/blob/master/docs/en/writing-running-appium/server-args.md
| *Option*            | *Man.* | *Description*     |
| remote_url          | Yes    | Appium server url |
| alias               | no     | alias             |</doc>
<arguments>
<arg>http://localhost:4723/wd/hub</arg>
<arg>alias=Myapp1</arg>
<arg>platformName=Android</arg>
<arg>deviceName=MA</arg>
<arg>appPackage=com.ccpp.msp.uat</arg>
<arg>appActivity=com.ccpp.msp.Launcher</arg>
</arguments>
<status status="PASS" starttime="20200716 14:23:35.732" endtime="20200716 14:24:13.248"></status>
</kw>
<kw name="Run Keyword And Return Status" library="BuiltIn">
<doc>Runs the given keyword with given arguments and returns the status as a Boolean value.</doc>
<arguments>
<arg>Wait Until Element Is Visible</arg>
<arg>android=UiSelector().text("ALLOW")</arg>
<arg>10s</arg>
</arguments>
<assign>
<var>${IsElementVisible1}</var>
</assign>
<kw name="Wait Until Element Is Visible" library="AppiumLibrary">
<doc>Waits until element specified with `locator` is visible.</doc>
<arguments>
<arg>android=UiSelector().text("ALLOW")</arg>
<arg>10s</arg>
</arguments>
<status status="PASS" starttime="20200716 14:24:13.249" endtime="20200716 14:24:14.481"></status>
</kw>
<msg timestamp="20200716 14:24:14.482" level="INFO">${IsElementVisible1} = True</msg>
<status status="PASS" starttime="20200716 14:24:13.248" endtime="20200716 14:24:14.482"></status>
</kw>
<kw name="Run Keyword If" library="BuiltIn">
<doc>Runs the given keyword with the given arguments, if ``condition`` is true.</doc>
<arguments>
<arg>${IsElementVisible1}</arg>
<arg>Tap</arg>
<arg>id=com.android.packageinstaller:id/permission_allow_button</arg>
</arguments>
<kw name="Tap" library="AppiumLibrary">
<doc>Tap element identified by ``locator``.</doc>
<arguments>
<arg>id=com.android.packageinstaller:id/permission_allow_button</arg>
</arguments>
<status status="PASS" starttime="20200716 14:24:14.484" endtime="20200716 14:24:16.673"></status>
</kw>
<status status="PASS" starttime="20200716 14:24:14.483" endtime="20200716 14:24:16.674"></status>
</kw>
<kw name="Run Keyword And Return Status" library="BuiltIn">
<doc>Runs the given keyword with given arguments and returns the status as a Boolean value.</doc>
<arguments>
<arg>Wait Until Element Is Visible</arg>
<arg>android=UiSelector().text("SKIP")</arg>
<arg>10s</arg>
</arguments>
<assign>
<var>${Skip}</var>
</assign>
<kw name="Wait Until Element Is Visible" library="AppiumLibrary">
<doc>Waits until element specified with `locator` is visible.</doc>
<arguments>
<arg>android=UiSelector().text("SKIP")</arg>
<arg>10s</arg>
</arguments>
<status status="PASS" starttime="20200716 14:24:16.676" endtime="20200716 14:24:26.489"></status>
</kw>
<msg timestamp="20200716 14:24:26.490" level="INFO">${Skip} = True</msg>
<status status="PASS" starttime="20200716 14:24:16.675" endtime="20200716 14:24:26.490"></status>
</kw>
<kw name="Run Keyword If" library="BuiltIn">
<doc>Runs the given keyword with the given arguments, if ``condition`` is true.</doc>
<arguments>
<arg>${Skip}</arg>
<arg>Tap</arg>
<arg>android=UiSelector().text("SKIP")</arg>
</arguments>
<kw name="Tap" library="AppiumLibrary">
<doc>Tap element identified by ``locator``.</doc>
<arguments>
<arg>android=UiSelector().text("SKIP")</arg>
</arguments>
<status status="PASS" starttime="20200716 14:24:26.492" endtime="20200716 14:24:28.579"></status>
</kw>
<status status="PASS" starttime="20200716 14:24:26.491" endtime="20200716 14:24:28.579"></status>
</kw>
<kw name="Wait Until Element Is Visible" library="AppiumLibrary">
<doc>Waits until element specified with `locator` is visible.</doc>
<arguments>
<arg>android=UiSelector().text("REGISTER")</arg>
<arg>120s</arg>
</arguments>
<status status="PASS" starttime="20200716 14:24:28.580" endtime="20200716 14:24:29.463"></status>
</kw>
<kw name="Tap" library="AppiumLibrary">
<doc>Tap element identified by ``locator``.</doc>
<arguments>
<arg>android=UiSelector().text("Already have an account? SIGN IN")</arg>
</arguments>
<status status="PASS" starttime="20200716 14:24:29.464" endtime="20200716 14:24:32.359"></status>
</kw>
<kw name="Wait Until Element Is Visible" library="AppiumLibrary">
<doc>Waits until element specified with `locator` is visible.</doc>
<arguments>
<arg>android=UiSelector().text("Enter your mobile no.")</arg>
</arguments>
<status status="PASS" starttime="20200716 14:24:32.360" endtime="20200716 14:24:32.522"></status>
</kw>
<kw name="Input Text" library="AppiumLibrary">
<doc>Types the given `text` into text field identified by `locator`.</doc>
<arguments>
<arg>id=com.ccpp.msp.uat:id/edt_mobile</arg>
<arg>${Login_Number}</arg>
</arguments>
<msg timestamp="20200716 14:24:32.538" level="INFO">Typing text '9798304852' into text field 'id=com.ccpp.msp.uat:id/edt_mobile'</msg>
<status status="PASS" starttime="20200716 14:24:32.523" endtime="20200716 14:24:32.695"></status>
</kw>
<kw name="Tap" library="AppiumLibrary">
<doc>Tap element identified by ``locator``.</doc>
<arguments>
<arg>id=com.ccpp.msp.uat:id/btnConfirm</arg>
</arguments>
<status status="PASS" starttime="20200716 14:24:32.696" endtime="20200716 14:24:33.551"></status>
</kw>
<kw name="ENTER PASSCODE" library="ENTER_PASSCODE">
<kw name="Wait Until Element Is Visible" library="AppiumLibrary">
<doc>Waits until element specified with `locator` is visible.</doc>
<arguments>
<arg>android=UiSelector().text("ENTER PASSCODE")</arg>
<arg>60s</arg>
</arguments>
<status status="PASS" starttime="20200716 14:24:33.553" endtime="20200716 14:24:37.072"></status>
</kw>
<kw name="Tap" library="AppiumLibrary">
<doc>Tap element identified by ``locator``.</doc>
<arguments>
<arg>id=com.ccpp.msp.uat:id/k1</arg>
</arguments>
<status status="PASS" starttime="20200716 14:24:37.073" endtime="20200716 14:24:37.560"></status>
</kw>
<kw name="Tap" library="AppiumLibrary">
<doc>Tap element identified by ``locator``.</doc>
<arguments>
<arg>id=com.ccpp.msp.uat:id/k1</arg>
</arguments>
<status status="PASS" starttime="20200716 14:24:37.560" endtime="20200716 14:24:38.085"></status>
</kw>
<kw name="Tap" library="AppiumLibrary">
<doc>Tap element identified by ``locator``.</doc>
<arguments>
<arg>id=com.ccpp.msp.uat:id/k1</arg>
</arguments>
<status status="PASS" starttime="20200716 14:24:38.085" endtime="20200716 14:24:38.665"></status>
</kw>
<kw name="Tap" library="AppiumLibrary">
<doc>Tap element identified by ``locator``.</doc>
<arguments>
<arg>id=com.ccpp.msp.uat:id/k1</arg>
</arguments>
<status status="PASS" starttime="20200716 14:24:38.665" endtime="20200716 14:24:39.252"></status>
</kw>
<kw name="Tap" library="AppiumLibrary">
<doc>Tap element identified by ``locator``.</doc>
<arguments>
<arg>id=com.ccpp.msp.uat:id/k1</arg>
</arguments>
<status status="PASS" starttime="20200716 14:24:39.253" endtime="20200716 14:24:39.798"></status>
</kw>
<kw name="Tap" library="AppiumLibrary">
<doc>Tap element identified by ``locator``.</doc>
<arguments>
<arg>id=com.ccpp.msp.uat:id/k1</arg>
</arguments>
<status status="PASS" starttime="20200716 14:24:39.799" endtime="20200716 14:24:40.378"></status>
</kw>
<status status="PASS" starttime="20200716 14:24:33.552" endtime="20200716 14:24:40.378"></status>
</kw>
<kw name="If Fails To Login" library="ENTER_PASSCODE">
<kw name="Run Keyword And Return Status" library="BuiltIn">
<doc>Runs the given keyword with given arguments and returns the status as a Boolean value.</doc>
<arguments>
<arg>Wait Until Element Is Visible</arg>
<arg>android=UiSelector().text("Try again or tap forgot passcode to reset.")</arg>
<arg>8s</arg>
</arguments>
<assign>
<var>${Again}</var>
</assign>
<kw name="Wait Until Element Is Visible" library="AppiumLibrary">
<doc>Waits until element specified with `locator` is visible.</doc>
<arguments>
<arg>android=UiSelector().text("Try again or tap forgot passcode to reset.")</arg>
<arg>8s</arg>
</arguments>
<kw name="Capture Page Screenshot" library="AppiumLibrary">
<doc>Takes a screenshot of the current page and embeds it into the log.</doc>
<msg timestamp="20200716 14:24:52.375" level="INFO" html="yes">&lt;/td&gt;&lt;/tr&gt;&lt;tr&gt;&lt;td colspan="3"&gt;&lt;a href="appium-screenshot-1.png"&gt;&lt;img src="appium-screenshot-1.png" width="800px"&gt;&lt;/a&gt;</msg>
<status status="PASS" starttime="20200716 14:24:49.087" endtime="20200716 14:24:52.375"></status>
</kw>
<msg timestamp="20200716 14:24:52.376" level="FAIL">Element locator 'android=UiSelector().text("Try again or tap forgot passcode to reset.")' did not match any elements after 8 seconds</msg>
<status status="FAIL" starttime="20200716 14:24:40.381" endtime="20200716 14:24:52.377"></status>
</kw>
<msg timestamp="20200716 14:24:52.377" level="INFO">${Again} = False</msg>
<status status="PASS" starttime="20200716 14:24:40.380" endtime="20200716 14:24:52.377"></status>
</kw>
<kw name="Run Keyword If" library="BuiltIn">
<doc>Runs the given keyword with the given arguments, if ``condition`` is true.</doc>
<arguments>
<arg>${Again}</arg>
<arg>Continue_Pass</arg>
</arguments>
<status status="PASS" starttime="20200716 14:24:52.378" endtime="20200716 14:24:52.384"></status>
</kw>
<status status="PASS" starttime="20200716 14:24:40.379" endtime="20200716 14:24:52.386"></status>
</kw>
<kw name="Wait Until Element Is Visible" library="AppiumLibrary">
<doc>Waits until element specified with `locator` is visible.</doc>
<arguments>
<arg>android=UiSelector().text("Transfer")</arg>
<arg>30s</arg>
</arguments>
<status status="PASS" starttime="20200716 14:24:52.387" endtime="20200716 14:24:53.765"></status>
</kw>
<status status="PASS" starttime="20200716 14:23:35.731" endtime="20200716 14:24:53.766"></status>
</kw>
<status status="PASS" starttime="20200716 14:23:35.730" endtime="20200716 14:24:53.766"></status>
</kw>
<status status="PASS" starttime="20200716 14:23:35.729" endtime="20200716 14:24:53.766"></status>
</kw>
<kw name="Datapck.Datapack Functionality by Checeking datapack on datapack transaction" library="Datapack">
<kw name="Wait Until Element Is Visible" library="AppiumLibrary">
<doc>Waits until element specified with `locator` is visible.</doc>
<arguments>
<arg>${TransferButton}</arg>
<arg>40s</arg>
</arguments>
<status status="PASS" starttime="20200716 14:24:53.769" endtime="20200716 14:24:55.227"></status>
</kw>
<kw name="Tap" library="AppiumLibrary">
<doc>Tap element identified by ``locator``.</doc>
<arguments>
<arg>${Realod_Button}</arg>
</arguments>
<status status="PASS" starttime="20200716 14:24:55.228" endtime="20200716 14:24:56.280"></status>
</kw>
<kw name="Wait Until Element Is Visible" library="AppiumLibrary">
<doc>Waits until element specified with `locator` is visible.</doc>
<arguments>
<arg>${Chose_dp}</arg>
<arg>60s</arg>
</arguments>
<status status="PASS" starttime="20200716 14:24:56.281" endtime="20200716 14:24:58.812"></status>
</kw>
<kw name="Input Text" library="AppiumLibrary">
<doc>Types the given `text` into text field identified by `locator`.</doc>
<arguments>
<arg>${Enter_Mo}</arg>
<arg>${Datapack_Number}</arg>
</arguments>
<msg timestamp="20200716 14:24:58.837" level="INFO">Typing text '09694504895' into text field 'id=com.ccpp.msp.uat:id/edtMobile'</msg>
<status status="PASS" starttime="20200716 14:24:58.813" endtime="20200716 14:24:59.346"></status>
</kw>
<kw name="Wait Until Element Is Visible" library="AppiumLibrary">
<doc>Waits until element specified with `locator` is visible.</doc>
<arguments>
<arg>${Select1000}</arg>
<arg>30s</arg>
</arguments>
<status status="PASS" starttime="20200716 14:24:59.347" endtime="20200716 14:25:01.697"></status>
</kw>
<kw name="Tap" library="AppiumLibrary">
<doc>Tap element identified by ``locator``.</doc>
<arguments>
<arg>${Tap1000MB}</arg>
</arguments>
<status status="PASS" starttime="20200716 14:25:01.698" endtime="20200716 14:25:03.951"></status>
</kw>
<kw name="On confirmation screen" library="Confirm_Success">
<arguments>
<arg>1,050</arg>
<arg>MyTel DataPack</arg>
</arguments>
<kw name="Confirmation Screen" library="Confirm_Success">
<arguments>
<arg>${Amount}</arg>
<arg>${Bname}</arg>
</arguments>
<kw name="Log To Console" library="BuiltIn">
<doc>Logs the given message to the console.</doc>
<arguments>
<arg>${Amount}</arg>
</arguments>
<status status="PASS" starttime="20200716 14:25:03.954" endtime="20200716 14:25:03.954"></status>
</kw>
<kw name="Evaluate" library="BuiltIn">
<doc>Evaluates the given expression in Python and returns the results.</doc>
<arguments>
<arg>'${Amount}'.replace(',','')</arg>
</arguments>
<assign>
<var>${remove_quama1}</var>
</assign>
<msg timestamp="20200716 14:25:03.956" level="INFO">${remove_quama1} = 1050</msg>
<status status="PASS" starttime="20200716 14:25:03.955" endtime="20200716 14:25:03.956"></status>
</kw>
<kw name="Convert To Integer" library="BuiltIn">
<doc>Converts the given item to an integer number.</doc>
<arguments>
<arg>${remove_quama1}</arg>
</arguments>
<assign>
<var>${Selectedamt}</var>
</assign>
<msg timestamp="20200716 14:25:03.957" level="INFO">${Selectedamt} = 1050</msg>
<status status="PASS" starttime="20200716 14:25:03.956" endtime="20200716 14:25:03.957"></status>
</kw>
<kw name="Wait Until Element Is Visible" library="AppiumLibrary">
<doc>Waits until element specified with `locator` is visible.</doc>
<arguments>
<arg>android=UiSelector().text("CONFIRM")</arg>
<arg>30s</arg>
<arg>error=Test case failed due to all amounts are out of stock of ${Bname}</arg>
</arguments>
<status status="PASS" starttime="20200716 14:25:03.958" endtime="20200716 14:25:06.752"></status>
</kw>
<kw name="Get Text" library="AppiumLibrary">
<doc>Get element text (for hybrid and mobile browser use `xpath` locator, others might cause problem)</doc>
<arguments>
<arg>id=com.ccpp.msp.uat:id/tvAmount</arg>
</arguments>
<assign>
<var>${ConfAmtAnanda}</var>
</assign>
<msg timestamp="20200716 14:25:06.824" level="INFO">Element 'id=com.ccpp.msp.uat:id/tvAmount' text is '1,071' </msg>
<msg timestamp="20200716 14:25:06.824" level="INFO">${ConfAmtAnanda} = 1,071</msg>
<status status="PASS" starttime="20200716 14:25:06.753" endtime="20200716 14:25:06.824"></status>
</kw>
<kw name="Log To Console" library="BuiltIn">
<doc>Logs the given message to the console.</doc>
<arguments>
<arg>${ConfAmtAnanda}</arg>
</arguments>
<status status="PASS" starttime="20200716 14:25:06.825" endtime="20200716 14:25:06.825"></status>
</kw>
<kw name="Set Global Variable" library="BuiltIn">
<doc>Makes a variable available globally in all tests and suites.</doc>
<arguments>
<arg>${glob}</arg>
<arg>${ConfAmtAnanda}</arg>
</arguments>
<msg timestamp="20200716 14:25:06.827" level="INFO">${glob} = 1,071</msg>
<status status="PASS" starttime="20200716 14:25:06.826" endtime="20200716 14:25:06.827"></status>
</kw>
<kw name="Evaluate" library="BuiltIn">
<doc>Evaluates the given expression in Python and returns the results.</doc>
<arguments>
<arg>'${ConfAmtAnanda}'.replace(',','')</arg>
</arguments>
<assign>
<var>${remove_quama}</var>
</assign>
<msg timestamp="20200716 14:25:06.828" level="INFO">${remove_quama} = 1071</msg>
<status status="PASS" starttime="20200716 14:25:06.827" endtime="20200716 14:25:06.828"></status>
</kw>
<kw name="Log To Console" library="BuiltIn">
<doc>Logs the given message to the console.</doc>
<arguments>
<arg>${remove_quama}</arg>
</arguments>
<status status="PASS" starttime="20200716 14:25:06.829" endtime="20200716 14:25:06.830"></status>
</kw>
<kw name="Convert To Integer" library="BuiltIn">
<doc>Converts the given item to an integer number.</doc>
<arguments>
<arg>${remove_quama}</arg>
</arguments>
<assign>
<var>${int}</var>
</assign>
<msg timestamp="20200716 14:25:06.831" level="INFO">${int} = 1071</msg>
<status status="PASS" starttime="20200716 14:25:06.830" endtime="20200716 14:25:06.831"></status>
</kw>
<kw name="Get Text" library="AppiumLibrary">
<doc>Get element text (for hybrid and mobile browser use `xpath` locator, others might cause problem)</doc>
<arguments>
<arg>id=com.ccpp.msp.uat:id/tvMswRec</arg>
</arguments>
<assign>
<var>${billerAnanada}</var>
</assign>
<msg timestamp="20200716 14:25:06.894" level="INFO">Element 'id=com.ccpp.msp.uat:id/tvMswRec' text is 'MyTel DataPack' </msg>
<msg timestamp="20200716 14:25:06.894" level="INFO">${billerAnanada} = MyTel DataPack</msg>
<status status="PASS" starttime="20200716 14:25:06.832" endtime="20200716 14:25:06.894"></status>
</kw>
<kw name="Should Be Equal" library="BuiltIn">
<doc>Fails if the given objects are unequal.</doc>
<arguments>
<arg>${Bname}</arg>
<arg>${billerAnanada}</arg>
<arg>msg= Seleted ${Bname} as a biller match is not with biller name on confirm page as ${billerAnanada}</arg>
</arguments>
<status status="PASS" starttime="20200716 14:25:06.894" endtime="20200716 14:25:06.895"></status>
</kw>
<kw name="Log To Console" library="BuiltIn">
<doc>Logs the given message to the console.</doc>
<arguments>
<arg>${billerAnanada}</arg>
</arguments>
<status status="PASS" starttime="20200716 14:25:06.895" endtime="20200716 14:25:06.896"></status>
</kw>
<kw name="Run Keyword And Return Status" library="BuiltIn">
<doc>Runs the given keyword with given arguments and returns the status as a Boolean value.</doc>
<arguments>
<arg>Wait Until Element Is Visible</arg>
<arg>android=UiSelector().text("Rebate")</arg>
<arg>5s</arg>
</arguments>
<assign>
<var>${IsElementVisible1}</var>
</assign>
<kw name="Wait Until Element Is Visible" library="AppiumLibrary">
<doc>Waits until element specified with `locator` is visible.</doc>
<arguments>
<arg>android=UiSelector().text("Rebate")</arg>
<arg>5s</arg>
</arguments>
<kw name="Capture Page Screenshot" library="AppiumLibrary">
<doc>Takes a screenshot of the current page and embeds it into the log.</doc>
<msg timestamp="20200716 14:25:12.420" level="INFO" html="yes">&lt;/td&gt;&lt;/tr&gt;&lt;tr&gt;&lt;td colspan="3"&gt;&lt;a href="appium-screenshot-2.png"&gt;&lt;img src="appium-screenshot-2.png" width="800px"&gt;&lt;/a&gt;</msg>
<status status="PASS" starttime="20200716 14:25:11.982" endtime="20200716 14:25:12.420"></status>
</kw>
<msg timestamp="20200716 14:25:12.421" level="FAIL">Element locator 'android=UiSelector().text("Rebate")' did not match any elements after 5 seconds</msg>
<status status="FAIL" starttime="20200716 14:25:06.897" endtime="20200716 14:25:12.421"></status>
</kw>
<msg timestamp="20200716 14:25:12.421" level="INFO">${IsElementVisible1} = False</msg>
<status status="PASS" starttime="20200716 14:25:06.896" endtime="20200716 14:25:12.421"></status>
</kw>
<kw name="Run Keyword If" library="BuiltIn">
<doc>Runs the given keyword with the given arguments, if ``condition`` is true.</doc>
<arguments>
<arg>${IsElementVisible1}</arg>
<arg>rebate value</arg>
</arguments>
<status status="PASS" starttime="20200716 14:25:12.421" endtime="20200716 14:25:12.422"></status>
</kw>
<kw name="Get Text" library="AppiumLibrary">
<doc>Get element text (for hybrid and mobile browser use `xpath` locator, others might cause problem)</doc>
<arguments>
<arg>id=com.ccpp.msp.uat:id/tvfeeAmount</arg>
</arguments>
<assign>
<var>${fee}</var>
</assign>
<msg timestamp="20200716 14:25:12.485" level="INFO">Element 'id=com.ccpp.msp.uat:id/tvfeeAmount' text is 'MMK 21' </msg>
<msg timestamp="20200716 14:25:12.485" level="INFO">${fee} = MMK 21</msg>
<status status="PASS" starttime="20200716 14:25:12.422" endtime="20200716 14:25:12.485"></status>
</kw>
<kw name="Evaluate" library="BuiltIn">
<doc>Evaluates the given expression in Python and returns the results.</doc>
<arguments>
<arg>'${fee}'.replace(' ','')</arg>
</arguments>
<assign>
<var>${remove_space}</var>
</assign>
<msg timestamp="20200716 14:25:12.486" level="INFO">${remove_space} = MMK21</msg>
<status status="PASS" starttime="20200716 14:25:12.485" endtime="20200716 14:25:12.486"></status>
</kw>
<kw name="Log To Console" library="BuiltIn">
<doc>Logs the given message to the console.</doc>
<arguments>
<arg>${remove_space}</arg>
</arguments>
<status status="PASS" starttime="20200716 14:25:12.486" endtime="20200716 14:25:12.487"></status>
</kw>
<kw name="Fetch From Right" library="String">
<doc>Returns contents of the ``string`` after the last occurrence of ``marker``.</doc>
<arguments>
<arg>${remove_space}</arg>
<arg>K</arg>
</arguments>
<assign>
<var>${feeAmount}</var>
</assign>
<msg timestamp="20200716 14:25:12.488" level="INFO">${feeAmount} = 21</msg>
<status status="PASS" starttime="20200716 14:25:12.487" endtime="20200716 14:25:12.488"></status>
</kw>
<kw name="Log To Console" library="BuiltIn">
<doc>Logs the given message to the console.</doc>
<arguments>
<arg>${feeAmount}</arg>
</arguments>
<status status="PASS" starttime="20200716 14:25:12.488" endtime="20200716 14:25:12.489"></status>
</kw>
<kw name="Evaluate" library="BuiltIn">
<doc>Evaluates the given expression in Python and returns the results.</doc>
<arguments>
<arg>${feeAmount} + ${Selectedamt}</arg>
</arguments>
<assign>
<var>${Addition}</var>
</assign>
<msg timestamp="20200716 14:25:12.490" level="INFO">${Addition} = 1071</msg>
<status status="PASS" starttime="20200716 14:25:12.489" endtime="20200716 14:25:12.490"></status>
</kw>
<kw name="Log To Console" library="BuiltIn">
<doc>Logs the given message to the console.</doc>
<arguments>
<arg>${Addition}</arg>
</arguments>
<status status="PASS" starttime="20200716 14:25:12.491" endtime="20200716 14:25:12.491"></status>
</kw>
<kw name="Should Be Equal" library="BuiltIn">
<doc>Fails if the given objects are unequal.</doc>
<arguments>
<arg>${int}</arg>
<arg>${Addition}</arg>
<arg>msg = amount is not match</arg>
</arguments>
<status status="PASS" starttime="20200716 14:25:12.492" endtime="20200716 14:25:12.492"></status>
</kw>
<status status="PASS" starttime="20200716 14:25:03.952" endtime="20200716 14:25:12.493"></status>
</kw>
<status status="PASS" starttime="20200716 14:25:03.951" endtime="20200716 14:25:12.493"></status>
</kw>
<kw name="Tap" library="AppiumLibrary">
<doc>Tap element identified by ``locator``.</doc>
<arguments>
<arg>${Confirm}</arg>
</arguments>
<status status="PASS" starttime="20200716 14:25:12.494" endtime="20200716 14:25:14.347"></status>
</kw>
<kw name="ENTER PASSCODE" library="ENTER_PASSCODE">
<kw name="Wait Until Element Is Visible" library="AppiumLibrary">
<doc>Waits until element specified with `locator` is visible.</doc>
<arguments>
<arg>android=UiSelector().text("ENTER PASSCODE")</arg>
<arg>60s</arg>
</arguments>
<status status="PASS" starttime="20200716 14:25:14.353" endtime="20200716 14:25:14.528"></status>
</kw>
<kw name="Tap" library="AppiumLibrary">
<doc>Tap element identified by ``locator``.</doc>
<arguments>
<arg>id=com.ccpp.msp.uat:id/k1</arg>
</arguments>
<status status="PASS" starttime="20200716 14:25:14.529" endtime="20200716 14:25:14.711"></status>
</kw>
<kw name="Tap" library="AppiumLibrary">
<doc>Tap element identified by ``locator``.</doc>
<arguments>
<arg>id=com.ccpp.msp.uat:id/k1</arg>
</arguments>
<status status="PASS" starttime="20200716 14:25:14.712" endtime="20200716 14:25:15.296"></status>
</kw>
<kw name="Tap" library="AppiumLibrary">
<doc>Tap element identified by ``locator``.</doc>
<arguments>
<arg>id=com.ccpp.msp.uat:id/k1</arg>
</arguments>
<status status="PASS" starttime="20200716 14:25:15.296" endtime="20200716 14:25:15.840"></status>
</kw>
<kw name="Tap" library="AppiumLibrary">
<doc>Tap element identified by ``locator``.</doc>
<arguments>
<arg>id=com.ccpp.msp.uat:id/k1</arg>
</arguments>
<status status="PASS" starttime="20200716 14:25:15.842" endtime="20200716 14:25:16.424"></status>
</kw>
<kw name="Tap" library="AppiumLibrary">
<doc>Tap element identified by ``locator``.</doc>
<arguments>
<arg>id=com.ccpp.msp.uat:id/k1</arg>
</arguments>
<status status="PASS" starttime="20200716 14:25:16.425" endtime="20200716 14:25:16.960"></status>
</kw>
<kw name="Tap" library="AppiumLibrary">
<doc>Tap element identified by ``locator``.</doc>
<arguments>
<arg>id=com.ccpp.msp.uat:id/k1</arg>
</arguments>
<status status="PASS" starttime="20200716 14:25:16.961" endtime="20200716 14:25:17.592"></status>
</kw>
<status status="PASS" starttime="20200716 14:25:14.349" endtime="20200716 14:25:17.592"></status>
</kw>
<kw name="If Fails To Login" library="ENTER_PASSCODE">
<kw name="Run Keyword And Return Status" library="BuiltIn">
<doc>Runs the given keyword with given arguments and returns the status as a Boolean value.</doc>
<arguments>
<arg>Wait Until Element Is Visible</arg>
<arg>android=UiSelector().text("Try again or tap forgot passcode to reset.")</arg>
<arg>8s</arg>
</arguments>
<assign>
<var>${Again}</var>
</assign>
<kw name="Wait Until Element Is Visible" library="AppiumLibrary">
<doc>Waits until element specified with `locator` is visible.</doc>
<arguments>
<arg>android=UiSelector().text("Try again or tap forgot passcode to reset.")</arg>
<arg>8s</arg>
</arguments>
<kw name="Capture Page Screenshot" library="AppiumLibrary">
<doc>Takes a screenshot of the current page and embeds it into the log.</doc>
<msg timestamp="20200716 14:25:27.077" level="INFO" html="yes">&lt;/td&gt;&lt;/tr&gt;&lt;tr&gt;&lt;td colspan="3"&gt;&lt;a href="appium-screenshot-3.png"&gt;&lt;img src="appium-screenshot-3.png" width="800px"&gt;&lt;/a&gt;</msg>
<status status="PASS" starttime="20200716 14:25:26.077" endtime="20200716 14:25:27.078"></status>
</kw>
<msg timestamp="20200716 14:25:27.079" level="FAIL">Element locator 'android=UiSelector().text("Try again or tap forgot passcode to reset.")' did not match any elements after 8 seconds</msg>
<status status="FAIL" starttime="20200716 14:25:17.596" endtime="20200716 14:25:27.079"></status>
</kw>
<msg timestamp="20200716 14:25:27.079" level="INFO">${Again} = False</msg>
<status status="PASS" starttime="20200716 14:25:17.594" endtime="20200716 14:25:27.079"></status>
</kw>
<kw name="Run Keyword If" library="BuiltIn">
<doc>Runs the given keyword with the given arguments, if ``condition`` is true.</doc>
<arguments>
<arg>${Again}</arg>
<arg>Continue_Pass</arg>
</arguments>
<status status="PASS" starttime="20200716 14:25:27.080" endtime="20200716 14:25:27.080"></status>
</kw>
<status status="PASS" starttime="20200716 14:25:17.593" endtime="20200716 14:25:27.080"></status>
</kw>
<status status="PASS" starttime="20200716 14:24:53.768" endtime="20200716 14:25:27.081"></status>
</kw>
<kw name="Datapck.Check Success page of datapack" library="Datapack">
<kw name="Allow_Pop-up" library="HandleRebate">
<kw name="Run Keyword And Return Status" library="BuiltIn">
<doc>Runs the given keyword with given arguments and returns the status as a Boolean value.</doc>
<arguments>
<arg>Wait Until Element Is Visible</arg>
<arg>android=UiSelector().text("ALLOW")</arg>
<arg>10s</arg>
</arguments>
<assign>
<var>${Allow}</var>
</assign>
<kw name="Wait Until Element Is Visible" library="AppiumLibrary">
<doc>Waits until element specified with `locator` is visible.</doc>
<arguments>
<arg>android=UiSelector().text("ALLOW")</arg>
<arg>10s</arg>
</arguments>
<status status="PASS" starttime="20200716 14:25:27.084" endtime="20200716 14:25:27.142"></status>
</kw>
<msg timestamp="20200716 14:25:27.142" level="INFO">${Allow} = True</msg>
<status status="PASS" starttime="20200716 14:25:27.083" endtime="20200716 14:25:27.142"></status>
</kw>
<kw name="Run Keyword If" library="BuiltIn">
<doc>Runs the given keyword with the given arguments, if ``condition`` is true.</doc>
<arguments>
<arg>${Allow}</arg>
<arg>Tap</arg>
<arg>id=com.android.packageinstaller:id/permission_allow_button</arg>
</arguments>
<kw name="Tap" library="AppiumLibrary">
<doc>Tap element identified by ``locator``.</doc>
<arguments>
<arg>id=com.android.packageinstaller:id/permission_allow_button</arg>
</arguments>
<status status="PASS" starttime="20200716 14:25:27.144" endtime="20200716 14:25:27.231"></status>
</kw>
<status status="PASS" starttime="20200716 14:25:27.143" endtime="20200716 14:25:27.231"></status>
</kw>
<status status="PASS" starttime="20200716 14:25:27.083" endtime="20200716 14:25:27.231"></status>
</kw>
<kw name="Wait Until Keyword Succeeds" library="BuiltIn">
<doc>Runs the specified keyword and retries if it fails.</doc>
<arguments>
<arg>1 min</arg>
<arg>1 sec</arg>
<arg>Element Should Be Visible</arg>
<arg>${Success_page}</arg>
</arguments>
<kw name="Element Should Be Visible" library="AppiumLibrary">
<doc>Verifies that element identified with locator is visible.</doc>
<arguments>
<arg>${Success_page}</arg>
</arguments>
<kw name="Capture Page Screenshot" library="AppiumLibrary">
<doc>Takes a screenshot of the current page and embeds it into the log.</doc>
<msg timestamp="20200716 14:25:30.023" level="INFO" html="yes">&lt;/td&gt;&lt;/tr&gt;&lt;tr&gt;&lt;td colspan="3"&gt;&lt;a href="appium-screenshot-4.png"&gt;&lt;img src="appium-screenshot-4.png" width="800px"&gt;&lt;/a&gt;</msg>
<status status="PASS" starttime="20200716 14:25:29.073" endtime="20200716 14:25:30.024"></status>
</kw>
<msg timestamp="20200716 14:25:30.029" level="FAIL">ValueError: Element locator 'xpath=//android.widget.TextView[@text='SUCCESS!']' did not match any elements.</msg>
<status status="FAIL" starttime="20200716 14:25:27.233" endtime="20200716 14:25:30.030"></status>
</kw>
<kw name="Element Should Be Visible" library="AppiumLibrary">
<doc>Verifies that element identified with locator is visible.</doc>
<arguments>
<arg>${Success_page}</arg>
</arguments>
<status status="PASS" starttime="20200716 14:25:31.031" endtime="20200716 14:25:32.108"></status>
</kw>
<status status="PASS" starttime="20200716 14:25:27.232" endtime="20200716 14:25:32.109"></status>
</kw>
<kw name="Get Text" library="AppiumLibrary">
<doc>Get element text (for hybrid and mobile browser use `xpath` locator, others might cause problem)</doc>
<arguments>
<arg>${Get_Amt}</arg>
</arguments>
<assign>
<var>${SuccessAmtAnanda}</var>
</assign>
<msg timestamp="20200716 14:25:32.157" level="INFO">Element 'id=com.ccpp.msp.uat:id/total' text is '1,071' </msg>
<msg timestamp="20200716 14:25:32.157" level="INFO">${SuccessAmtAnanda} = 1,071</msg>
<status status="PASS" starttime="20200716 14:25:32.109" endtime="20200716 14:25:32.157"></status>
</kw>
<kw name="Log To Console" library="BuiltIn">
<doc>Logs the given message to the console.</doc>
<arguments>
<arg>${SuccessAmtAnanda}</arg>
</arguments>
<status status="PASS" starttime="20200716 14:25:32.158" endtime="20200716 14:25:32.158"></status>
</kw>
<kw name="Should Be Equal" library="BuiltIn">
<doc>Fails if the given objects are unequal.</doc>
<arguments>
<arg>${glob}</arg>
<arg>${SuccessAmtAnanda}</arg>
<arg>msg= Seleted ${glob} as a biller is not match with biller name on confirm page as ${SuccessAmtAnanda}</arg>
</arguments>
<status status="PASS" starttime="20200716 14:25:32.159" endtime="20200716 14:25:32.160"></status>
</kw>
<kw name="Get Text" library="AppiumLibrary">
<doc>Get element text (for hybrid and mobile browser use `xpath` locator, others might cause problem)</doc>
<arguments>
<arg>${ReceiverName}</arg>
</arguments>
<assign>
<var>${successAnanda}</var>
</assign>
<msg timestamp="20200716 14:25:32.206" level="INFO">Element 'id=com.ccpp.msp.uat:id/recName' text is 'MyTel DataPack' </msg>
<msg timestamp="20200716 14:25:32.206" level="INFO">${successAnanda} = MyTel DataPack</msg>
<status status="PASS" starttime="20200716 14:25:32.161" endtime="20200716 14:25:32.207"></status>
</kw>
<kw name="Log To Console" library="BuiltIn">
<doc>Logs the given message to the console.</doc>
<arguments>
<arg>${successAnanda}</arg>
</arguments>
<status status="PASS" starttime="20200716 14:25:32.207" endtime="20200716 14:25:32.208"></status>
</kw>
<kw name="Should Be Equal" library="BuiltIn">
<doc>Fails if the given objects are unequal.</doc>
<arguments>
<arg>MyTel DataPack</arg>
<arg>${successAnanda}</arg>
<arg>msg= Seleted MyTel DataPack as a biller is not match with biller name on confirm page as ${successAnanda}</arg>
</arguments>
<status status="PASS" starttime="20200716 14:25:32.208" endtime="20200716 14:25:32.209"></status>
</kw>
<kw name="Scroll" library="AppiumLibrary">
<doc>Scrolls from one element to another
Key attributes for arbitrary elements are `id` and `name`. See
`introduction` for details about locating elements.</doc>
<arguments>
<arg>${Scrollfrom}</arg>
<arg>${ScrollToeload}</arg>
</arguments>
<status status="PASS" starttime="20200716 14:25:32.209" endtime="20200716 14:25:33.944"></status>
</kw>
<kw name="Wait Until Element Is Visible" library="AppiumLibrary">
<doc>Waits until element specified with `locator` is visible.</doc>
<arguments>
<arg>${BacktoHome}</arg>
<arg>30s</arg>
</arguments>
<status status="PASS" starttime="20200716 14:25:33.944" endtime="20200716 14:25:33.991"></status>
</kw>
<kw name="Tap" library="AppiumLibrary">
<doc>Tap element identified by ``locator``.</doc>
<arguments>
<arg>${Share}</arg>
</arguments>
<status status="PASS" starttime="20200716 14:25:33.992" endtime="20200716 14:25:36.265"></status>
</kw>
<kw name="Sleep" library="BuiltIn">
<doc>Pauses the test executed for the given time.</doc>
<arguments>
<arg>2s</arg>
</arguments>
<msg timestamp="20200716 14:25:38.268" level="INFO">Slept 2 seconds</msg>
<status status="PASS" starttime="20200716 14:25:36.266" endtime="20200716 14:25:38.268"></status>
</kw>
<kw name="Press Keycode" library="AppiumLibrary">
<doc>Sends a press of keycode to the device.</doc>
<arguments>
<arg>4</arg>
</arguments>
<status status="PASS" starttime="20200716 14:25:38.268" endtime="20200716 14:25:41.432"></status>
</kw>
<kw name="Run Keyword And Return Status" library="BuiltIn">
<doc>Runs the given keyword with given arguments and returns the status as a Boolean value.</doc>
<arguments>
<arg>Wait Until Element Is Visible</arg>
<arg>${RedeemButton}</arg>
<arg>5s</arg>
</arguments>
<assign>
<var>${TapRedeem}</var>
</assign>
<kw name="Wait Until Element Is Visible" library="AppiumLibrary">
<doc>Waits until element specified with `locator` is visible.</doc>
<arguments>
<arg>${RedeemButton}</arg>
<arg>5s</arg>
</arguments>
<kw name="Capture Page Screenshot" library="AppiumLibrary">
<doc>Takes a screenshot of the current page and embeds it into the log.</doc>
<msg timestamp="20200716 14:25:48.052" level="INFO" html="yes">&lt;/td&gt;&lt;/tr&gt;&lt;tr&gt;&lt;td colspan="3"&gt;&lt;a href="appium-screenshot-5.png"&gt;&lt;img src="appium-screenshot-5.png" width="800px"&gt;&lt;/a&gt;</msg>
<status status="PASS" starttime="20200716 14:25:46.454" endtime="20200716 14:25:48.052"></status>
</kw>
<msg timestamp="20200716 14:25:48.053" level="FAIL">Element locator 'id=com.ccpp.msp.uat:id/btnRedeem' did not match any elements after 5 seconds</msg>
<status status="FAIL" starttime="20200716 14:25:41.434" endtime="20200716 14:25:48.053"></status>
</kw>
<msg timestamp="20200716 14:25:48.054" level="INFO">${TapRedeem} = False</msg>
<status status="PASS" starttime="20200716 14:25:41.433" endtime="20200716 14:25:48.054"></status>
</kw>
<kw name="Run Keyword If" library="BuiltIn">
<doc>Runs the given keyword with the given arguments, if ``condition`` is true.</doc>
<arguments>
<arg>${TapRedeem}</arg>
<arg>Tap</arg>
<arg>${RedeemButton}</arg>
</arguments>
<status status="PASS" starttime="20200716 14:25:48.054" endtime="20200716 14:25:48.055"></status>
</kw>
<kw name="Run Keyword And Return Status" library="BuiltIn">
<doc>Runs the given keyword with given arguments and returns the status as a Boolean value.</doc>
<arguments>
<arg>Wait Until Element Is Visible</arg>
<arg>${RedeemSucess}</arg>
<arg>5s</arg>
</arguments>
<assign>
<var>${Redeem}</var>
</assign>
<kw name="Wait Until Element Is Visible" library="AppiumLibrary">
<doc>Waits until element specified with `locator` is visible.</doc>
<arguments>
<arg>${RedeemSucess}</arg>
<arg>5s</arg>
</arguments>
<kw name="Capture Page Screenshot" library="AppiumLibrary">
<doc>Takes a screenshot of the current page and embeds it into the log.</doc>
<msg timestamp="20200716 14:25:53.674" level="INFO" html="yes">&lt;/td&gt;&lt;/tr&gt;&lt;tr&gt;&lt;td colspan="3"&gt;&lt;a href="appium-screenshot-6.png"&gt;&lt;img src="appium-screenshot-6.png" width="800px"&gt;&lt;/a&gt;</msg>
<status status="PASS" starttime="20200716 14:25:53.146" endtime="20200716 14:25:53.674"></status>
</kw>
<msg timestamp="20200716 14:25:53.675" level="FAIL">Element locator 'android=UiSelector().text("Redeem Success")' did not match any elements after 5 seconds</msg>
<status status="FAIL" starttime="20200716 14:25:48.056" endtime="20200716 14:25:53.675"></status>
</kw>
<msg timestamp="20200716 14:25:53.675" level="INFO">${Redeem} = False</msg>
<status status="PASS" starttime="20200716 14:25:48.055" endtime="20200716 14:25:53.675"></status>
</kw>
<kw name="Run Keyword If" library="BuiltIn">
<doc>Runs the given keyword with the given arguments, if ``condition`` is true.</doc>
<arguments>
<arg>${Redeem}</arg>
<arg>popup</arg>
</arguments>
<status status="PASS" starttime="20200716 14:25:53.675" endtime="20200716 14:25:53.676"></status>
</kw>
<kw name="Run Keyword And Return Status" library="BuiltIn">
<doc>Runs the given keyword with given arguments and returns the status as a Boolean value.</doc>
<arguments>
<arg>Wait Until Element Is Visible</arg>
<arg>${BacktoHome}</arg>
<arg>3s</arg>
</arguments>
<assign>
<var>${BackButton}</var>
</assign>
<kw name="Wait Until Element Is Visible" library="AppiumLibrary">
<doc>Waits until element specified with `locator` is visible.</doc>
<arguments>
<arg>${BacktoHome}</arg>
<arg>3s</arg>
</arguments>
<status status="PASS" starttime="20200716 14:25:53.676" endtime="20200716 14:25:53.716"></status>
</kw>
<msg timestamp="20200716 14:25:53.717" level="INFO">${BackButton} = True</msg>
<status status="PASS" starttime="20200716 14:25:53.676" endtime="20200716 14:25:53.717"></status>
</kw>
<kw name="Run Keyword If" library="BuiltIn">
<doc>Runs the given keyword with the given arguments, if ``condition`` is true.</doc>
<arguments>
<arg>${BackButton}</arg>
<arg>Tap</arg>
<arg>${BacktoHome}</arg>
</arguments>
<kw name="Tap" library="AppiumLibrary">
<doc>Tap element identified by ``locator``.</doc>
<arguments>
<arg>${BacktoHome}</arg>
</arguments>
<status status="PASS" starttime="20200716 14:25:53.718" endtime="20200716 14:25:53.791"></status>
</kw>
<status status="PASS" starttime="20200716 14:25:53.717" endtime="20200716 14:25:53.791"></status>
</kw>
<status status="PASS" starttime="20200716 14:25:27.082" endtime="20200716 14:25:53.791"></status>
</kw>
<tags>
<tag>Run_Again</tag>
</tags>
<status status="PASS" starttime="20200716 14:23:35.728" endtime="20200716 14:25:53.792" critical="yes"></status>
</test>
<test id="s1-t2" name="To verify that Gift Functionlaity for gifts of various service providers">
<kw name="Gifts_Customer.Login to the MSP android application for Gifts" library="Gifts_Customer">
<kw name="Invoke App" library="Login_To_MSP">
<arguments>
<arg>${Login_Number}</arg>
</arguments>
<kw name="Open Application msp" library="Login_To_MSP">
<arguments>
<arg>${Login_Number}</arg>
</arguments>
<kw name="Open Application" library="AppiumLibrary">
<doc>Opens a new application to given Appium server.
Capabilities of appium server, Android and iOS,
Please check https://github.com/appium/appium/blob/master/docs/en/writing-running-appium/server-args.md
| *Option*            | *Man.* | *Description*     |
| remote_url          | Yes    | Appium server url |
| alias               | no     | alias             |</doc>
<arguments>
<arg>http://localhost:4723/wd/hub</arg>
<arg>alias=Myapp1</arg>
<arg>platformName=Android</arg>
<arg>deviceName=MA</arg>
<arg>appPackage=com.ccpp.msp.uat</arg>
<arg>appActivity=com.ccpp.msp.Launcher</arg>
</arguments>
<status status="PASS" starttime="20200716 14:25:53.798" endtime="20200716 14:26:15.579"></status>
</kw>
<kw name="Run Keyword And Return Status" library="BuiltIn">
<doc>Runs the given keyword with given arguments and returns the status as a Boolean value.</doc>
<arguments>
<arg>Wait Until Element Is Visible</arg>
<arg>android=UiSelector().text("ALLOW")</arg>
<arg>10s</arg>
</arguments>
<assign>
<var>${IsElementVisible1}</var>
</assign>
<kw name="Wait Until Element Is Visible" library="AppiumLibrary">
<doc>Waits until element specified with `locator` is visible.</doc>
<arguments>
<arg>android=UiSelector().text("ALLOW")</arg>
<arg>10s</arg>
</arguments>
<status status="PASS" starttime="20200716 14:26:15.581" endtime="20200716 14:26:16.725"></status>
</kw>
<msg timestamp="20200716 14:26:16.725" level="INFO">${IsElementVisible1} = True</msg>
<status status="PASS" starttime="20200716 14:26:15.580" endtime="20200716 14:26:16.725"></status>
</kw>
<kw name="Run Keyword If" library="BuiltIn">
<doc>Runs the given keyword with the given arguments, if ``condition`` is true.</doc>
<arguments>
<arg>${IsElementVisible1}</arg>
<arg>Tap</arg>
<arg>id=com.android.packageinstaller:id/permission_allow_button</arg>
</arguments>
<kw name="Tap" library="AppiumLibrary">
<doc>Tap element identified by ``locator``.</doc>
<arguments>
<arg>id=com.android.packageinstaller:id/permission_allow_button</arg>
</arguments>
<status status="PASS" starttime="20200716 14:26:16.727" endtime="20200716 14:26:16.867"></status>
</kw>
<status status="PASS" starttime="20200716 14:26:16.726" endtime="20200716 14:26:16.867"></status>
</kw>
<kw name="Run Keyword And Return Status" library="BuiltIn">
<doc>Runs the given keyword with given arguments and returns the status as a Boolean value.</doc>
<arguments>
<arg>Wait Until Element Is Visible</arg>
<arg>android=UiSelector().text("SKIP")</arg>
<arg>10s</arg>
</arguments>
<assign>
<var>${Skip}</var>
</assign>
<kw name="Wait Until Element Is Visible" library="AppiumLibrary">
<doc>Waits until element specified with `locator` is visible.</doc>
<arguments>
<arg>android=UiSelector().text("SKIP")</arg>
<arg>10s</arg>
</arguments>
<status status="PASS" starttime="20200716 14:26:16.869" endtime="20200716 14:26:21.903"></status>
</kw>
<msg timestamp="20200716 14:26:21.904" level="INFO">${Skip} = True</msg>
<status status="PASS" starttime="20200716 14:26:16.868" endtime="20200716 14:26:21.904"></status>
</kw>
<kw name="Run Keyword If" library="BuiltIn">
<doc>Runs the given keyword with the given arguments, if ``condition`` is true.</doc>
<arguments>
<arg>${Skip}</arg>
<arg>Tap</arg>
<arg>android=UiSelector().text("SKIP")</arg>
</arguments>
<kw name="Tap" library="AppiumLibrary">
<doc>Tap element identified by ``locator``.</doc>
<arguments>
<arg>android=UiSelector().text("SKIP")</arg>
</arguments>
<status status="PASS" starttime="20200716 14:26:21.905" endtime="20200716 14:26:23.071"></status>
</kw>
<status status="PASS" starttime="20200716 14:26:21.904" endtime="20200716 14:26:23.071"></status>
</kw>
<kw name="Wait Until Element Is Visible" library="AppiumLibrary">
<doc>Waits until element specified with `locator` is visible.</doc>
<arguments>
<arg>android=UiSelector().text("REGISTER")</arg>
<arg>120s</arg>
</arguments>
<status status="PASS" starttime="20200716 14:26:23.072" endtime="20200716 14:26:23.265"></status>
</kw>
<kw name="Tap" library="AppiumLibrary">
<doc>Tap element identified by ``locator``.</doc>
<arguments>
<arg>android=UiSelector().text("Already have an account? SIGN IN")</arg>
</arguments>
<status status="PASS" starttime="20200716 14:26:23.266" endtime="20200716 14:26:26.845"></status>
</kw>
<kw name="Wait Until Element Is Visible" library="AppiumLibrary">
<doc>Waits until element specified with `locator` is visible.</doc>
<arguments>
<arg>android=UiSelector().text("Enter your mobile no.")</arg>
</arguments>
<status status="PASS" starttime="20200716 14:26:26.845" endtime="20200716 14:26:26.985"></status>
</kw>
<kw name="Input Text" library="AppiumLibrary">
<doc>Types the given `text` into text field identified by `locator`.</doc>
<arguments>
<arg>id=com.ccpp.msp.uat:id/edt_mobile</arg>
<arg>${Login_Number}</arg>
</arguments>
<msg timestamp="20200716 14:26:26.999" level="INFO">Typing text '9798304852' into text field 'id=com.ccpp.msp.uat:id/edt_mobile'</msg>
<status status="PASS" starttime="20200716 14:26:26.986" endtime="20200716 14:26:27.925"></status>
</kw>
<kw name="Tap" library="AppiumLibrary">
<doc>Tap element identified by ``locator``.</doc>
<arguments>
<arg>id=com.ccpp.msp.uat:id/btnConfirm</arg>
</arguments>
<status status="PASS" starttime="20200716 14:26:27.926" endtime="20200716 14:26:28.575"></status>
</kw>
<kw name="ENTER PASSCODE" library="ENTER_PASSCODE">
<kw name="Wait Until Element Is Visible" library="AppiumLibrary">
<doc>Waits until element specified with `locator` is visible.</doc>
<arguments>
<arg>android=UiSelector().text("ENTER PASSCODE")</arg>
<arg>60s</arg>
</arguments>
<status status="PASS" starttime="20200716 14:26:28.577" endtime="20200716 14:26:30.528"></status>
</kw>
<kw name="Tap" library="AppiumLibrary">
<doc>Tap element identified by ``locator``.</doc>
<arguments>
<arg>id=com.ccpp.msp.uat:id/k1</arg>
</arguments>
<status status="PASS" starttime="20200716 14:26:30.528" endtime="20200716 14:26:30.620"></status>
</kw>
<kw name="Tap" library="AppiumLibrary">
<doc>Tap element identified by ``locator``.</doc>
<arguments>
<arg>id=com.ccpp.msp.uat:id/k1</arg>
</arguments>
<status status="PASS" starttime="20200716 14:26:30.621" endtime="20200716 14:26:31.216"></status>
</kw>
<kw name="Tap" library="AppiumLibrary">
<doc>Tap element identified by ``locator``.</doc>
<arguments>
<arg>id=com.ccpp.msp.uat:id/k1</arg>
</arguments>
<status status="PASS" starttime="20200716 14:26:31.216" endtime="20200716 14:26:31.810"></status>
</kw>
<kw name="Tap" library="AppiumLibrary">
<doc>Tap element identified by ``locator``.</doc>
<arguments>
<arg>id=com.ccpp.msp.uat:id/k1</arg>
</arguments>
<status status="PASS" starttime="20200716 14:26:31.811" endtime="20200716 14:26:32.403"></status>
</kw>
<kw name="Tap" library="AppiumLibrary">
<doc>Tap element identified by ``locator``.</doc>
<arguments>
<arg>id=com.ccpp.msp.uat:id/k1</arg>
</arguments>
<status status="PASS" starttime="20200716 14:26:32.403" endtime="20200716 14:26:32.991"></status>
</kw>
<kw name="Tap" library="AppiumLibrary">
<doc>Tap element identified by ``locator``.</doc>
<arguments>
<arg>id=com.ccpp.msp.uat:id/k1</arg>
</arguments>
<status status="PASS" starttime="20200716 14:26:32.991" endtime="20200716 14:26:33.554"></status>
</kw>
<status status="PASS" starttime="20200716 14:26:28.576" endtime="20200716 14:26:33.556"></status>
</kw>
<kw name="If Fails To Login" library="ENTER_PASSCODE">
<kw name="Run Keyword And Return Status" library="BuiltIn">
<doc>Runs the given keyword with given arguments and returns the status as a Boolean value.</doc>
<arguments>
<arg>Wait Until Element Is Visible</arg>
<arg>android=UiSelector().text("Try again or tap forgot passcode to reset.")</arg>
<arg>8s</arg>
</arguments>
<assign>
<var>${Again}</var>
</assign>
<kw name="Wait Until Element Is Visible" library="AppiumLibrary">
<doc>Waits until element specified with `locator` is visible.</doc>
<arguments>
<arg>android=UiSelector().text("Try again or tap forgot passcode to reset.")</arg>
<arg>8s</arg>
</arguments>
<kw name="Capture Page Screenshot" library="AppiumLibrary">
<doc>Takes a screenshot of the current page and embeds it into the log.</doc>
<msg timestamp="20200716 14:26:43.728" level="INFO" html="yes">&lt;/td&gt;&lt;/tr&gt;&lt;tr&gt;&lt;td colspan="3"&gt;&lt;a href="appium-screenshot-7.png"&gt;&lt;img src="appium-screenshot-7.png" width="800px"&gt;&lt;/a&gt;</msg>
<status status="PASS" starttime="20200716 14:26:41.672" endtime="20200716 14:26:43.730"></status>
</kw>
<msg timestamp="20200716 14:26:43.733" level="FAIL">Element locator 'android=UiSelector().text("Try again or tap forgot passcode to reset.")' did not match any elements after 8 seconds</msg>
<status status="FAIL" starttime="20200716 14:26:33.560" endtime="20200716 14:26:43.734"></status>
</kw>
<msg timestamp="20200716 14:26:43.735" level="INFO">${Again} = False</msg>
<status status="PASS" starttime="20200716 14:26:33.559" endtime="20200716 14:26:43.735"></status>
</kw>
<kw name="Run Keyword If" library="BuiltIn">
<doc>Runs the given keyword with the given arguments, if ``condition`` is true.</doc>
<arguments>
<arg>${Again}</arg>
<arg>Continue_Pass</arg>
</arguments>
<status status="PASS" starttime="20200716 14:26:43.737" endtime="20200716 14:26:43.737"></status>
</kw>
<status status="PASS" starttime="20200716 14:26:33.557" endtime="20200716 14:26:43.737"></status>
</kw>
<kw name="Wait Until Element Is Visible" library="AppiumLibrary">
<doc>Waits until element specified with `locator` is visible.</doc>
<arguments>
<arg>android=UiSelector().text("Transfer")</arg>
<arg>30s</arg>
</arguments>
<status status="PASS" starttime="20200716 14:26:43.738" endtime="20200716 14:26:44.185"></status>
</kw>
<status status="PASS" starttime="20200716 14:25:53.796" endtime="20200716 14:26:44.185"></status>
</kw>
<status status="PASS" starttime="20200716 14:25:53.796" endtime="20200716 14:26:44.185"></status>
</kw>
<status status="PASS" starttime="20200716 14:25:53.795" endtime="20200716 14:26:44.185"></status>
</kw>
<kw name="Gifts_Customer.To verify that iTunes service provider for customer gifts" library="Gifts_Customer">
<kw name="Tap" library="AppiumLibrary">
<doc>Tap element identified by ``locator``.</doc>
<arguments>
<arg>${GiftButton}</arg>
</arguments>
<status status="PASS" starttime="20200716 14:26:44.191" endtime="20200716 14:26:44.748"></status>
</kw>
<kw name="Wait Until Element Is Visible" library="AppiumLibrary">
<doc>Waits until element specified with `locator` is visible.</doc>
<arguments>
<arg>${Wait_gifts}</arg>
<arg>30s</arg>
</arguments>
<status status="PASS" starttime="20200716 14:26:44.749" endtime="20200716 14:26:48.492"></status>
</kw>
<kw name="Tap" library="AppiumLibrary">
<doc>Tap element identified by ``locator``.</doc>
<arguments>
<arg>android=UiSelector().text("iTunes")</arg>
</arguments>
<status status="PASS" starttime="20200716 14:26:48.492" endtime="20200716 14:26:50.257"></status>
</kw>
<kw name="Wait Until Element Is Visible" library="AppiumLibrary">
<doc>Waits until element specified with `locator` is visible.</doc>
<arguments>
<arg>${iTunes}</arg>
<arg>30s</arg>
</arguments>
<status status="PASS" starttime="20200716 14:26:50.257" endtime="20200716 14:26:52.072"></status>
</kw>
<kw name="Create List" library="BuiltIn">
<doc>Returns a list containing given items.</doc>
<arguments>
<arg>5</arg>
<arg>10</arg>
<arg>15</arg>
<arg>25</arg>
<arg>50</arg>
<arg>100</arg>
</arguments>
<assign>
<var>@{amount}</var>
</assign>
<msg timestamp="20200716 14:26:52.073" level="INFO">@{amount} = [ 5 | 10 | 15 | 25 | 50 | 100 ]</msg>
<status status="PASS" starttime="20200716 14:26:52.072" endtime="20200716 14:26:52.073"></status>
</kw>
<kw name="${i} IN [ @{amount} ]" type="for">
<kw name="${i} = 5" type="foritem">
<kw name="Tap" library="AppiumLibrary">
<doc>Tap element identified by ``locator``.</doc>
<arguments>
<arg>android=UiSelector().text("${i}")</arg>
<arg>30</arg>
</arguments>
<status status="PASS" starttime="20200716 14:26:52.074" endtime="20200716 14:26:54.923"></status>
</kw>
<kw name="Run Keyword And Return Status" library="BuiltIn">
<doc>Runs the given keyword with given arguments and returns the status as a Boolean value.</doc>
<arguments>
<arg>Wait Until Element Is Visible</arg>
<arg>${okBtn}</arg>
<arg>5s</arg>
</arguments>
<assign>
<var>${Outofstock}</var>
</assign>
<kw name="Wait Until Element Is Visible" library="AppiumLibrary">
<doc>Waits until element specified with `locator` is visible.</doc>
<arguments>
<arg>${okBtn}</arg>
<arg>5s</arg>
</arguments>
<kw name="Capture Page Screenshot" library="AppiumLibrary">
<doc>Takes a screenshot of the current page and embeds it into the log.</doc>
<msg timestamp="20200716 14:27:00.959" level="INFO" html="yes">&lt;/td&gt;&lt;/tr&gt;&lt;tr&gt;&lt;td colspan="3"&gt;&lt;a href="appium-screenshot-8.png"&gt;&lt;img src="appium-screenshot-8.png" width="800px"&gt;&lt;/a&gt;</msg>
<status status="PASS" starttime="20200716 14:27:00.059" endtime="20200716 14:27:00.960"></status>
</kw>
<msg timestamp="20200716 14:27:00.960" level="FAIL">Element locator 'android=UiSelector().text("OK")' did not match any elements after 5 seconds</msg>
<status status="FAIL" starttime="20200716 14:26:54.924" endtime="20200716 14:27:00.960"></status>
</kw>
<msg timestamp="20200716 14:27:00.960" level="INFO">${Outofstock} = False</msg>
<status status="PASS" starttime="20200716 14:26:54.923" endtime="20200716 14:27:00.960"></status>
</kw>
<kw name="Run Keyword If" library="BuiltIn">
<doc>Runs the given keyword with the given arguments, if ``condition`` is true.</doc>
<arguments>
<arg>${Outofstock}</arg>
<arg>Tap</arg>
<arg>${okBtn}</arg>
</arguments>
<status status="PASS" starttime="20200716 14:27:00.961" endtime="20200716 14:27:00.961"></status>
</kw>
<kw name="Run Keyword And Return Status" library="BuiltIn">
<doc>Runs the given keyword with given arguments and returns the status as a Boolean value.</doc>
<arguments>
<arg>Wait Until Element Is Visible</arg>
<arg>${ConfirmBtn}</arg>
<arg>5s</arg>
</arguments>
<assign>
<var>${cnfrm}</var>
</assign>
<kw name="Wait Until Element Is Visible" library="AppiumLibrary">
<doc>Waits until element specified with `locator` is visible.</doc>
<arguments>
<arg>${ConfirmBtn}</arg>
<arg>5s</arg>
</arguments>
<status status="PASS" starttime="20200716 14:27:00.963" endtime="20200716 14:27:01.344"></status>
</kw>
<msg timestamp="20200716 14:27:01.344" level="INFO">${cnfrm} = True</msg>
<status status="PASS" starttime="20200716 14:27:00.962" endtime="20200716 14:27:01.344"></status>
</kw>
<kw name="Run Keyword If" library="BuiltIn">
<doc>Runs the given keyword with the given arguments, if ``condition`` is true.</doc>
<arguments>
<arg>${cnfrm}</arg>
<arg>PossibleRebate</arg>
</arguments>
<kw name="PossibleRebate" library="HandleRebate">
<kw name="Run Keyword And Return Status" library="BuiltIn">
<doc>Runs the given keyword with given arguments and returns the status as a Boolean value.</doc>
<arguments>
<arg>Wait Until Element Is Visible</arg>
<arg>android=UiSelector().text("Rebate")</arg>
<arg>10s</arg>
</arguments>
<assign>
<var>${rebate}</var>
</assign>
<kw name="Wait Until Element Is Visible" library="AppiumLibrary">
<doc>Waits until element specified with `locator` is visible.</doc>
<arguments>
<arg>android=UiSelector().text("Rebate")</arg>
<arg>10s</arg>
</arguments>
<kw name="Capture Page Screenshot" library="AppiumLibrary">
<doc>Takes a screenshot of the current page and embeds it into the log.</doc>
<msg timestamp="20200716 14:27:11.729" level="INFO" html="yes">&lt;/td&gt;&lt;/tr&gt;&lt;tr&gt;&lt;td colspan="3"&gt;&lt;a href="appium-screenshot-9.png"&gt;&lt;img src="appium-screenshot-9.png" width="800px"&gt;&lt;/a&gt;</msg>
<status status="PASS" starttime="20200716 14:27:11.421" endtime="20200716 14:27:11.729"></status>
</kw>
<msg timestamp="20200716 14:27:11.730" level="FAIL">Element locator 'android=UiSelector().text("Rebate")' did not match any elements after 10 seconds</msg>
<status status="FAIL" starttime="20200716 14:27:01.346" endtime="20200716 14:27:11.730"></status>
</kw>
<msg timestamp="20200716 14:27:11.730" level="INFO">${rebate} = False</msg>
<status status="PASS" starttime="20200716 14:27:01.346" endtime="20200716 14:27:11.730"></status>
</kw>
<kw name="Run Keyword If" library="BuiltIn">
<doc>Runs the given keyword with the given arguments, if ``condition`` is true.</doc>
<arguments>
<arg>${rebate}</arg>
<arg>rebate value</arg>
</arguments>
<status status="PASS" starttime="20200716 14:27:11.731" endtime="20200716 14:27:11.731"></status>
</kw>
<status status="PASS" starttime="20200716 14:27:01.345" endtime="20200716 14:27:11.731"></status>
</kw>
<status status="PASS" starttime="20200716 14:27:01.345" endtime="20200716 14:27:11.731"></status>
</kw>
<kw name="Exit For Loop If" library="BuiltIn">
<doc>Stops executing the enclosing for loop if the ``condition`` is true.</doc>
<arguments>
<arg>${cnfrm} == True</arg>
</arguments>
<msg timestamp="20200716 14:27:11.732" level="INFO">Exiting for loop altogether.</msg>
<status status="PASS" starttime="20200716 14:27:11.731" endtime="20200716 14:27:11.732"></status>
</kw>
<status status="PASS" starttime="20200716 14:26:52.074" endtime="20200716 14:27:11.732"></status>
</kw>
<status status="PASS" starttime="20200716 14:26:52.073" endtime="20200716 14:27:11.732"></status>
</kw>
<kw name="Run Keyword If" library="BuiltIn">
<doc>Runs the given keyword with the given arguments, if ``condition`` is true.</doc>
<arguments>
<arg>${cnfrm} == False</arg>
<arg>log to console</arg>
<arg>all amounts out of stock</arg>
</arguments>
<status status="PASS" starttime="20200716 14:27:11.732" endtime="20200716 14:27:11.733"></status>
</kw>
<kw name="Pass Execution If" library="BuiltIn">
<doc>Conditionally skips rest of the current test, setup, or teardown with PASS status.</doc>
<arguments>
<arg>${cnfrm} == False</arg>
<arg>all amounts out of stock</arg>
</arguments>
<status status="PASS" starttime="20200716 14:27:11.733" endtime="20200716 14:27:11.734"></status>
</kw>
<kw name="Wait Until Element Is Visible" library="AppiumLibrary">
<doc>Waits until element specified with `locator` is visible.</doc>
<arguments>
<arg>${ConfirmBtn}</arg>
<arg>30s</arg>
<arg>error=Test case failed due to all amounts are out of stock</arg>
</arguments>
<status status="PASS" starttime="20200716 14:27:11.734" endtime="20200716 14:27:11.787"></status>
</kw>
<kw name="Get Text" library="AppiumLibrary">
<doc>Get element text (for hybrid and mobile browser use `xpath` locator, others might cause problem)</doc>
<arguments>
<arg>id=com.ccpp.msp.uat:id/tvAmount</arg>
</arguments>
<assign>
<var>${ConfAmt}</var>
</assign>
<msg timestamp="20200716 14:27:11.832" level="INFO">Element 'id=com.ccpp.msp.uat:id/tvAmount' text is '7,701' </msg>
<msg timestamp="20200716 14:27:11.832" level="INFO">${ConfAmt} = 7,701</msg>
<status status="PASS" starttime="20200716 14:27:11.787" endtime="20200716 14:27:11.832"></status>
</kw>
<kw name="Log To Console" library="BuiltIn">
<doc>Logs the given message to the console.</doc>
<arguments>
<arg>${ConfAmt}</arg>
</arguments>
<status status="PASS" starttime="20200716 14:27:11.833" endtime="20200716 14:27:11.833"></status>
</kw>
<kw name="Get Text" library="AppiumLibrary">
<doc>Get element text (for hybrid and mobile browser use `xpath` locator, others might cause problem)</doc>
<arguments>
<arg>id=com.ccpp.msp.uat:id/tvMswRec</arg>
</arguments>
<assign>
<var>${billeriTunes}</var>
</assign>
<msg timestamp="20200716 14:27:11.880" level="INFO">Element 'id=com.ccpp.msp.uat:id/tvMswRec' text is 'iTunes' </msg>
<msg timestamp="20200716 14:27:11.881" level="INFO">${billeriTunes} = iTunes</msg>
<status status="PASS" starttime="20200716 14:27:11.834" endtime="20200716 14:27:11.881"></status>
</kw>
<kw name="Should Be Equal" library="BuiltIn">
<doc>Fails if the given objects are unequal.</doc>
<arguments>
<arg>iTunes</arg>
<arg>${billeriTunes}</arg>
<arg>msg= Seleted iTunes as a biller match is not with biller name on confirm page as ${billeriTunes}</arg>
</arguments>
<status status="PASS" starttime="20200716 14:27:11.881" endtime="20200716 14:27:11.882"></status>
</kw>
<kw name="Log To Console" library="BuiltIn">
<doc>Logs the given message to the console.</doc>
<arguments>
<arg>${billeriTunes}</arg>
</arguments>
<status status="PASS" starttime="20200716 14:27:11.882" endtime="20200716 14:27:11.882"></status>
</kw>
<kw name="Tap" library="AppiumLibrary">
<doc>Tap element identified by ``locator``.</doc>
<arguments>
<arg>${ConfirmBtn}</arg>
</arguments>
<status status="PASS" starttime="20200716 14:27:11.883" endtime="20200716 14:27:13.891"></status>
</kw>
<kw name="ENTER PASSCODE" library="ENTER_PASSCODE">
<kw name="Wait Until Element Is Visible" library="AppiumLibrary">
<doc>Waits until element specified with `locator` is visible.</doc>
<arguments>
<arg>android=UiSelector().text("ENTER PASSCODE")</arg>
<arg>60s</arg>
</arguments>
<status status="PASS" starttime="20200716 14:27:13.893" endtime="20200716 14:27:14.041"></status>
</kw>
<kw name="Tap" library="AppiumLibrary">
<doc>Tap element identified by ``locator``.</doc>
<arguments>
<arg>id=com.ccpp.msp.uat:id/k1</arg>
</arguments>
<status status="PASS" starttime="20200716 14:27:14.041" endtime="20200716 14:27:14.205"></status>
</kw>
<kw name="Tap" library="AppiumLibrary">
<doc>Tap element identified by ``locator``.</doc>
<arguments>
<arg>id=com.ccpp.msp.uat:id/k1</arg>
</arguments>
<status status="PASS" starttime="20200716 14:27:14.205" endtime="20200716 14:27:14.757"></status>
</kw>
<kw name="Tap" library="AppiumLibrary">
<doc>Tap element identified by ``locator``.</doc>
<arguments>
<arg>id=com.ccpp.msp.uat:id/k1</arg>
</arguments>
<status status="PASS" starttime="20200716 14:27:14.757" endtime="20200716 14:27:15.302"></status>
</kw>
<kw name="Tap" library="AppiumLibrary">
<doc>Tap element identified by ``locator``.</doc>
<arguments>
<arg>id=com.ccpp.msp.uat:id/k1</arg>
</arguments>
<status status="PASS" starttime="20200716 14:27:15.302" endtime="20200716 14:27:15.885"></status>
</kw>
<kw name="Tap" library="AppiumLibrary">
<doc>Tap element identified by ``locator``.</doc>
<arguments>
<arg>id=com.ccpp.msp.uat:id/k1</arg>
</arguments>
<status status="PASS" starttime="20200716 14:27:15.886" endtime="20200716 14:27:16.465"></status>
</kw>
<kw name="Tap" library="AppiumLibrary">
<doc>Tap element identified by ``locator``.</doc>
<arguments>
<arg>id=com.ccpp.msp.uat:id/k1</arg>
</arguments>
<status status="PASS" starttime="20200716 14:27:16.466" endtime="20200716 14:27:17.198"></status>
</kw>
<status status="PASS" starttime="20200716 14:27:13.892" endtime="20200716 14:27:17.199"></status>
</kw>
<kw name="If Fails To Login" library="ENTER_PASSCODE">
<kw name="Run Keyword And Return Status" library="BuiltIn">
<doc>Runs the given keyword with given arguments and returns the status as a Boolean value.</doc>
<arguments>
<arg>Wait Until Element Is Visible</arg>
<arg>android=UiSelector().text("Try again or tap forgot passcode to reset.")</arg>
<arg>8s</arg>
</arguments>
<assign>
<var>${Again}</var>
</assign>
<kw name="Wait Until Element Is Visible" library="AppiumLibrary">
<doc>Waits until element specified with `locator` is visible.</doc>
<arguments>
<arg>android=UiSelector().text("Try again or tap forgot passcode to reset.")</arg>
<arg>8s</arg>
</arguments>
<kw name="Capture Page Screenshot" library="AppiumLibrary">
<doc>Takes a screenshot of the current page and embeds it into the log.</doc>
<msg timestamp="20200716 14:27:26.827" level="INFO" html="yes">&lt;/td&gt;&lt;/tr&gt;&lt;tr&gt;&lt;td colspan="3"&gt;&lt;a href="appium-screenshot-10.png"&gt;&lt;img src="appium-screenshot-10.png" width="800px"&gt;&lt;/a&gt;</msg>
<status status="PASS" starttime="20200716 14:27:25.303" endtime="20200716 14:27:26.827"></status>
</kw>
<msg timestamp="20200716 14:27:26.828" level="FAIL">Element locator 'android=UiSelector().text("Try again or tap forgot passcode to reset.")' did not match any elements after 8 seconds</msg>
<status status="FAIL" starttime="20200716 14:27:17.207" endtime="20200716 14:27:26.828"></status>
</kw>
<msg timestamp="20200716 14:27:26.829" level="INFO">${Again} = False</msg>
<status status="PASS" starttime="20200716 14:27:17.201" endtime="20200716 14:27:26.829"></status>
</kw>
<kw name="Run Keyword If" library="BuiltIn">
<doc>Runs the given keyword with the given arguments, if ``condition`` is true.</doc>
<arguments>
<arg>${Again}</arg>
<arg>Continue_Pass</arg>
</arguments>
<status status="PASS" starttime="20200716 14:27:26.829" endtime="20200716 14:27:26.830"></status>
</kw>
<status status="PASS" starttime="20200716 14:27:17.199" endtime="20200716 14:27:26.830"></status>
</kw>
<kw name="Allow_Pop-up" library="HandleRebate">
<kw name="Run Keyword And Return Status" library="BuiltIn">
<doc>Runs the given keyword with given arguments and returns the status as a Boolean value.</doc>
<arguments>
<arg>Wait Until Element Is Visible</arg>
<arg>android=UiSelector().text("ALLOW")</arg>
<arg>10s</arg>
</arguments>
<assign>
<var>${Allow}</var>
</assign>
<kw name="Wait Until Element Is Visible" library="AppiumLibrary">
<doc>Waits until element specified with `locator` is visible.</doc>
<arguments>
<arg>android=UiSelector().text("ALLOW")</arg>
<arg>10s</arg>
</arguments>
<status status="PASS" starttime="20200716 14:27:26.833" endtime="20200716 14:27:26.902"></status>
</kw>
<msg timestamp="20200716 14:27:26.902" level="INFO">${Allow} = True</msg>
<status status="PASS" starttime="20200716 14:27:26.832" endtime="20200716 14:27:26.902"></status>
</kw>
<kw name="Run Keyword If" library="BuiltIn">
<doc>Runs the given keyword with the given arguments, if ``condition`` is true.</doc>
<arguments>
<arg>${Allow}</arg>
<arg>Tap</arg>
<arg>id=com.android.packageinstaller:id/permission_allow_button</arg>
</arguments>
<kw name="Tap" library="AppiumLibrary">
<doc>Tap element identified by ``locator``.</doc>
<arguments>
<arg>id=com.android.packageinstaller:id/permission_allow_button</arg>
</arguments>
<status status="PASS" starttime="20200716 14:27:26.904" endtime="20200716 14:27:26.996"></status>
</kw>
<status status="PASS" starttime="20200716 14:27:26.903" endtime="20200716 14:27:26.996"></status>
</kw>
<status status="PASS" starttime="20200716 14:27:26.831" endtime="20200716 14:27:26.996"></status>
</kw>
<kw name="Wait Until Keyword Succeeds" library="BuiltIn">
<doc>Runs the specified keyword and retries if it fails.</doc>
<arguments>
<arg>1 min</arg>
<arg>1 sec</arg>
<arg>Element Should Be Visible</arg>
<arg>${SucessPg}</arg>
</arguments>
<kw name="Element Should Be Visible" library="AppiumLibrary">
<doc>Verifies that element identified with locator is visible.</doc>
<arguments>
<arg>${SucessPg}</arg>
</arguments>
<kw name="Capture Page Screenshot" library="AppiumLibrary">
<doc>Takes a screenshot of the current page and embeds it into the log.</doc>
<msg timestamp="20200716 14:27:30.489" level="INFO" html="yes">&lt;/td&gt;&lt;/tr&gt;&lt;tr&gt;&lt;td colspan="3"&gt;&lt;a href="appium-screenshot-11.png"&gt;&lt;img src="appium-screenshot-11.png" width="800px"&gt;&lt;/a&gt;</msg>
<status status="PASS" starttime="20200716 14:27:28.927" endtime="20200716 14:27:30.490"></status>
</kw>
<msg timestamp="20200716 14:27:30.491" level="FAIL">ValueError: Element locator 'xpath=//android.widget.TextView[@text='SUCCESS!']' did not match any elements.</msg>
<status status="FAIL" starttime="20200716 14:27:26.998" endtime="20200716 14:27:30.492"></status>
</kw>
<kw name="Element Should Be Visible" library="AppiumLibrary">
<doc>Verifies that element identified with locator is visible.</doc>
<arguments>
<arg>${SucessPg}</arg>
</arguments>
<status status="PASS" starttime="20200716 14:27:31.494" endtime="20200716 14:27:32.386"></status>
</kw>
<status status="PASS" starttime="20200716 14:27:26.997" endtime="20200716 14:27:32.386"></status>
</kw>
<kw name="Get Text" library="AppiumLibrary">
<doc>Get element text (for hybrid and mobile browser use `xpath` locator, others might cause problem)</doc>
<arguments>
<arg>${TotalAmt}</arg>
</arguments>
<assign>
<var>${SuccessAmount}</var>
</assign>
<msg timestamp="20200716 14:27:32.464" level="INFO">Element 'id=com.ccpp.msp.uat:id/total' text is '7,701' </msg>
<msg timestamp="20200716 14:27:32.464" level="INFO">${SuccessAmount} = 7,701</msg>
<status status="PASS" starttime="20200716 14:27:32.386" endtime="20200716 14:27:32.464"></status>
</kw>
<kw name="Log To Console" library="BuiltIn">
<doc>Logs the given message to the console.</doc>
<arguments>
<arg>${SuccessAmount}</arg>
</arguments>
<status status="PASS" starttime="20200716 14:27:32.465" endtime="20200716 14:27:32.466"></status>
</kw>
<kw name="Should Be Equal" library="BuiltIn">
<doc>Fails if the given objects are unequal.</doc>
<arguments>
<arg>${ConfAmt}</arg>
<arg>${SuccessAmount}</arg>
<arg>msg= Seleted ${ConfAmt} as a biller is not match with biller name on confirm page as ${SuccessAmount}</arg>
</arguments>
<status status="PASS" starttime="20200716 14:27:32.467" endtime="20200716 14:27:32.467"></status>
</kw>
<kw name="Scroll" library="AppiumLibrary">
<doc>Scrolls from one element to another
Key attributes for arbitrary elements are `id` and `name`. See
`introduction` for details about locating elements.</doc>
<arguments>
<arg>${ScrollFrom}</arg>
<arg>${ScrollToGift}</arg>
</arguments>
<status status="PASS" starttime="20200716 14:27:32.468" endtime="20200716 14:27:34.394"></status>
</kw>
<kw name="Wait Until Element Is Visible" library="AppiumLibrary">
<doc>Waits until element specified with `locator` is visible.</doc>
<arguments>
<arg>${BacktoHome}</arg>
<arg>30s</arg>
</arguments>
<status status="PASS" starttime="20200716 14:27:34.394" endtime="20200716 14:27:34.713"></status>
</kw>
<kw name="Get Text" library="AppiumLibrary">
<doc>Get element text (for hybrid and mobile browser use `xpath` locator, others might cause problem)</doc>
<arguments>
<arg>${Details}</arg>
</arguments>
<assign>
<var>${successiTunes}</var>
</assign>
<msg timestamp="20200716 14:27:34.823" level="INFO">Element 'id=com.ccpp.msp.uat:id/recName' text is 'iTunes' </msg>
<msg timestamp="20200716 14:27:34.824" level="INFO">${successiTunes} = iTunes</msg>
<status status="PASS" starttime="20200716 14:27:34.713" endtime="20200716 14:27:34.824"></status>
</kw>
<kw name="Log To Console" library="BuiltIn">
<doc>Logs the given message to the console.</doc>
<arguments>
<arg>${successiTunes}</arg>
</arguments>
<status status="PASS" starttime="20200716 14:27:34.824" endtime="20200716 14:27:34.826"></status>
</kw>
<kw name="Should Be Equal" library="BuiltIn">
<doc>Fails if the given objects are unequal.</doc>
<arguments>
<arg>iTunes</arg>
<arg>${successiTunes}</arg>
<arg>msg= Seleted iTunes as a biller is not match with biller name on confirm page as ${successiTunes}</arg>
</arguments>
<status status="PASS" starttime="20200716 14:27:34.827" endtime="20200716 14:27:34.830"></status>
</kw>
<kw name="Tap" library="AppiumLibrary">
<doc>Tap element identified by ``locator``.</doc>
<arguments>
<arg>${Share}</arg>
</arguments>
<status status="PASS" starttime="20200716 14:27:34.831" endtime="20200716 14:27:36.761"></status>
</kw>
<kw name="Press Keycode" library="AppiumLibrary">
<doc>Sends a press of keycode to the device.</doc>
<arguments>
<arg>4</arg>
</arguments>
<status status="PASS" starttime="20200716 14:27:36.762" endtime="20200716 14:27:38.119"></status>
</kw>
<kw name="Sleep" library="BuiltIn">
<doc>Pauses the test executed for the given time.</doc>
<arguments>
<arg>2s</arg>
</arguments>
<msg timestamp="20200716 14:27:40.121" level="INFO">Slept 2 seconds</msg>
<status status="PASS" starttime="20200716 14:27:38.120" endtime="20200716 14:27:40.121"></status>
</kw>
<kw name="Wait Until Element Is Visible" library="AppiumLibrary">
<doc>Waits until element specified with `locator` is visible.</doc>
<arguments>
<arg>${BacktoHome}</arg>
<arg>30s</arg>
</arguments>
<status status="PASS" starttime="20200716 14:27:40.121" endtime="20200716 14:27:40.244"></status>
</kw>
<kw name="Tap" library="AppiumLibrary">
<doc>Tap element identified by ``locator``.</doc>
<arguments>
<arg>${BacktoHome}</arg>
</arguments>
<status status="PASS" starttime="20200716 14:27:40.245" endtime="20200716 14:27:40.341"></status>
</kw>
<kw name="Sleep" library="BuiltIn">
<doc>Pauses the test executed for the given time.</doc>
<arguments>
<arg>3s</arg>
</arguments>
<msg timestamp="20200716 14:27:43.342" level="INFO">Slept 3 seconds</msg>
<status status="PASS" starttime="20200716 14:27:40.341" endtime="20200716 14:27:43.342"></status>
</kw>
<kw name="Run Keyword And Return Status" library="BuiltIn">
<doc>Runs the given keyword with given arguments and returns the status as a Boolean value.</doc>
<arguments>
<arg>Wait Until Element Is Visible</arg>
<arg>${ReedeemSucess}</arg>
<arg>5s</arg>
</arguments>
<assign>
<var>${Redeem}</var>
</assign>
<kw name="Wait Until Element Is Visible" library="AppiumLibrary">
<doc>Waits until element specified with `locator` is visible.</doc>
<arguments>
<arg>${ReedeemSucess}</arg>
<arg>5s</arg>
</arguments>
<kw name="Capture Page Screenshot" library="AppiumLibrary">
<doc>Takes a screenshot of the current page and embeds it into the log.</doc>
<msg timestamp="20200716 14:27:51.030" level="INFO" html="yes">&lt;/td&gt;&lt;/tr&gt;&lt;tr&gt;&lt;td colspan="3"&gt;&lt;a href="appium-screenshot-12.png"&gt;&lt;img src="appium-screenshot-12.png" width="800px"&gt;&lt;/a&gt;</msg>
<status status="PASS" starttime="20200716 14:27:48.673" endtime="20200716 14:27:51.030"></status>
</kw>
<msg timestamp="20200716 14:27:51.032" level="FAIL">Element locator 'android=UiSelector().text("Redeem Success")' did not match any elements after 5 seconds</msg>
<status status="FAIL" starttime="20200716 14:27:43.344" endtime="20200716 14:27:51.032"></status>
</kw>
<msg timestamp="20200716 14:27:51.032" level="INFO">${Redeem} = False</msg>
<status status="PASS" starttime="20200716 14:27:43.343" endtime="20200716 14:27:51.032"></status>
</kw>
<kw name="Run Keyword If" library="BuiltIn">
<doc>Runs the given keyword with the given arguments, if ``condition`` is true.</doc>
<arguments>
<arg>${Redeem}</arg>
<arg>popup</arg>
</arguments>
<status status="PASS" starttime="20200716 14:27:51.033" endtime="20200716 14:27:51.033"></status>
</kw>
<status status="PASS" starttime="20200716 14:26:44.190" endtime="20200716 14:27:51.034"></status>
</kw>
<kw name="Gifts_Customer.To verify that Vakok Service provider for Customer gifts" library="Gifts_Customer">
<kw name="Run Keyword And Return Status" library="BuiltIn">
<doc>Runs the given keyword with given arguments and returns the status as a Boolean value.</doc>
<arguments>
<arg>Wait Until Element Is Visible</arg>
<arg>${iTunes}</arg>
<arg>4s</arg>
</arguments>
<assign>
<var>${Internetbar}</var>
</assign>
<kw name="Wait Until Element Is Visible" library="AppiumLibrary">
<doc>Waits until element specified with `locator` is visible.</doc>
<arguments>
<arg>${iTunes}</arg>
<arg>4s</arg>
</arguments>
<kw name="Capture Page Screenshot" library="AppiumLibrary">
<doc>Takes a screenshot of the current page and embeds it into the log.</doc>
<msg timestamp="20200716 14:27:57.831" level="INFO" html="yes">&lt;/td&gt;&lt;/tr&gt;&lt;tr&gt;&lt;td colspan="3"&gt;&lt;a href="appium-screenshot-13.png"&gt;&lt;img src="appium-screenshot-13.png" width="800px"&gt;&lt;/a&gt;</msg>
<status status="PASS" starttime="20200716 14:27:55.530" endtime="20200716 14:27:57.831"></status>
</kw>
<msg timestamp="20200716 14:27:57.833" level="FAIL">Element locator 'android=UiSelector().text("iTunes")' did not match any elements after 4 seconds</msg>
<status status="FAIL" starttime="20200716 14:27:51.042" endtime="20200716 14:27:57.833"></status>
</kw>
<msg timestamp="20200716 14:27:57.833" level="INFO">${Internetbar} = False</msg>
<status status="PASS" starttime="20200716 14:27:51.041" endtime="20200716 14:27:57.833"></status>
</kw>
<kw name="Run Keyword If" library="BuiltIn">
<doc>Runs the given keyword with the given arguments, if ``condition`` is true.</doc>
<arguments>
<arg>${Internetbar}</arg>
<arg>Press Keycode</arg>
<arg>4</arg>
</arguments>
<status status="PASS" starttime="20200716 14:27:57.834" endtime="20200716 14:27:57.834"></status>
</kw>
<kw name="Tap" library="AppiumLibrary">
<doc>Tap element identified by ``locator``.</doc>
<arguments>
<arg>${GiftButton}</arg>
</arguments>
<status status="PASS" starttime="20200716 14:27:57.835" endtime="20200716 14:27:58.142"></status>
</kw>
<kw name="Wait Until Element Is Visible" library="AppiumLibrary">
<doc>Waits until element specified with `locator` is visible.</doc>
<arguments>
<arg>${Wait_gifts}</arg>
<arg>30s</arg>
</arguments>
<status status="PASS" starttime="20200716 14:27:58.143" endtime="20200716 14:28:00.219"></status>
</kw>
<kw name="Tap" library="AppiumLibrary">
<doc>Tap element identified by ``locator``.</doc>
<arguments>
<arg>${Vakok}</arg>
</arguments>
<status status="PASS" starttime="20200716 14:28:00.220" endtime="20200716 14:28:02.930"></status>
</kw>
<kw name="Wait Until Element Is Visible" library="AppiumLibrary">
<doc>Waits until element specified with `locator` is visible.</doc>
<arguments>
<arg>${Vakok}</arg>
<arg>30s</arg>
</arguments>
<status status="PASS" starttime="20200716 14:28:02.931" endtime="20200716 14:28:03.291"></status>
</kw>
<kw name="Create List" library="BuiltIn">
<doc>Returns a list containing given items.</doc>
<arguments>
<arg>3,000</arg>
<arg>5,000</arg>
<arg>10,000</arg>
</arguments>
<assign>
<var>@{amount}</var>
</assign>
<msg timestamp="20200716 14:28:03.292" level="INFO">@{amount} = [ 3,000 | 5,000 | 10,000 ]</msg>
<status status="PASS" starttime="20200716 14:28:03.292" endtime="20200716 14:28:03.292"></status>
</kw>
<kw name="${i} IN [ @{amount} ]" type="for">
<kw name="${i} = 3,000" type="foritem">
<kw name="Tap" library="AppiumLibrary">
<doc>Tap element identified by ``locator``.</doc>
<arguments>
<arg>android=UiSelector().text("${i}")</arg>
<arg>30</arg>
</arguments>
<status status="PASS" starttime="20200716 14:28:03.293" endtime="20200716 14:28:04.687"></status>
</kw>
<kw name="Run Keyword And Return Status" library="BuiltIn">
<doc>Runs the given keyword with given arguments and returns the status as a Boolean value.</doc>
<arguments>
<arg>Wait Until Element Is Visible</arg>
<arg>${okBtn}</arg>
<arg>5s</arg>
</arguments>
<assign>
<var>${Outofstock}</var>
</assign>
<kw name="Wait Until Element Is Visible" library="AppiumLibrary">
<doc>Waits until element specified with `locator` is visible.</doc>
<arguments>
<arg>${okBtn}</arg>
<arg>5s</arg>
</arguments>
<kw name="Capture Page Screenshot" library="AppiumLibrary">
<doc>Takes a screenshot of the current page and embeds it into the log.</doc>
<msg timestamp="20200716 14:28:10.198" level="INFO" html="yes">&lt;/td&gt;&lt;/tr&gt;&lt;tr&gt;&lt;td colspan="3"&gt;&lt;a href="appium-screenshot-14.png"&gt;&lt;img src="appium-screenshot-14.png" width="800px"&gt;&lt;/a&gt;</msg>
<status status="PASS" starttime="20200716 14:28:09.894" endtime="20200716 14:28:10.198"></status>
</kw>
<msg timestamp="20200716 14:28:10.199" level="FAIL">Element locator 'android=UiSelector().text("OK")' did not match any elements after 5 seconds</msg>
<status status="FAIL" starttime="20200716 14:28:04.689" endtime="20200716 14:28:10.199"></status>
</kw>
<msg timestamp="20200716 14:28:10.199" level="INFO">${Outofstock} = False</msg>
<status status="PASS" starttime="20200716 14:28:04.688" endtime="20200716 14:28:10.199"></status>
</kw>
<kw name="Run Keyword If" library="BuiltIn">
<doc>Runs the given keyword with the given arguments, if ``condition`` is true.</doc>
<arguments>
<arg>${Outofstock}</arg>
<arg>Tap</arg>
<arg>${okBtn}</arg>
</arguments>
<status status="PASS" starttime="20200716 14:28:10.200" endtime="20200716 14:28:10.200"></status>
</kw>
<kw name="Run Keyword And Return Status" library="BuiltIn">
<doc>Runs the given keyword with given arguments and returns the status as a Boolean value.</doc>
<arguments>
<arg>Wait Until Element Is Visible</arg>
<arg>${ConfirmBtn}</arg>
<arg>5s</arg>
</arguments>
<assign>
<var>${cnfrm}</var>
</assign>
<kw name="Wait Until Element Is Visible" library="AppiumLibrary">
[...]
<arguments>
<arg>${Hum_Gifts}</arg>
<arg>${Hum_Trans}</arg>
</arguments>
<status status="PASS" starttime="20200716 14:41:13.309" endtime="20200716 14:41:16.427"></status>
</kw>
<kw name="Tap" library="AppiumLibrary">
<doc>Tap element identified by ``locator``.</doc>
<arguments>
<arg>${RTPSO}</arg>
</arguments>
<status status="PASS" starttime="20200716 14:41:16.428" endtime="20200716 14:41:17.621"></status>
</kw>
<kw name="Wait Until Element Is Visible" library="AppiumLibrary">
<doc>Waits until element specified with `locator` is visible.</doc>
<arguments>
<arg>${RTpRgst}</arg>
<arg>30s</arg>
</arguments>
<status status="PASS" starttime="20200716 14:41:17.622" endtime="20200716 14:41:22.784"></status>
</kw>
<kw name="Tap" library="AppiumLibrary">
<doc>Tap element identified by ``locator``.</doc>
<arguments>
<arg>${RTPSI}</arg>
</arguments>
<status status="PASS" starttime="20200716 14:41:22.785" endtime="20200716 14:41:24.213"></status>
</kw>
<kw name="Wait Until Element Is Visible" library="AppiumLibrary">
<doc>Waits until element specified with `locator` is visible.</doc>
<arguments>
<arg>${EYMN}</arg>
<arg>30s</arg>
</arguments>
<status status="PASS" starttime="20200716 14:41:24.214" endtime="20200716 14:41:24.280"></status>
</kw>
<kw name="Input Text" library="AppiumLibrary">
<doc>Types the given `text` into text field identified by `locator`.</doc>
<arguments>
<arg>${RTPEMN}</arg>
<arg>091254904</arg>
</arguments>
<msg timestamp="20200716 14:41:24.295" level="INFO">Typing text '091254904' into text field 'id=com.ccpp.msp.uat:id/edt_mobile'</msg>
<status status="PASS" starttime="20200716 14:41:24.280" endtime="20200716 14:41:24.911"></status>
</kw>
<kw name="Tap" library="AppiumLibrary">
<doc>Tap element identified by ``locator``.</doc>
<arguments>
<arg>${RTPCONF}</arg>
</arguments>
<status status="PASS" starttime="20200716 14:41:24.911" endtime="20200716 14:41:25.545"></status>
</kw>
<kw name="ENTER PASSCODE" library="ENTER_PASSCODE">
<kw name="Wait Until Element Is Visible" library="AppiumLibrary">
<doc>Waits until element specified with `locator` is visible.</doc>
<arguments>
<arg>android=UiSelector().text("ENTER PASSCODE")</arg>
<arg>60s</arg>
</arguments>
<status status="PASS" starttime="20200716 14:41:25.546" endtime="20200716 14:41:26.988"></status>
</kw>
<kw name="Tap" library="AppiumLibrary">
<doc>Tap element identified by ``locator``.</doc>
<arguments>
<arg>id=com.ccpp.msp.uat:id/k1</arg>
</arguments>
<status status="PASS" starttime="20200716 14:41:26.989" endtime="20200716 14:41:27.057"></status>
</kw>
<kw name="Tap" library="AppiumLibrary">
<doc>Tap element identified by ``locator``.</doc>
<arguments>
<arg>id=com.ccpp.msp.uat:id/k1</arg>
</arguments>
<status status="PASS" starttime="20200716 14:41:27.058" endtime="20200716 14:41:27.613"></status>
</kw>
<kw name="Tap" library="AppiumLibrary">
<doc>Tap element identified by ``locator``.</doc>
<arguments>
<arg>id=com.ccpp.msp.uat:id/k1</arg>
</arguments>
<status status="PASS" starttime="20200716 14:41:27.614" endtime="20200716 14:41:28.197"></status>
</kw>
<kw name="Tap" library="AppiumLibrary">
<doc>Tap element identified by ``locator``.</doc>
<arguments>
<arg>id=com.ccpp.msp.uat:id/k1</arg>
</arguments>
<status status="PASS" starttime="20200716 14:41:28.198" endtime="20200716 14:41:28.781"></status>
</kw>
<kw name="Tap" library="AppiumLibrary">
<doc>Tap element identified by ``locator``.</doc>
<arguments>
<arg>id=com.ccpp.msp.uat:id/k1</arg>
</arguments>
<status status="PASS" starttime="20200716 14:41:28.781" endtime="20200716 14:41:29.342"></status>
</kw>
<kw name="Tap" library="AppiumLibrary">
<doc>Tap element identified by ``locator``.</doc>
<arguments>
<arg>id=com.ccpp.msp.uat:id/k1</arg>
</arguments>
<status status="PASS" starttime="20200716 14:41:29.343" endtime="20200716 14:41:29.919"></status>
</kw>
<status status="PASS" starttime="20200716 14:41:25.545" endtime="20200716 14:41:29.920"></status>
</kw>
<kw name="If Fails To Login" library="ENTER_PASSCODE">
<kw name="Run Keyword And Return Status" library="BuiltIn">
<doc>Runs the given keyword with given arguments and returns the status as a Boolean value.</doc>
<arguments>
<arg>Wait Until Element Is Visible</arg>
<arg>android=UiSelector().text("Try again or tap forgot passcode to reset.")</arg>
<arg>8s</arg>
</arguments>
<assign>
<var>${Again}</var>
</assign>
<kw name="Wait Until Element Is Visible" library="AppiumLibrary">
<doc>Waits until element specified with `locator` is visible.</doc>
<arguments>
<arg>android=UiSelector().text("Try again or tap forgot passcode to reset.")</arg>
<arg>8s</arg>
</arguments>
<kw name="Capture Page Screenshot" library="AppiumLibrary">
<doc>Takes a screenshot of the current page and embeds it into the log.</doc>
<msg timestamp="20200716 14:41:38.877" level="INFO" html="yes">&lt;/td&gt;&lt;/tr&gt;&lt;tr&gt;&lt;td colspan="3"&gt;&lt;a href="appium-screenshot-35.png"&gt;&lt;img src="appium-screenshot-35.png" width="800px"&gt;&lt;/a&gt;</msg>
<status status="PASS" starttime="20200716 14:41:38.065" endtime="20200716 14:41:38.877"></status>
</kw>
<msg timestamp="20200716 14:41:38.878" level="FAIL">Element locator 'android=UiSelector().text("Try again or tap forgot passcode to reset.")' did not match any elements after 8 seconds</msg>
<status status="FAIL" starttime="20200716 14:41:29.921" endtime="20200716 14:41:38.878"></status>
</kw>
<msg timestamp="20200716 14:41:38.878" level="INFO">${Again} = False</msg>
<status status="PASS" starttime="20200716 14:41:29.921" endtime="20200716 14:41:38.878"></status>
</kw>
<kw name="Run Keyword If" library="BuiltIn">
<doc>Runs the given keyword with the given arguments, if ``condition`` is true.</doc>
<arguments>
<arg>${Again}</arg>
<arg>Continue_Pass</arg>
</arguments>
<status status="PASS" starttime="20200716 14:41:38.878" endtime="20200716 14:41:38.879"></status>
</kw>
<status status="PASS" starttime="20200716 14:41:29.920" endtime="20200716 14:41:38.879"></status>
</kw>
<kw name="Wait Until Element Is Visible" library="AppiumLibrary">
<doc>Waits until element specified with `locator` is visible.</doc>
<arguments>
<arg>${TransferButton}</arg>
<arg>30s</arg>
</arguments>
<status status="PASS" starttime="20200716 14:41:38.879" endtime="20200716 14:41:39.040"></status>
</kw>
<kw name="Tap" library="AppiumLibrary">
<doc>Tap element identified by ``locator``.</doc>
<arguments>
<arg>${Noti}</arg>
</arguments>
<status status="PASS" starttime="20200716 14:41:39.041" endtime="20200716 14:41:39.578"></status>
</kw>
<kw name="Wait Until Element Is Visible" library="AppiumLibrary">
<doc>Waits until element specified with `locator` is visible.</doc>
<arguments>
<arg>${Notiicon}</arg>
<arg>40s</arg>
</arguments>
<status status="PASS" starttime="20200716 14:41:39.578" endtime="20200716 14:41:42.736"></status>
</kw>
<kw name="Wait Until Element Is Visible" library="AppiumLibrary">
<doc>Waits until element specified with `locator` is visible.</doc>
<arguments>
<arg>xpath=//android.widget.TextView[@text='Tejal Pawar just sent you a request to pay']</arg>
<arg>40s</arg>
</arguments>
<status status="PASS" starttime="20200716 14:41:42.737" endtime="20200716 14:41:43.050"></status>
</kw>
<kw name="Tap" library="AppiumLibrary">
<doc>Tap element identified by ``locator``.</doc>
<arguments>
<arg>xpath=//android.widget.TextView[@text='Tejal Pawar just sent you a request to pay']</arg>
</arguments>
<status status="PASS" starttime="20200716 14:41:43.051" endtime="20200716 14:41:43.277"></status>
</kw>
<kw name="Wait Until Element Is Visible" library="AppiumLibrary">
<doc>Waits until element specified with `locator` is visible.</doc>
<arguments>
<arg>${Dclnicn}</arg>
<arg>40s</arg>
</arguments>
<status status="PASS" starttime="20200716 14:41:43.277" endtime="20200716 14:41:44.985"></status>
</kw>
<kw name="Swipe" library="AppiumLibrary">
<doc>Swipe from one point to another point, for an optional duration.</doc>
<arguments>
<arg>122</arg>
<arg>1575</arg>
<arg>975</arg>
<arg>1565</arg>
</arguments>
<status status="PASS" starttime="20200716 14:41:44.986" endtime="20200716 14:41:46.564"></status>
</kw>
<kw name="Wait Until Element Is Visible" library="AppiumLibrary">
<doc>Waits until element specified with `locator` is visible.</doc>
<arguments>
<arg>${Wait_Conf}</arg>
</arguments>
<status status="PASS" starttime="20200716 14:41:46.564" endtime="20200716 14:41:47.178"></status>
</kw>
<kw name="Swipe" library="AppiumLibrary">
<doc>Swipe from one point to another point, for an optional duration.</doc>
<arguments>
<arg>619</arg>
<arg>1193</arg>
<arg>415</arg>
<arg>695</arg>
<arg>2000</arg>
</arguments>
<status status="PASS" starttime="20200716 14:41:47.178" endtime="20200716 14:41:49.908"></status>
</kw>
<kw name="Tap" library="AppiumLibrary">
<doc>Tap element identified by ``locator``.</doc>
<arguments>
<arg>${Next}</arg>
</arguments>
<status status="PASS" starttime="20200716 14:41:49.909" endtime="20200716 14:41:49.977"></status>
</kw>
<kw name="Wait Until Element Is Visible" library="AppiumLibrary">
<doc>Waits until element specified with `locator` is visible.</doc>
<arguments>
<arg>${Pop-upQR}</arg>
<arg>30s</arg>
</arguments>
<status status="PASS" starttime="20200716 14:41:49.977" endtime="20200716 14:41:50.962"></status>
</kw>
<kw name="Get Text" library="AppiumLibrary">
<doc>Get element text (for hybrid and mobile browser use `xpath` locator, others might cause problem)</doc>
<arguments>
<arg>${Pop-upQR}</arg>
</arguments>
<assign>
<var>${RTP_INSUFF}</var>
</assign>
<msg timestamp="20200716 14:41:51.126" level="INFO">Element 'id=com.ccpp.msp.uat:id/tvTitle' text is 'Failed' </msg>
<msg timestamp="20200716 14:41:51.126" level="INFO">${RTP_INSUFF} = Failed</msg>
<status status="PASS" starttime="20200716 14:41:50.963" endtime="20200716 14:41:51.126"></status>
</kw>
<kw name="Get Text" library="AppiumLibrary">
<doc>Get element text (for hybrid and mobile browser use `xpath` locator, others might cause problem)</doc>
<arguments>
<arg>${pop-upQrmsg}</arg>
</arguments>
<assign>
<var>${Insufficient_RTP_MSG}</var>
</assign>
<msg timestamp="20200716 14:41:51.266" level="INFO">Element 'id=com.ccpp.msp.uat:id/tvMsg' text is 'Insufficient Balance' </msg>
<msg timestamp="20200716 14:41:51.267" level="INFO">${Insufficient_RTP_MSG} = Insufficient Balance</msg>
<status status="PASS" starttime="20200716 14:41:51.127" endtime="20200716 14:41:51.267"></status>
</kw>
<kw name="Log To Console" library="BuiltIn">
<doc>Logs the given message to the console.</doc>
<arguments>
<arg>${RTP_INSUFF}</arg>
</arguments>
<status status="PASS" starttime="20200716 14:41:51.270" endtime="20200716 14:41:51.273"></status>
</kw>
<kw name="Log To Console" library="BuiltIn">
<doc>Logs the given message to the console.</doc>
<arguments>
<arg>${Insufficient_RTP_MSG}</arg>
</arguments>
<status status="PASS" starttime="20200716 14:41:51.274" endtime="20200716 14:41:51.285"></status>
</kw>
<kw name="Tap" library="AppiumLibrary">
<doc>Tap element identified by ``locator``.</doc>
<arguments>
<arg>${RTPok}</arg>
</arguments>
<status status="PASS" starttime="20200716 14:41:51.287" endtime="20200716 14:41:51.538"></status>
</kw>
<kw name="Wait Until Element Is Visible" library="AppiumLibrary">
<doc>Waits until element specified with `locator` is visible.</doc>
<arguments>
<arg>${Back_button}</arg>
<arg>30s</arg>
</arguments>
<status status="PASS" starttime="20200716 14:41:51.539" endtime="20200716 14:41:52.613"></status>
</kw>
<kw name="Tap" library="AppiumLibrary">
<doc>Tap element identified by ``locator``.</doc>
<arguments>
<arg>${Back_button}</arg>
</arguments>
<status status="PASS" starttime="20200716 14:41:52.613" endtime="20200716 14:41:53.238"></status>
</kw>
<kw name="Wait Until Element Is Visible" library="AppiumLibrary">
<doc>Waits until element specified with `locator` is visible.</doc>
<arguments>
<arg>${Notiicon}</arg>
<arg>40s</arg>
</arguments>
<status status="PASS" starttime="20200716 14:41:53.239" endtime="20200716 14:41:55.350"></status>
</kw>
<kw name="Tap" library="AppiumLibrary">
<doc>Tap element identified by ``locator``.</doc>
<arguments>
<arg>${Back_button}</arg>
</arguments>
<status status="PASS" starttime="20200716 14:41:55.351" endtime="20200716 14:41:55.457"></status>
</kw>
<kw name="Wait Until Element Is Visible" library="AppiumLibrary">
<doc>Waits until element specified with `locator` is visible.</doc>
<arguments>
<arg>${TransferButton}</arg>
<arg>30s</arg>
</arguments>
<status status="PASS" starttime="20200716 14:41:55.459" endtime="20200716 14:41:58.212"></status>
</kw>
<kw name="Tap" library="AppiumLibrary">
<doc>Tap element identified by ``locator``.</doc>
<arguments>
<arg>${Humberger_Menu}</arg>
</arguments>
<status status="PASS" starttime="20200716 14:41:58.216" endtime="20200716 14:41:58.936"></status>
</kw>
<kw name="Wait Until Element Is Visible" library="AppiumLibrary">
<doc>Waits until element specified with `locator` is visible.</doc>
<arguments>
<arg>${Hum_Gifts}</arg>
<arg>120s</arg>
</arguments>
<status status="PASS" starttime="20200716 14:41:58.937" endtime="20200716 14:42:01.413"></status>
</kw>
<kw name="Scroll" library="AppiumLibrary">
<doc>Scrolls from one element to another
Key attributes for arbitrary elements are `id` and `name`. See
`introduction` for details about locating elements.</doc>
<arguments>
<arg>${Hum_Gifts}</arg>
<arg>${Hum_Trans}</arg>
</arguments>
<status status="PASS" starttime="20200716 14:42:01.414" endtime="20200716 14:42:04.121"></status>
</kw>
<kw name="Tap" library="AppiumLibrary">
<doc>Tap element identified by ``locator``.</doc>
<arguments>
<arg>${RTPSO}</arg>
</arguments>
<status status="PASS" starttime="20200716 14:42:04.122" endtime="20200716 14:42:05.044"></status>
</kw>
<kw name="Wait Until Element Is Visible" library="AppiumLibrary">
<doc>Waits until element specified with `locator` is visible.</doc>
<arguments>
<arg>${RTpRgst}</arg>
<arg>30s</arg>
</arguments>
<status status="PASS" starttime="20200716 14:42:05.045" endtime="20200716 14:42:08.940"></status>
</kw>
<kw name="Tap" library="AppiumLibrary">
<doc>Tap element identified by ``locator``.</doc>
<arguments>
<arg>${RTPSI}</arg>
</arguments>
<status status="PASS" starttime="20200716 14:42:08.941" endtime="20200716 14:42:10.255"></status>
</kw>
<kw name="Wait Until Element Is Visible" library="AppiumLibrary">
<doc>Waits until element specified with `locator` is visible.</doc>
<arguments>
<arg>${EYMN}</arg>
<arg>30s</arg>
</arguments>
<status status="PASS" starttime="20200716 14:42:10.256" endtime="20200716 14:42:10.309"></status>
</kw>
<kw name="Input Text" library="AppiumLibrary">
<doc>Types the given `text` into text field identified by `locator`.</doc>
<arguments>
<arg>${RTPEMN}</arg>
<arg>9798304852</arg>
</arguments>
<msg timestamp="20200716 14:42:10.324" level="INFO">Typing text '9798304852' into text field 'id=com.ccpp.msp.uat:id/edt_mobile'</msg>
<status status="PASS" starttime="20200716 14:42:10.310" endtime="20200716 14:42:10.449"></status>
</kw>
<kw name="Tap" library="AppiumLibrary">
<doc>Tap element identified by ``locator``.</doc>
<arguments>
<arg>${RTPCONF}</arg>
</arguments>
<status status="PASS" starttime="20200716 14:42:10.450" endtime="20200716 14:42:11.003"></status>
</kw>
<kw name="ENTER PASSCODE" library="ENTER_PASSCODE">
<kw name="Wait Until Element Is Visible" library="AppiumLibrary">
<doc>Waits until element specified with `locator` is visible.</doc>
<arguments>
<arg>android=UiSelector().text("ENTER PASSCODE")</arg>
<arg>60s</arg>
</arguments>
<status status="PASS" starttime="20200716 14:42:11.005" endtime="20200716 14:42:12.227"></status>
</kw>
<kw name="Tap" library="AppiumLibrary">
<doc>Tap element identified by ``locator``.</doc>
<arguments>
<arg>id=com.ccpp.msp.uat:id/k1</arg>
</arguments>
<status status="PASS" starttime="20200716 14:42:12.228" endtime="20200716 14:42:12.289"></status>
</kw>
<kw name="Tap" library="AppiumLibrary">
<doc>Tap element identified by ``locator``.</doc>
<arguments>
<arg>id=com.ccpp.msp.uat:id/k1</arg>
</arguments>
<status status="PASS" starttime="20200716 14:42:12.289" endtime="20200716 14:42:12.838"></status>
</kw>
<kw name="Tap" library="AppiumLibrary">
<doc>Tap element identified by ``locator``.</doc>
<arguments>
<arg>id=com.ccpp.msp.uat:id/k1</arg>
</arguments>
<status status="PASS" starttime="20200716 14:42:12.839" endtime="20200716 14:42:13.391"></status>
</kw>
<kw name="Tap" library="AppiumLibrary">
<doc>Tap element identified by ``locator``.</doc>
<arguments>
<arg>id=com.ccpp.msp.uat:id/k1</arg>
</arguments>
<status status="PASS" starttime="20200716 14:42:13.392" endtime="20200716 14:42:13.947"></status>
</kw>
<kw name="Tap" library="AppiumLibrary">
<doc>Tap element identified by ``locator``.</doc>
<arguments>
<arg>id=com.ccpp.msp.uat:id/k1</arg>
</arguments>
<status status="PASS" starttime="20200716 14:42:13.947" endtime="20200716 14:42:14.511"></status>
</kw>
<kw name="Tap" library="AppiumLibrary">
<doc>Tap element identified by ``locator``.</doc>
<arguments>
<arg>id=com.ccpp.msp.uat:id/k1</arg>
</arguments>
<status status="PASS" starttime="20200716 14:42:14.512" endtime="20200716 14:42:15.091"></status>
</kw>
<status status="PASS" starttime="20200716 14:42:11.004" endtime="20200716 14:42:15.091"></status>
</kw>
<kw name="If Fails To Login" library="ENTER_PASSCODE">
<kw name="Run Keyword And Return Status" library="BuiltIn">
<doc>Runs the given keyword with given arguments and returns the status as a Boolean value.</doc>
<arguments>
<arg>Wait Until Element Is Visible</arg>
<arg>android=UiSelector().text("Try again or tap forgot passcode to reset.")</arg>
<arg>8s</arg>
</arguments>
<assign>
<var>${Again}</var>
</assign>
<kw name="Wait Until Element Is Visible" library="AppiumLibrary">
<doc>Waits until element specified with `locator` is visible.</doc>
<arguments>
<arg>android=UiSelector().text("Try again or tap forgot passcode to reset.")</arg>
<arg>8s</arg>
</arguments>
<kw name="Capture Page Screenshot" library="AppiumLibrary">
<doc>Takes a screenshot of the current page and embeds it into the log.</doc>
<msg timestamp="20200716 14:42:25.330" level="INFO" html="yes">&lt;/td&gt;&lt;/tr&gt;&lt;tr&gt;&lt;td colspan="3"&gt;&lt;a href="appium-screenshot-36.png"&gt;&lt;img src="appium-screenshot-36.png" width="800px"&gt;&lt;/a&gt;</msg>
<status status="PASS" starttime="20200716 14:42:23.365" endtime="20200716 14:42:25.332"></status>
</kw>
<msg timestamp="20200716 14:42:25.336" level="FAIL">Element locator 'android=UiSelector().text("Try again or tap forgot passcode to reset.")' did not match any elements after 8 seconds</msg>
<status status="FAIL" starttime="20200716 14:42:15.094" endtime="20200716 14:42:25.336"></status>
</kw>
<msg timestamp="20200716 14:42:25.338" level="INFO">${Again} = False</msg>
<status status="PASS" starttime="20200716 14:42:15.092" endtime="20200716 14:42:25.338"></status>
</kw>
<kw name="Run Keyword If" library="BuiltIn">
<doc>Runs the given keyword with the given arguments, if ``condition`` is true.</doc>
<arguments>
<arg>${Again}</arg>
<arg>Continue_Pass</arg>
</arguments>
<status status="PASS" starttime="20200716 14:42:25.340" endtime="20200716 14:42:25.340"></status>
</kw>
<status status="PASS" starttime="20200716 14:42:15.091" endtime="20200716 14:42:25.340"></status>
</kw>
<status status="PASS" starttime="20200716 14:41:09.507" endtime="20200716 14:42:25.340"></status>
</kw>
<tags>
<tag>Run_Again</tag>
</tags>
<status status="PASS" starttime="20200716 14:31:59.428" endtime="20200716 14:42:25.349" critical="yes"></status>
</test>
<status status="FAIL" starttime="20200716 14:23:33.007" endtime="20200716 14:42:25.368"></status>
</suite>
<statistics>
<total>
<stat pass="3" fail="1">Critical Tests</stat>
<stat pass="3" fail="1">All Tests</stat>
</total>
<tag>
<stat pass="3" fail="1">Run_Again</stat>
</tag>
<suite>
<stat pass="3" fail="1" id="s1" name="Scenarios">Scenarios</stat>
</suite>
</statistics>
<errors>
</errors>
</robot>
