<?xml version="1.0" encoding="UTF-8"?>
<robot generator="Robot 3.1.2 (Python 3.8.1 on win32)" generated="20200618 13:56:40.832" rpa="false">
<suite id="s1" name="All Test Cases" source="E:\Robot framwork\MSP\All_Test_Cases.robot">
<test id="s1-t1" name="To Check QR code Functionality">
<kw name="Invoke MSP for check QR code" library="9_QR_Code">
<kw name="Invoke App" library="Login_To_MSP">
<arguments>
<arg>${Login_Number}</arg>
</arguments>
<kw name="Open Application msp" library="Login_To_MSP">
<arguments>
<arg>${Login_Number}</arg>
</arguments>
<kw name="Open Application" library="AppiumLibrary">
<doc>Opens a new application to given Appium server.
Capabilities of appium server, Android and iOS,
Please check https://github.com/appium/appium/blob/master/docs/en/writing-running-appium/server-args.md
| *Option*            | *Man.* | *Description*     |
| remote_url          | Yes    | Appium server url |
| alias               | no     | alias             |</doc>
<arguments>
<arg>http://localhost:4723/wd/hub</arg>
<arg>alias=Myapp1</arg>
<arg>platformName=Android</arg>
<arg>deviceName=MA</arg>
<arg>appPackage=com.ccpp.msp.uat</arg>
<arg>appActivity=com.ccpp.msp.Launcher</arg>
</arguments>
<status status="PASS" starttime="20200618 13:56:41.402" endtime="20200618 13:57:00.652"></status>
</kw>
<kw name="Run Keyword And Return Status" library="BuiltIn">
<doc>Runs the given keyword with given arguments and returns the status as a Boolean value.</doc>
<arguments>
<arg>Wait Until Element Is Visible</arg>
<arg>android=UiSelector().text("ALLOW")</arg>
<arg>10s</arg>
</arguments>
<assign>
<var>${IsElementVisible1}</var>
</assign>
<kw name="Wait Until Element Is Visible" library="AppiumLibrary">
<doc>Waits until element specified with `locator` is visible.</doc>
<arguments>
<arg>android=UiSelector().text("ALLOW")</arg>
<arg>10s</arg>
</arguments>
<status status="PASS" starttime="20200618 13:57:00.654" endtime="20200618 13:57:02.357"></status>
</kw>
<msg timestamp="20200618 13:57:02.358" level="INFO">${IsElementVisible1} = True</msg>
<status status="PASS" starttime="20200618 13:57:00.652" endtime="20200618 13:57:02.358"></status>
</kw>
<kw name="Run Keyword If" library="BuiltIn">
<doc>Runs the given keyword with the given arguments, if ``condition`` is true.</doc>
<arguments>
<arg>${IsElementVisible1}</arg>
<arg>Tap</arg>
<arg>id=com.android.packageinstaller:id/permission_allow_button</arg>
</arguments>
<kw name="Tap" library="AppiumLibrary">
<doc>Tap element identified by ``locator``.</doc>
<arguments>
<arg>id=com.android.packageinstaller:id/permission_allow_button</arg>
</arguments>
<status status="PASS" starttime="20200618 13:57:02.360" endtime="20200618 13:57:02.552"></status>
</kw>
<status status="PASS" starttime="20200618 13:57:02.358" endtime="20200618 13:57:02.553"></status>
</kw>
<kw name="Run Keyword And Return Status" library="BuiltIn">
<doc>Runs the given keyword with given arguments and returns the status as a Boolean value.</doc>
<arguments>
<arg>Wait Until Element Is Visible</arg>
<arg>android=UiSelector().text("SKIP")</arg>
<arg>10s</arg>
</arguments>
<assign>
<var>${Skip}</var>
</assign>
<kw name="Wait Until Element Is Visible" library="AppiumLibrary">
<doc>Waits until element specified with `locator` is visible.</doc>
<arguments>
<arg>android=UiSelector().text("SKIP")</arg>
<arg>10s</arg>
</arguments>
<kw name="Capture Page Screenshot" library="AppiumLibrary">
<doc>Takes a screenshot of the current page and embeds it into the log.</doc>
<msg timestamp="20200618 13:57:13.711" level="INFO" html="yes">&lt;/td&gt;&lt;/tr&gt;&lt;tr&gt;&lt;td colspan="3"&gt;&lt;a href="appium-screenshot-1.png"&gt;&lt;img src="appium-screenshot-1.png" width="800px"&gt;&lt;/a&gt;</msg>
<status status="PASS" starttime="20200618 13:57:12.825" endtime="20200618 13:57:13.711"></status>
</kw>
<msg timestamp="20200618 13:57:13.712" level="FAIL">Element locator 'android=UiSelector().text("SKIP")' did not match any elements after 10 seconds</msg>
<status status="FAIL" starttime="20200618 13:57:02.554" endtime="20200618 13:57:13.712"></status>
</kw>
<msg timestamp="20200618 13:57:13.712" level="INFO">${Skip} = False</msg>
<status status="PASS" starttime="20200618 13:57:02.553" endtime="20200618 13:57:13.712"></status>
</kw>
<kw name="Run Keyword If" library="BuiltIn">
<doc>Runs the given keyword with the given arguments, if ``condition`` is true.</doc>
<arguments>
<arg>${Skip}</arg>
<arg>Tap</arg>
<arg>android=UiSelector().text("SKIP")</arg>
</arguments>
<status status="PASS" starttime="20200618 13:57:13.712" endtime="20200618 13:57:13.712"></status>
</kw>
<kw name="Wait Until Element Is Visible" library="AppiumLibrary">
<doc>Waits until element specified with `locator` is visible.</doc>
<arguments>
<arg>android=UiSelector().text("REGISTER")</arg>
<arg>30</arg>
</arguments>
<status status="PASS" starttime="20200618 13:57:13.712" endtime="20200618 13:57:13.829"></status>
</kw>
<kw name="Tap" library="AppiumLibrary">
<doc>Tap element identified by ``locator``.</doc>
<arguments>
<arg>id=com.ccpp.msp.uat:id/btnSignIn</arg>
</arguments>
<status status="PASS" starttime="20200618 13:57:13.830" endtime="20200618 13:57:13.973"></status>
</kw>
<kw name="Wait Until Element Is Visible" library="AppiumLibrary">
<doc>Waits until element specified with `locator` is visible.</doc>
<arguments>
<arg>android=UiSelector().text("Enter your mobile no.")</arg>
</arguments>
<status status="PASS" starttime="20200618 13:57:13.974" endtime="20200618 13:57:15.617"></status>
</kw>
<kw name="Input Text" library="AppiumLibrary">
<doc>Types the given `text` into text field identified by `locator`.</doc>
<arguments>
<arg>id=com.ccpp.msp.uat:id/edt_mobile</arg>
<arg>${Login_Number}</arg>
</arguments>
<msg timestamp="20200618 13:57:15.619" level="INFO">Typing text '9798304852' into text field 'id=com.ccpp.msp.uat:id/edt_mobile'</msg>
<status status="PASS" starttime="20200618 13:57:15.617" endtime="20200618 13:57:15.755"></status>
</kw>
<kw name="Tap" library="AppiumLibrary">
<doc>Tap element identified by ``locator``.</doc>
<arguments>
<arg>id=com.ccpp.msp.uat:id/btnConfirm</arg>
</arguments>
<status status="PASS" starttime="20200618 13:57:15.756" endtime="20200618 13:57:16.555"></status>
</kw>
<kw name="ENTER PASSCODE" library="ENTER_PASSCODE">
<kw name="Wait Until Element Is Visible" library="AppiumLibrary">
<doc>Waits until element specified with `locator` is visible.</doc>
<arguments>
<arg>android=UiSelector().text("ENTER PASSCODE")</arg>
<arg>60s</arg>
</arguments>
<status status="PASS" starttime="20200618 13:57:16.556" endtime="20200618 13:57:18.239"></status>
</kw>
<kw name="Tap" library="AppiumLibrary">
<doc>Tap element identified by ``locator``.</doc>
<arguments>
<arg>id=com.ccpp.msp.uat:id/k1</arg>
</arguments>
<status status="PASS" starttime="20200618 13:57:18.239" endtime="20200618 13:57:18.331"></status>
</kw>
<kw name="Tap" library="AppiumLibrary">
<doc>Tap element identified by ``locator``.</doc>
<arguments>
<arg>id=com.ccpp.msp.uat:id/k1</arg>
</arguments>
<status status="PASS" starttime="20200618 13:57:18.332" endtime="20200618 13:57:18.924"></status>
</kw>
<kw name="Tap" library="AppiumLibrary">
<doc>Tap element identified by ``locator``.</doc>
<arguments>
<arg>id=com.ccpp.msp.uat:id/k1</arg>
</arguments>
<status status="PASS" starttime="20200618 13:57:18.924" endtime="20200618 13:57:19.523"></status>
</kw>
<kw name="Tap" library="AppiumLibrary">
<doc>Tap element identified by ``locator``.</doc>
<arguments>
<arg>id=com.ccpp.msp.uat:id/k1</arg>
</arguments>
<status status="PASS" starttime="20200618 13:57:19.524" endtime="20200618 13:57:20.659"></status>
</kw>
<kw name="Tap" library="AppiumLibrary">
<doc>Tap element identified by ``locator``.</doc>
<arguments>
<arg>id=com.ccpp.msp.uat:id/k1</arg>
</arguments>
<status status="PASS" starttime="20200618 13:57:20.660" endtime="20200618 13:57:20.802"></status>
</kw>
<kw name="Tap" library="AppiumLibrary">
<doc>Tap element identified by ``locator``.</doc>
<arguments>
<arg>id=com.ccpp.msp.uat:id/k1</arg>
</arguments>
<status status="PASS" starttime="20200618 13:57:20.802" endtime="20200618 13:57:21.453"></status>
</kw>
<status status="PASS" starttime="20200618 13:57:16.555" endtime="20200618 13:57:21.455"></status>
</kw>
<kw name="If Fails To Login" library="ENTER_PASSCODE">
<kw name="Run Keyword And Return Status" library="BuiltIn">
<doc>Runs the given keyword with given arguments and returns the status as a Boolean value.</doc>
<arguments>
<arg>Wait Until Element Is Visible</arg>
<arg>android=UiSelector().text("Try again or tap forgot passcode to reset.")</arg>
<arg>8s</arg>
</arguments>
<assign>
<var>${Again}</var>
</assign>
<kw name="Wait Until Element Is Visible" library="AppiumLibrary">
<doc>Waits until element specified with `locator` is visible.</doc>
<arguments>
<arg>android=UiSelector().text("Try again or tap forgot passcode to reset.")</arg>
<arg>8s</arg>
</arguments>
<kw name="Capture Page Screenshot" library="AppiumLibrary">
<doc>Takes a screenshot of the current page and embeds it into the log.</doc>
<msg timestamp="20200618 13:57:31.381" level="INFO" html="yes">&lt;/td&gt;&lt;/tr&gt;&lt;tr&gt;&lt;td colspan="3"&gt;&lt;a href="appium-screenshot-2.png"&gt;&lt;img src="appium-screenshot-2.png" width="800px"&gt;&lt;/a&gt;</msg>
<status status="PASS" starttime="20200618 13:57:30.450" endtime="20200618 13:57:31.382"></status>
</kw>
<msg timestamp="20200618 13:57:31.382" level="FAIL">Element locator 'android=UiSelector().text("Try again or tap forgot passcode to reset.")' did not match any elements after 8 seconds</msg>
<status status="FAIL" starttime="20200618 13:57:21.460" endtime="20200618 13:57:31.382"></status>
</kw>
<msg timestamp="20200618 13:57:31.382" level="INFO">${Again} = False</msg>
<status status="PASS" starttime="20200618 13:57:21.460" endtime="20200618 13:57:31.382"></status>
</kw>
<kw name="Run Keyword If" library="BuiltIn">
<doc>Runs the given keyword with the given arguments, if ``condition`` is true.</doc>
<arguments>
<arg>${Again}</arg>
<arg>Continue_Pass</arg>
</arguments>
<status status="PASS" starttime="20200618 13:57:31.383" endtime="20200618 13:57:31.383"></status>
</kw>
<status status="PASS" starttime="20200618 13:57:21.456" endtime="20200618 13:57:31.383"></status>
</kw>
<kw name="Wait Until Element Is Visible" library="AppiumLibrary">
<doc>Waits until element specified with `locator` is visible.</doc>
<arguments>
<arg>android=UiSelector().text("Transfer")</arg>
<arg>30s</arg>
</arguments>
<status status="PASS" starttime="20200618 13:57:31.383" endtime="20200618 13:57:31.507"></status>
</kw>
<status status="PASS" starttime="20200618 13:56:41.401" endtime="20200618 13:57:31.507"></status>
</kw>
<status status="PASS" starttime="20200618 13:56:41.401" endtime="20200618 13:57:31.507"></status>
</kw>
<status status="PASS" starttime="20200618 13:56:41.401" endtime="20200618 13:57:31.507"></status>
</kw>
<kw name="To customer" library="9_QR_Code">
<kw name="Get Text" library="AppiumLibrary">
<doc>Get element text (for hybrid and mobile browser use `xpath` locator, others might cause problem)</doc>
<arguments>
<arg>id=com.ccpp.msp.uat:id/tvAvailableBalanceValue</arg>
</arguments>
<assign>
<var>${ABbefore}</var>
</assign>
<msg timestamp="20200618 13:57:31.594" level="INFO">Element 'id=com.ccpp.msp.uat:id/tvAvailableBalanceValue' text is 'MMK 749,799' </msg>
<msg timestamp="20200618 13:57:31.594" level="INFO">${ABbefore} = MMK 749,799</msg>
<status status="PASS" starttime="20200618 13:57:31.508" endtime="20200618 13:57:31.594"></status>
</kw>
<kw name="Tap" library="AppiumLibrary">
<doc>Tap element identified by ``locator``.</doc>
<arguments>
<arg>android=UiSelector().text("Scan")</arg>
</arguments>
<status status="PASS" starttime="20200618 13:57:31.595" endtime="20200618 13:57:34.330"></status>
</kw>
<kw name="Run Keyword And Return Status" library="BuiltIn">
<doc>Runs the given keyword with given arguments and returns the status as a Boolean value.</doc>
<arguments>
<arg>Wait Until Element Is Visible</arg>
<arg>android=UiSelector().text("ALLOW")</arg>
<arg>10s</arg>
</arguments>
<assign>
<var>${IsElementVisible}</var>
</assign>
<kw name="Wait Until Element Is Visible" library="AppiumLibrary">
<doc>Waits until element specified with `locator` is visible.</doc>
<arguments>
<arg>android=UiSelector().text("ALLOW")</arg>
<arg>10s</arg>
</arguments>
<status status="PASS" starttime="20200618 13:57:34.332" endtime="20200618 13:57:34.422"></status>
</kw>
<msg timestamp="20200618 13:57:34.423" level="INFO">${IsElementVisible} = True</msg>
<status status="PASS" starttime="20200618 13:57:34.331" endtime="20200618 13:57:34.423"></status>
</kw>
<kw name="Run Keyword If" library="BuiltIn">
<doc>Runs the given keyword with the given arguments, if ``condition`` is true.</doc>
<arguments>
<arg>${IsElementVisible}</arg>
<arg>Tap</arg>
<arg>android=UiSelector().text("ALLOW")</arg>
</arguments>
<kw name="Tap" library="AppiumLibrary">
<doc>Tap element identified by ``locator``.</doc>
<arguments>
<arg>android=UiSelector().text("ALLOW")</arg>
</arguments>
<status status="PASS" starttime="20200618 13:57:34.425" endtime="20200618 13:57:36.076"></status>
</kw>
<status status="PASS" starttime="20200618 13:57:34.424" endtime="20200618 13:57:36.076"></status>
</kw>
<kw name="Wait Until Element Is Visible" library="AppiumLibrary">
<doc>Waits until element specified with `locator` is visible.</doc>
<arguments>
<arg>android=UiSelector().text("SCAN &amp; PAY")</arg>
<arg>30s</arg>
</arguments>
<status status="PASS" starttime="20200618 13:57:36.077" endtime="20200618 13:57:36.249"></status>
</kw>
<kw name="Tap" library="AppiumLibrary">
<doc>Tap element identified by ``locator``.</doc>
<arguments>
<arg>id=com.ccpp.msp.uat:id/imgGallery</arg>
</arguments>
<status status="PASS" starttime="20200618 13:57:36.249" endtime="20200618 13:57:36.407"></status>
</kw>
<kw name="Run Keyword And Return Status" library="BuiltIn">
<doc>Runs the given keyword with given arguments and returns the status as a Boolean value.</doc>
<arguments>
<arg>Wait Until Element Is Visible</arg>
<arg>android=UiSelector().text("ALLOW")</arg>
<arg>10s</arg>
</arguments>
<assign>
<var>${IsElementVisible1}</var>
</assign>
<kw name="Wait Until Element Is Visible" library="AppiumLibrary">
<doc>Waits until element specified with `locator` is visible.</doc>
<arguments>
<arg>android=UiSelector().text("ALLOW")</arg>
<arg>10s</arg>
</arguments>
<status status="PASS" starttime="20200618 13:57:36.409" endtime="20200618 13:57:37.616"></status>
</kw>
<msg timestamp="20200618 13:57:37.617" level="INFO">${IsElementVisible1} = True</msg>
<status status="PASS" starttime="20200618 13:57:36.408" endtime="20200618 13:57:37.617"></status>
</kw>
<kw name="Run Keyword If" library="BuiltIn">
<doc>Runs the given keyword with the given arguments, if ``condition`` is true.</doc>
<arguments>
<arg>${IsElementVisible1}</arg>
<arg>Tap</arg>
<arg>id=com.android.packageinstaller:id/permission_allow_button</arg>
</arguments>
<kw name="Tap" library="AppiumLibrary">
<doc>Tap element identified by ``locator``.</doc>
<arguments>
<arg>id=com.android.packageinstaller:id/permission_allow_button</arg>
</arguments>
<status status="PASS" starttime="20200618 13:57:37.619" endtime="20200618 13:57:37.807"></status>
</kw>
<status status="PASS" starttime="20200618 13:57:37.618" endtime="20200618 13:57:37.808"></status>
</kw>
<kw name="Wait Until Element Is Visible" library="AppiumLibrary">
<doc>Waits until element specified with `locator` is visible.</doc>
<arguments>
<arg>android=UiSelector().text("Download")</arg>
<arg>30s</arg>
</arguments>
<status status="PASS" starttime="20200618 13:57:37.809" endtime="20200618 13:57:41.391"></status>
</kw>
<kw name="Tap" library="AppiumLibrary">
<doc>Tap element identified by ``locator``.</doc>
<arguments>
<arg>android=UiSelector().text("Download")</arg>
</arguments>
<status status="PASS" starttime="20200618 13:57:41.391" endtime="20200618 13:57:43.374"></status>
</kw>
<kw name="Tap" library="AppiumLibrary">
<doc>Tap element identified by ``locator``.</doc>
<arguments>
<arg>//android.view.ViewGroup[@content-desc="Photo taken on Mar 3, 2020 9:59:53 AM"]</arg>
</arguments>
<status status="PASS" starttime="20200618 13:57:43.375" endtime="20200618 13:57:44.379"></status>
</kw>
<kw name="Wait Until Element Is Visible" library="AppiumLibrary">
<doc>Waits until element specified with `locator` is visible.</doc>
<arguments>
<arg>android=UiSelector().text("Amount")</arg>
<arg>30s</arg>
</arguments>
<status status="PASS" starttime="20200618 13:57:44.380" endtime="20200618 13:57:52.280"></status>
</kw>
<kw name="Input Text" library="AppiumLibrary">
<doc>Types the given `text` into text field identified by `locator`.</doc>
<arguments>
<arg>id=com.ccpp.msp.uat:id/edtAmount</arg>
<arg>${Expected_Am}</arg>
</arguments>
<msg timestamp="20200618 13:57:52.287" level="INFO">Typing text '12' into text field 'id=com.ccpp.msp.uat:id/edtAmount'</msg>
<status status="PASS" starttime="20200618 13:57:52.281" endtime="20200618 13:57:52.475"></status>
</kw>
<kw name="Tap" library="AppiumLibrary">
<doc>Tap element identified by ``locator``.</doc>
<arguments>
<arg>id=com.ccpp.msp.uat:id/btnConfirm</arg>
</arguments>
<status status="PASS" starttime="20200618 13:57:52.476" endtime="20200618 13:57:53.210"></status>
</kw>
<kw name="Wait Until Element Is Visible" library="AppiumLibrary">
<doc>Waits until element specified with `locator` is visible.</doc>
<arguments>
<arg>android=UiSelector().text("CONFIRMATION")</arg>
<arg>30s</arg>
</arguments>
<status status="PASS" starttime="20200618 13:57:53.211" endtime="20200618 13:57:57.046"></status>
</kw>
<kw name="Swipe" library="AppiumLibrary">
<doc>Swipe from one point to another point, for an optional duration.</doc>
<arguments>
<arg>600</arg>
<arg>923</arg>
<arg>415</arg>
<arg>695</arg>
<arg>3000</arg>
</arguments>
<status status="PASS" starttime="20200618 13:57:57.047" endtime="20200618 13:58:03.896"></status>
</kw>
<kw name="Tap" library="AppiumLibrary">
<doc>Tap element identified by ``locator``.</doc>
<arguments>
<arg>android=UiSelector().text("CONFIRM")</arg>
</arguments>
<status status="PASS" starttime="20200618 13:58:03.897" endtime="20200618 13:58:06.250"></status>
</kw>
<kw name="ENTER PASSCODE" library="ENTER_PASSCODE">
<kw name="Wait Until Element Is Visible" library="AppiumLibrary">
<doc>Waits until element specified with `locator` is visible.</doc>
<arguments>
<arg>android=UiSelector().text("ENTER PASSCODE")</arg>
<arg>60s</arg>
</arguments>
<status status="PASS" starttime="20200618 13:58:06.253" endtime="20200618 13:58:06.526"></status>
</kw>
<kw name="Tap" library="AppiumLibrary">
<doc>Tap element identified by ``locator``.</doc>
<arguments>
<arg>id=com.ccpp.msp.uat:id/k1</arg>
</arguments>
<status status="PASS" starttime="20200618 13:58:06.527" endtime="20200618 13:58:06.794"></status>
</kw>
<kw name="Tap" library="AppiumLibrary">
<doc>Tap element identified by ``locator``.</doc>
<arguments>
<arg>id=com.ccpp.msp.uat:id/k1</arg>
</arguments>
<status status="PASS" starttime="20200618 13:58:06.795" endtime="20200618 13:58:07.336"></status>
</kw>
<kw name="Tap" library="AppiumLibrary">
<doc>Tap element identified by ``locator``.</doc>
<arguments>
<arg>id=com.ccpp.msp.uat:id/k1</arg>
</arguments>
<status status="PASS" starttime="20200618 13:58:07.336" endtime="20200618 13:58:08.428"></status>
</kw>
<kw name="Tap" library="AppiumLibrary">
<doc>Tap element identified by ``locator``.</doc>
<arguments>
<arg>id=com.ccpp.msp.uat:id/k1</arg>
</arguments>
<status status="PASS" starttime="20200618 13:58:08.429" endtime="20200618 13:58:08.518"></status>
</kw>
<kw name="Tap" library="AppiumLibrary">
<doc>Tap element identified by ``locator``.</doc>
<arguments>
<arg>id=com.ccpp.msp.uat:id/k1</arg>
</arguments>
<status status="PASS" starttime="20200618 13:58:08.519" endtime="20200618 13:58:09.116"></status>
</kw>
<kw name="Tap" library="AppiumLibrary">
<doc>Tap element identified by ``locator``.</doc>
<arguments>
<arg>id=com.ccpp.msp.uat:id/k1</arg>
</arguments>
<status status="PASS" starttime="20200618 13:58:09.116" endtime="20200618 13:58:09.741"></status>
</kw>
<status status="PASS" starttime="20200618 13:58:06.251" endtime="20200618 13:58:09.741"></status>
</kw>
<kw name="If Fails To Login" library="ENTER_PASSCODE">
<kw name="Run Keyword And Return Status" library="BuiltIn">
<doc>Runs the given keyword with given arguments and returns the status as a Boolean value.</doc>
<arguments>
<arg>Wait Until Element Is Visible</arg>
<arg>android=UiSelector().text("Try again or tap forgot passcode to reset.")</arg>
<arg>8s</arg>
</arguments>
<assign>
<var>${Again}</var>
</assign>
<kw name="Wait Until Element Is Visible" library="AppiumLibrary">
<doc>Waits until element specified with `locator` is visible.</doc>
<arguments>
<arg>android=UiSelector().text("Try again or tap forgot passcode to reset.")</arg>
<arg>8s</arg>
</arguments>
<kw name="Capture Page Screenshot" library="AppiumLibrary">
<doc>Takes a screenshot of the current page and embeds it into the log.</doc>
<msg timestamp="20200618 13:58:19.123" level="INFO" html="yes">&lt;/td&gt;&lt;/tr&gt;&lt;tr&gt;&lt;td colspan="3"&gt;&lt;a href="appium-screenshot-3.png"&gt;&lt;img src="appium-screenshot-3.png" width="800px"&gt;&lt;/a&gt;</msg>
<status status="PASS" starttime="20200618 13:58:17.909" endtime="20200618 13:58:19.124"></status>
</kw>
<msg timestamp="20200618 13:58:19.124" level="FAIL">Element locator 'android=UiSelector().text("Try again or tap forgot passcode to reset.")' did not match any elements after 8 seconds</msg>
<status status="FAIL" starttime="20200618 13:58:09.743" endtime="20200618 13:58:19.124"></status>
</kw>
<msg timestamp="20200618 13:58:19.124" level="INFO">${Again} = False</msg>
<status status="PASS" starttime="20200618 13:58:09.742" endtime="20200618 13:58:19.124"></status>
</kw>
<kw name="Run Keyword If" library="BuiltIn">
<doc>Runs the given keyword with the given arguments, if ``condition`` is true.</doc>
<arguments>
<arg>${Again}</arg>
<arg>Continue_Pass</arg>
</arguments>
<status status="PASS" starttime="20200618 13:58:19.125" endtime="20200618 13:58:19.125"></status>
</kw>
<status status="PASS" starttime="20200618 13:58:09.742" endtime="20200618 13:58:19.125"></status>
</kw>
<kw name="Wait Until Element Is Visible" library="AppiumLibrary">
<doc>Waits until element specified with `locator` is visible.</doc>
<arguments>
<arg>android=UiSelector().text("SUCCESS!")</arg>
<arg>20s</arg>
</arguments>
<status status="PASS" starttime="20200618 13:58:19.125" endtime="20200618 13:58:19.237"></status>
</kw>
<kw name="Swipe" library="AppiumLibrary">
<doc>Swipe from one point to another point, for an optional duration.</doc>
<arguments>
<arg>157</arg>
<arg>1365</arg>
<arg>292</arg>
<arg>630</arg>
<arg>8000</arg>
</arguments>
<status status="PASS" starttime="20200618 13:58:19.238" endtime="20200618 13:58:24.321"></status>
</kw>
<kw name="Tap" library="AppiumLibrary">
<doc>Tap element identified by ``locator``.</doc>
<arguments>
<arg>android=UiSelector().text("BACK TO HOME")</arg>
</arguments>
<status status="PASS" starttime="20200618 13:58:24.323" endtime="20200618 13:58:27.096"></status>
</kw>
<kw name="Transaction Details" library="Show_All_Transaction">
<arguments>
<arg>QR_Transfer_Customer limited</arg>
</arguments>
<kw name="Check Transafer Details" library="Show_All_Transaction">
<arguments>
<arg>${Type}</arg>
</arguments>
<kw name="Wait Until Element Is Visible" library="AppiumLibrary">
<doc>Waits until element specified with `locator` is visible.</doc>
<arguments>
<arg>android=UiSelector().text("Transfer")</arg>
<arg>10</arg>
</arguments>
<status status="PASS" starttime="20200618 13:58:27.098" endtime="20200618 13:58:27.249"></status>
</kw>
<kw name="Scroll" library="AppiumLibrary">
<doc>Scrolls from one element to another
Key attributes for arbitrary elements are `id` and `name`. See
`introduction` for details about locating elements.</doc>
<arguments>
<arg>android=UiSelector().text("Gifts")</arg>
<arg>id=com.ccpp.msp.uat:id/tvMsw</arg>
</arguments>
<status status="PASS" starttime="20200618 13:58:27.250" endtime="20200618 13:58:30.022"></status>
</kw>
<kw name="Sleep" library="BuiltIn">
<doc>Pauses the test executed for the given time.</doc>
<arguments>
<arg>1s</arg>
</arguments>
<msg timestamp="20200618 13:58:31.023" level="INFO">Slept 1 second</msg>
<status status="PASS" starttime="20200618 13:58:30.022" endtime="20200618 13:58:31.025"></status>
</kw>
<kw name="Scroll" library="AppiumLibrary">
<doc>Scrolls from one element to another
Key attributes for arbitrary elements are `id` and `name`. See
`introduction` for details about locating elements.</doc>
<arguments>
<arg>com.ccpp.msp.uat:id/txnDate</arg>
<arg>com.ccpp.msp.uat:id/tvFlashSaleMore</arg>
</arguments>
<status status="PASS" starttime="20200618 13:58:31.026" endtime="20200618 13:58:33.841"></status>
</kw>
<kw name="Tap" library="AppiumLibrary">
<doc>Tap element identified by ``locator``.</doc>
<arguments>
<arg>id=com.ccpp.msp.uat:id/tvShowAll</arg>
</arguments>
<status status="PASS" starttime="20200618 13:58:33.841" endtime="20200618 13:58:33.972"></status>
</kw>
<kw name="Wait Until Keyword Succeeds" library="BuiltIn">
<doc>Runs the specified keyword and retries if it fails.</doc>
<arguments>
<arg>2 min</arg>
<arg>1 sec</arg>
<arg>Element Should Be Visible</arg>
<arg>xpath=//android.widget.LinearLayout[@index='0']</arg>
</arguments>
<kw name="Element Should Be Visible" library="AppiumLibrary">
<doc>Verifies that element identified with locator is visible.</doc>
<arguments>
<arg>xpath=//android.widget.LinearLayout[@index='0']</arg>
</arguments>
<kw name="Capture Page Screenshot" library="AppiumLibrary">
<doc>Takes a screenshot of the current page and embeds it into the log.</doc>
<msg timestamp="20200618 13:58:37.521" level="INFO" html="yes">&lt;/td&gt;&lt;/tr&gt;&lt;tr&gt;&lt;td colspan="3"&gt;&lt;a href="appium-screenshot-4.png"&gt;&lt;img src="appium-screenshot-4.png" width="800px"&gt;&lt;/a&gt;</msg>
<status status="PASS" starttime="20200618 13:58:35.540" endtime="20200618 13:58:37.521"></status>
</kw>
<msg timestamp="20200618 13:58:37.538" level="FAIL">StaleElementReferenceException: Message: Cached elements 'By.xpath: //android.widget.LinearLayout[@index='0']' do not exist in DOM anymore
</msg>
<status status="FAIL" starttime="20200618 13:58:33.974" endtime="20200618 13:58:37.538"></status>
</kw>
<kw name="Element Should Be Visible" library="AppiumLibrary">
<doc>Verifies that element identified with locator is visible.</doc>
<arguments>
<arg>xpath=//android.widget.LinearLayout[@index='0']</arg>
</arguments>
<status status="PASS" starttime="20200618 13:58:38.539" endtime="20200618 13:58:38.718"></status>
</kw>
<status status="PASS" starttime="20200618 13:58:33.973" endtime="20200618 13:58:38.718"></status>
</kw>
<kw name="Wait Until Element Is Visible" library="AppiumLibrary">
<doc>Waits until element specified with `locator` is visible.</doc>
<arguments>
<arg>id=com.ccpp.msp.uat:id/tvTransactionType</arg>
<arg>180s</arg>
</arguments>
<status status="PASS" starttime="20200618 13:58:38.719" endtime="20200618 13:58:52.854"></status>
</kw>
<kw name="Tap" library="AppiumLibrary">
<doc>Tap element identified by ``locator``.</doc>
<arguments>
<arg>id=com.ccpp.msp.uat:id/tvTransactionType</arg>
</arguments>
<status status="PASS" starttime="20200618 13:58:52.855" endtime="20200618 13:58:53.109"></status>
</kw>
<kw name="Wait Until Element Is Visible" library="AppiumLibrary">
<doc>Waits until element specified with `locator` is visible.</doc>
<arguments>
<arg>//android.widget.TextView[@resource-id='com.ccpp.msp.uat:id/tvTransactionStatus']</arg>
<arg>120s</arg>
</arguments>
<status status="PASS" starttime="20200618 13:58:53.109" endtime="20200618 13:58:55.112"></status>
</kw>
<kw name="Get Text" library="AppiumLibrary">
<doc>Get element text (for hybrid and mobile browser use `xpath` locator, others might cause problem)</doc>
<arguments>
<arg>//android.widget.TextView[@resource-id='com.ccpp.msp.uat:id/tvTransactionStatus']</arg>
</arguments>
<assign>
<var>${Status}</var>
</assign>
<msg timestamp="20200618 13:58:56.122" level="INFO">Element '//android.widget.TextView[@resource-id='com.ccpp.msp.uat:id/tvTransactionStatus']' text is 'Success!' </msg>
<msg timestamp="20200618 13:58:56.123" level="INFO">${Status} = Success!</msg>
<status status="PASS" starttime="20200618 13:58:55.112" endtime="20200618 13:58:56.123"></status>
</kw>
<kw name="Log To Console" library="BuiltIn">
<doc>Logs the given message to the console.</doc>
<arguments>
<arg>${Type} Status is = ${Status}</arg>
</arguments>
<status status="PASS" starttime="20200618 13:58:56.123" endtime="20200618 13:58:56.123"></status>
</kw>
<kw name="Get Text" library="AppiumLibrary">
<doc>Get element text (for hybrid and mobile browser use `xpath` locator, others might cause problem)</doc>
<arguments>
<arg>//android.widget.TextView[@resource-id='com.ccpp.msp.uat:id/tvTransactionAmt']</arg>
</arguments>
<assign>
<var>${Transfer_Amt}</var>
</assign>
<msg timestamp="20200618 13:58:56.959" level="INFO">Element '//android.widget.TextView[@resource-id='com.ccpp.msp.uat:id/tvTransactionAmt']' text is 'MMK 12' </msg>
<msg timestamp="20200618 13:58:56.959" level="INFO">${Transfer_Amt} = MMK 12</msg>
<status status="PASS" starttime="20200618 13:58:56.124" endtime="20200618 13:58:56.959"></status>
</kw>
<kw name="Log To Console" library="BuiltIn">
<doc>Logs the given message to the console.</doc>
<arguments>
<arg>${Type} Amount is = ${Transfer_Amt}</arg>
</arguments>
<status status="PASS" starttime="20200618 13:58:56.959" endtime="20200618 13:58:56.960"></status>
</kw>
<kw name="Capture Page Screenshot" library="AppiumLibrary">
<doc>Takes a screenshot of the current page and embeds it into the log.</doc>
<arguments>
<arg>Screenshots/${Type}.png</arg>
</arguments>
<msg timestamp="20200618 13:58:57.601" level="INFO" html="yes">&lt;/td&gt;&lt;/tr&gt;&lt;tr&gt;&lt;td colspan="3"&gt;&lt;a href="Screenshots/QR_Transfer_Customer%20limited.png"&gt;&lt;img src="Screenshots/QR_Transfer_Customer%20limited.png" width="800px"&gt;&lt;/a&gt;</msg>
<status status="PASS" starttime="20200618 13:58:56.961" endtime="20200618 13:58:57.601"></status>
</kw>
<kw name="Tap" library="AppiumLibrary">
<doc>Tap element identified by ``locator``.</doc>
<arguments>
<arg>id=com.ccpp.msp.uat:id/ibBackIcon</arg>
</arguments>
<status status="PASS" starttime="20200618 13:58:57.601" endtime="20200618 13:58:57.836"></status>
</kw>
<kw name="Tap" library="AppiumLibrary">
<doc>Tap element identified by ``locator``.</doc>
<arguments>
<arg>id=com.ccpp.msp.uat:id/ibBackIcon</arg>
</arguments>
<status status="PASS" starttime="20200618 13:58:57.837" endtime="20200618 13:58:58.900"></status>
</kw>
<kw name="Wait Until Element Is Visible" library="AppiumLibrary">
<doc>Waits until element specified with `locator` is visible.</doc>
<arguments>
<arg>android=UiSelector().text("Show All Transaction")</arg>
<arg>30s</arg>
</arguments>
<status status="PASS" starttime="20200618 13:58:58.900" endtime="20200618 13:59:02.229"></status>
</kw>
<kw name="Scroll" library="AppiumLibrary">
<doc>Scrolls from one element to another
Key attributes for arbitrary elements are `id` and `name`. See
`introduction` for details about locating elements.</doc>
<arguments>
<arg>id=com.ccpp.msp.uat:id/tvFlashSaleMore</arg>
<arg>id=com.ccpp.msp.uat:id/tvShowAll</arg>
</arguments>
<status status="PASS" starttime="20200618 13:59:02.229" endtime="20200618 13:59:03.924"></status>
</kw>
<kw name="Scroll" library="AppiumLibrary">
<doc>Scrolls from one element to another
Key attributes for arbitrary elements are `id` and `name`. See
`introduction` for details about locating elements.</doc>
<arguments>
<arg>android=UiSelector().text("Add Money")</arg>
<arg>android=UiSelector().text("Gifts")</arg>
</arguments>
<status status="PASS" starttime="20200618 13:59:03.925" endtime="20200618 13:59:05.769"></status>
</kw>
<kw name="Wait Until Element Is Visible" library="AppiumLibrary">
<doc>Waits until element specified with `locator` is visible.</doc>
<arguments>
<arg>android=UiSelector().text("Transfer")</arg>
<arg>40s</arg>
</arguments>
<status status="PASS" starttime="20200618 13:59:05.770" endtime="20200618 13:59:07.250"></status>
</kw>
<status status="PASS" starttime="20200618 13:58:27.097" endtime="20200618 13:59:07.250"></status>
</kw>
<status status="PASS" starttime="20200618 13:58:27.096" endtime="20200618 13:59:07.250"></status>
</kw>
<status status="PASS" starttime="20200618 13:57:31.508" endtime="20200618 13:59:07.250"></status>
</kw>
<kw name="Unlimit time for scan for customer" library="9_QR_Code">
<kw name="Wait Until Element Is Visible" library="AppiumLibrary">
<doc>Waits until element specified with `locator` is visible.</doc>
<arguments>
<arg>android=UiSelector().text("Transfer")</arg>
</arguments>
<status status="PASS" starttime="20200618 13:59:07.251" endtime="20200618 13:59:07.358"></status>
</kw>
<kw name="Tap" library="AppiumLibrary">
<doc>Tap element identified by ``locator``.</doc>
<arguments>
<arg>android=UiSelector().text("Scan")</arg>
</arguments>
<status status="PASS" starttime="20200618 13:59:07.358" endtime="20200618 13:59:09.388"></status>
</kw>
<kw name="Wait Until Element Is Visible" library="AppiumLibrary">
<doc>Waits until element specified with `locator` is visible.</doc>
<arguments>
<arg>android=UiSelector().text("SCAN &amp; PAY")</arg>
</arguments>
<status status="PASS" starttime="20200618 13:59:09.388" endtime="20200618 13:59:09.491"></status>
</kw>
<kw name="Tap" library="AppiumLibrary">
<doc>Tap element identified by ``locator``.</doc>
<arguments>
<arg>id=com.ccpp.msp.uat:id/imgGallery</arg>
</arguments>
<status status="PASS" starttime="20200618 13:59:09.491" endtime="20200618 13:59:09.580"></status>
</kw>
<kw name="Wait Until Element Is Visible" library="AppiumLibrary">
<doc>Waits until element specified with `locator` is visible.</doc>
<arguments>
<arg>android=UiSelector().text("Download")</arg>
<arg>30s</arg>
</arguments>
<status status="PASS" starttime="20200618 13:59:09.581" endtime="20200618 13:59:12.023"></status>
</kw>
<kw name="Tap" library="AppiumLibrary">
<doc>Tap element identified by ``locator``.</doc>
<arguments>
<arg>android=UiSelector().text("Download")</arg>
</arguments>
<status status="PASS" starttime="20200618 13:59:12.023" endtime="20200618 13:59:13.397"></status>
</kw>
<kw name="Tap" library="AppiumLibrary">
<doc>Tap element identified by ``locator``.</doc>
<arguments>
<arg>//android.view.ViewGroup[@content-desc="Photo taken on Mar 3, 2020 9:59:53 AM"]</arg>
</arguments>
<status status="PASS" starttime="20200618 13:59:13.398" endtime="20200618 13:59:14.083"></status>
</kw>
<kw name="Wait Until Element Is Visible" library="AppiumLibrary">
<doc>Waits until element specified with `locator` is visible.</doc>
<arguments>
<arg>android=UiSelector().text("Amount")</arg>
<arg>10</arg>
</arguments>
<status status="PASS" starttime="20200618 13:59:14.084" endtime="20200618 13:59:17.061"></status>
</kw>
<kw name="Input Text" library="AppiumLibrary">
<doc>Types the given `text` into text field identified by `locator`.</doc>
<arguments>
<arg>id=com.ccpp.msp.uat:id/edtAmount</arg>
<arg>${Unlimit_Amount}</arg>
</arguments>
<msg timestamp="20200618 13:59:17.063" level="INFO">Typing text '162' into text field 'id=com.ccpp.msp.uat:id/edtAmount'</msg>
<status status="PASS" starttime="20200618 13:59:17.061" endtime="20200618 13:59:17.719"></status>
</kw>
<kw name="Tap" library="AppiumLibrary">
<doc>Tap element identified by ``locator``.</doc>
<arguments>
<arg>id=com.ccpp.msp.uat:id/btnConfirm</arg>
</arguments>
<status status="PASS" starttime="20200618 13:59:17.720" endtime="20200618 13:59:18.471"></status>
</kw>
<kw name="Wait Until Element Is Visible" library="AppiumLibrary">
<doc>Waits until element specified with `locator` is visible.</doc>
<arguments>
<arg>android=UiSelector().text("CONFIRMATION")</arg>
</arguments>
<status status="PASS" starttime="20200618 13:59:18.472" endtime="20200618 13:59:21.326"></status>
</kw>
<kw name="Swipe" library="AppiumLibrary">
<doc>Swipe from one point to another point, for an optional duration.</doc>
<arguments>
<arg>600</arg>
<arg>923</arg>
<arg>415</arg>
<arg>695</arg>
<arg>3000</arg>
</arguments>
<status status="PASS" starttime="20200618 13:59:21.327" endtime="20200618 13:59:26.018"></status>
</kw>
<kw name="Tap" library="AppiumLibrary">
<doc>Tap element identified by ``locator``.</doc>
<arguments>
<arg>android=UiSelector().text("CONFIRM")</arg>
</arguments>
<status status="PASS" starttime="20200618 13:59:26.018" endtime="20200618 13:59:28.167"></status>
</kw>
<kw name="ENTER PASSCODE" library="ENTER_PASSCODE">
<kw name="Wait Until Element Is Visible" library="AppiumLibrary">
<doc>Waits until element specified with `locator` is visible.</doc>
<arguments>
<arg>android=UiSelector().text("ENTER PASSCODE")</arg>
<arg>60s</arg>
</arguments>
<status status="PASS" starttime="20200618 13:59:28.168" endtime="20200618 13:59:28.415"></status>
</kw>
<kw name="Tap" library="AppiumLibrary">
<doc>Tap element identified by ``locator``.</doc>
<arguments>
<arg>id=com.ccpp.msp.uat:id/k1</arg>
</arguments>
<status status="PASS" starttime="20200618 13:59:28.416" endtime="20200618 13:59:28.690"></status>
</kw>
<kw name="Tap" library="AppiumLibrary">
<doc>Tap element identified by ``locator``.</doc>
<arguments>
<arg>id=com.ccpp.msp.uat:id/k1</arg>
</arguments>
<status status="PASS" starttime="20200618 13:59:28.691" endtime="20200618 13:59:29.248"></status>
</kw>
<kw name="Tap" library="AppiumLibrary">
<doc>Tap element identified by ``locator``.</doc>
<arguments>
<arg>id=com.ccpp.msp.uat:id/k1</arg>
</arguments>
<status status="PASS" starttime="20200618 13:59:29.248" endtime="20200618 13:59:29.851"></status>
</kw>
<kw name="Tap" library="AppiumLibrary">
<doc>Tap element identified by ``locator``.</doc>
<arguments>
<arg>id=com.ccpp.msp.uat:id/k1</arg>
</arguments>
<status status="PASS" starttime="20200618 13:59:29.851" endtime="20200618 13:59:30.424"></status>
</kw>
<kw name="Tap" library="AppiumLibrary">
<doc>Tap element identified by ``locator``.</doc>
<arguments>
<arg>id=com.ccpp.msp.uat:id/k1</arg>
</arguments>
<status status="PASS" starttime="20200618 13:59:30.424" endtime="20200618 13:59:31.037"></status>
</kw>
<kw name="Tap" library="AppiumLibrary">
<doc>Tap element identified by ``locator``.</doc>
<arguments>
<arg>id=com.ccpp.msp.uat:id/k1</arg>
</arguments>
<status status="PASS" starttime="20200618 13:59:31.037" endtime="20200618 13:59:31.648"></status>
</kw>
<status status="PASS" starttime="20200618 13:59:28.167" endtime="20200618 13:59:31.648"></status>
</kw>
<kw name="If Fails To Login" library="ENTER_PASSCODE">
<kw name="Run Keyword And Return Status" library="BuiltIn">
<doc>Runs the given keyword with given arguments and returns the status as a Boolean value.</doc>
<arguments>
<arg>Wait Until Element Is Visible</arg>
<arg>android=UiSelector().text("Try again or tap forgot passcode to reset.")</arg>
<arg>8s</arg>
</arguments>
<assign>
<var>${Again}</var>
</assign>
<kw name="Wait Until Element Is Visible" library="AppiumLibrary">
<doc>Waits until element specified with `locator` is visible.</doc>
<arguments>
<arg>android=UiSelector().text("Try again or tap forgot passcode to reset.")</arg>
<arg>8s</arg>
</arguments>
<kw name="Capture Page Screenshot" library="AppiumLibrary">
<doc>Takes a screenshot of the current page and embeds it into the log.</doc>
<msg timestamp="20200618 13:59:40.629" level="INFO" html="yes">&lt;/td&gt;&lt;/tr&gt;&lt;tr&gt;&lt;td colspan="3"&gt;&lt;a href="appium-screenshot-5.png"&gt;&lt;img src="appium-screenshot-5.png" width="800px"&gt;&lt;/a&gt;</msg>
<status status="PASS" starttime="20200618 13:59:39.843" endtime="20200618 13:59:40.629"></status>
</kw>
<msg timestamp="20200618 13:59:40.630" level="FAIL">Element locator 'android=UiSelector().text("Try again or tap forgot passcode to reset.")' did not match any elements after 8 seconds</msg>
<status status="FAIL" starttime="20200618 13:59:31.649" endtime="20200618 13:59:40.630"></status>
</kw>
<msg timestamp="20200618 13:59:40.630" level="INFO">${Again} = False</msg>
<status status="PASS" starttime="20200618 13:59:31.649" endtime="20200618 13:59:40.630"></status>
</kw>
<kw name="Run Keyword If" library="BuiltIn">
<doc>Runs the given keyword with the given arguments, if ``condition`` is true.</doc>
<arguments>
<arg>${Again}</arg>
<arg>Continue_Pass</arg>
</arguments>
<status status="PASS" starttime="20200618 13:59:40.630" endtime="20200618 13:59:40.631"></status>
</kw>
<status status="PASS" starttime="20200618 13:59:31.648" endtime="20200618 13:59:40.631"></status>
</kw>
<kw name="Wait Until Element Is Visible" library="AppiumLibrary">
<doc>Waits until element specified with `locator` is visible.</doc>
<arguments>
<arg>android=UiSelector().text("SUCCESS!")</arg>
<arg>20s</arg>
</arguments>
<status status="PASS" starttime="20200618 13:59:40.631" endtime="20200618 13:59:40.724"></status>
</kw>
<kw name="Swipe" library="AppiumLibrary">
<doc>Swipe from one point to another point, for an optional duration.</doc>
<arguments>
<arg>157</arg>
<arg>1365</arg>
<arg>292</arg>
<arg>630</arg>
<arg>8000</arg>
</arguments>
<status status="PASS" starttime="20200618 13:59:40.724" endtime="20200618 13:59:45.909"></status>
</kw>
<kw name="Tap" library="AppiumLibrary">
<doc>Tap element identified by ``locator``.</doc>
<arguments>
<arg>android=UiSelector().text("BACK TO HOME")</arg>
</arguments>
<status status="PASS" starttime="20200618 13:59:45.911" endtime="20200618 13:59:48.661"></status>
</kw>
<kw name="Transaction Details" library="Show_All_Transaction">
<arguments>
<arg>QR_Transfer_Customer unlimit</arg>
</arguments>
<kw name="Check Transafer Details" library="Show_All_Transaction">
<arguments>
<arg>${Type}</arg>
</arguments>
<kw name="Wait Until Element Is Visible" library="AppiumLibrary">
<doc>Waits until element specified with `locator` is visible.</doc>
<arguments>
<arg>android=UiSelector().text("Transfer")</arg>
<arg>10</arg>
</arguments>
<status status="PASS" starttime="20200618 13:59:48.664" endtime="20200618 13:59:48.796"></status>
</kw>
<kw name="Scroll" library="AppiumLibrary">
<doc>Scrolls from one element to another
Key attributes for arbitrary elements are `id` and `name`. See
`introduction` for details about locating elements.</doc>
<arguments>
<arg>android=UiSelector().text("Gifts")</arg>
<arg>id=com.ccpp.msp.uat:id/tvMsw</arg>
</arguments>
<status status="PASS" starttime="20200618 13:59:48.797" endtime="20200618 13:59:51.330"></status>
</kw>
<kw name="Sleep" library="BuiltIn">
<doc>Pauses the test executed for the given time.</doc>
<arguments>
<arg>1s</arg>
</arguments>
<msg timestamp="20200618 13:59:52.332" level="INFO">Slept 1 second</msg>
<status status="PASS" starttime="20200618 13:59:51.331" endtime="20200618 13:59:52.332"></status>
</kw>
<kw name="Scroll" library="AppiumLibrary">
<doc>Scrolls from one element to another
Key attributes for arbitrary elements are `id` and `name`. See
`introduction` for details about locating elements.</doc>
<arguments>
<arg>com.ccpp.msp.uat:id/txnDate</arg>
<arg>com.ccpp.msp.uat:id/tvFlashSaleMore</arg>
</arguments>
<status status="PASS" starttime="20200618 13:59:52.332" endtime="20200618 13:59:55.442"></status>
</kw>
<kw name="Tap" library="AppiumLibrary">
<doc>Tap element identified by ``locator``.</doc>
<arguments>
<arg>id=com.ccpp.msp.uat:id/tvShowAll</arg>
</arguments>
<status status="PASS" starttime="20200618 13:59:55.444" endtime="20200618 13:59:58.855"></status>
</kw>
<kw name="Wait Until Keyword Succeeds" library="BuiltIn">
<doc>Runs the specified keyword and retries if it fails.</doc>
<arguments>
<arg>2 min</arg>
<arg>1 sec</arg>
<arg>Element Should Be Visible</arg>
<arg>xpath=//android.widget.LinearLayout[@index='0']</arg>
</arguments>
<kw name="Element Should Be Visible" library="AppiumLibrary">
<doc>Verifies that element identified with locator is visible.</doc>
<arguments>
<arg>xpath=//android.widget.LinearLayout[@index='0']</arg>
</arguments>
<kw name="Capture Page Screenshot" library="AppiumLibrary">
<doc>Takes a screenshot of the current page and embeds it into the log.</doc>
<msg timestamp="20200618 14:00:01.263" level="INFO" html="yes">&lt;/td&gt;&lt;/tr&gt;&lt;tr&gt;&lt;td colspan="3"&gt;&lt;a href="appium-screenshot-6.png"&gt;&lt;img src="appium-screenshot-6.png" width="800px"&gt;&lt;/a&gt;</msg>
<status status="PASS" starttime="20200618 13:59:59.776" endtime="20200618 14:00:01.263"></status>
</kw>
<msg timestamp="20200618 14:00:01.265" level="FAIL">StaleElementReferenceException: Message: Cached elements 'By.xpath: //android.widget.LinearLayout[@index='0']' do not exist in DOM anymore
</msg>
<status status="FAIL" starttime="20200618 13:59:58.856" endtime="20200618 14:00:01.265"></status>
</kw>
<kw name="Element Should Be Visible" library="AppiumLibrary">
<doc>Verifies that element identified with locator is visible.</doc>
<arguments>
<arg>xpath=//android.widget.LinearLayout[@index='0']</arg>
</arguments>
<status status="PASS" starttime="20200618 14:00:02.267" endtime="20200618 14:00:02.433"></status>
</kw>
<status status="PASS" starttime="20200618 13:59:58.856" endtime="20200618 14:00:02.433"></status>
</kw>
<kw name="Wait Until Element Is Visible" library="AppiumLibrary">
<doc>Waits until element specified with `locator` is visible.</doc>
<arguments>
<arg>id=com.ccpp.msp.uat:id/tvTransactionType</arg>
<arg>180s</arg>
</arguments>
<status status="PASS" starttime="20200618 14:00:02.434" endtime="20200618 14:00:16.344"></status>
</kw>
<kw name="Tap" library="AppiumLibrary">
<doc>Tap element identified by ``locator``.</doc>
<arguments>
<arg>id=com.ccpp.msp.uat:id/tvTransactionType</arg>
</arguments>
<status status="PASS" starttime="20200618 14:00:16.345" endtime="20200618 14:00:16.638"></status>
</kw>
<kw name="Wait Until Element Is Visible" library="AppiumLibrary">
<doc>Waits until element specified with `locator` is visible.</doc>
<arguments>
<arg>//android.widget.TextView[@resource-id='com.ccpp.msp.uat:id/tvTransactionStatus']</arg>
<arg>120s</arg>
</arguments>
<status status="PASS" starttime="20200618 14:00:16.639" endtime="20200618 14:00:18.482"></status>
</kw>
<kw name="Get Text" library="AppiumLibrary">
<doc>Get element text (for hybrid and mobile browser use `xpath` locator, others might cause problem)</doc>
<arguments>
<arg>//android.widget.TextView[@resource-id='com.ccpp.msp.uat:id/tvTransactionStatus']</arg>
</arguments>
<assign>
<var>${Status}</var>
</assign>
<msg timestamp="20200618 14:00:19.267" level="INFO">Element '//android.widget.TextView[@resource-id='com.ccpp.msp.uat:id/tvTransactionStatus']' text is 'Success!' </msg>
<msg timestamp="20200618 14:00:19.267" level="INFO">${Status} = Success!</msg>
<status status="PASS" starttime="20200618 14:00:18.483" endtime="20200618 14:00:19.267"></status>
</kw>
<kw name="Log To Console" library="BuiltIn">
<doc>Logs the given message to the console.</doc>
<arguments>
<arg>${Type} Status is = ${Status}</arg>
</arguments>
<status status="PASS" starttime="20200618 14:00:19.268" endtime="20200618 14:00:19.268"></status>
</kw>
<kw name="Get Text" library="AppiumLibrary">
<doc>Get element text (for hybrid and mobile browser use `xpath` locator, others might cause problem)</doc>
<arguments>
<arg>//android.widget.TextView[@resource-id='com.ccpp.msp.uat:id/tvTransactionAmt']</arg>
</arguments>
<assign>
<var>${Transfer_Amt}</var>
</assign>
<msg timestamp="20200618 14:00:19.933" level="INFO">Element '//android.widget.TextView[@resource-id='com.ccpp.msp.uat:id/tvTransactionAmt']' text is 'MMK 162' </msg>
<msg timestamp="20200618 14:00:19.933" level="INFO">${Transfer_Amt} = MMK 162</msg>
<status status="PASS" starttime="20200618 14:00:19.268" endtime="20200618 14:00:19.933"></status>
</kw>
<kw name="Log To Console" library="BuiltIn">
<doc>Logs the given message to the console.</doc>
<arguments>
<arg>${Type} Amount is = ${Transfer_Amt}</arg>
</arguments>
<status status="PASS" starttime="20200618 14:00:19.933" endtime="20200618 14:00:19.934"></status>
</kw>
<kw name="Capture Page Screenshot" library="AppiumLibrary">
<doc>Takes a screenshot of the current page and embeds it into the log.</doc>
<arguments>
<arg>Screenshots/${Type}.png</arg>
</arguments>
<msg timestamp="20200618 14:00:20.555" level="INFO" html="yes">&lt;/td&gt;&lt;/tr&gt;&lt;tr&gt;&lt;td colspan="3"&gt;&lt;a href="Screenshots/QR_Transfer_Customer%20unlimit.png"&gt;&lt;img src="Screenshots/QR_Transfer_Customer%20unlimit.png" width="800px"&gt;&lt;/a&gt;</msg>
<status status="PASS" starttime="20200618 14:00:19.934" endtime="20200618 14:00:20.556"></status>
</kw>
<kw name="Tap" library="AppiumLibrary">
<doc>Tap element identified by ``locator``.</doc>
<arguments>
<arg>id=com.ccpp.msp.uat:id/ibBackIcon</arg>
</arguments>
<status status="PASS" starttime="20200618 14:00:20.556" endtime="20200618 14:00:20.777"></status>
</kw>
<kw name="Tap" library="AppiumLibrary">
<doc>Tap element identified by ``locator``.</doc>
<arguments>
<arg>id=com.ccpp.msp.uat:id/ibBackIcon</arg>
</arguments>
<status status="PASS" starttime="20200618 14:00:20.778" endtime="20200618 14:00:21.847"></status>
</kw>
<kw name="Wait Until Element Is Visible" library="AppiumLibrary">
<doc>Waits until element specified with `locator` is visible.</doc>
<arguments>
<arg>android=UiSelector().text("Show All Transaction")</arg>
<arg>30s</arg>
</arguments>
<status status="PASS" starttime="20200618 14:00:21.848" endtime="20200618 14:00:23.938"></status>
</kw>
<kw name="Scroll" library="AppiumLibrary">
<doc>Scrolls from one element to another
Key attributes for arbitrary elements are `id` and `name`. See
`introduction` for details about locating elements.</doc>
<arguments>
<arg>id=com.ccpp.msp.uat:id/tvFlashSaleMore</arg>
<arg>id=com.ccpp.msp.uat:id/tvShowAll</arg>
</arguments>
<status status="PASS" starttime="20200618 14:00:23.939" endtime="20200618 14:00:25.668"></status>
</kw>
<kw name="Scroll" library="AppiumLibrary">
<doc>Scrolls from one element to another
Key attributes for arbitrary elements are `id` and `name`. See
`introduction` for details about locating elements.</doc>
<arguments>
<arg>android=UiSelector().text("Add Money")</arg>
<arg>android=UiSelector().text("Gifts")</arg>
</arguments>
<status status="PASS" starttime="20200618 14:00:25.670" endtime="20200618 14:00:30.475"></status>
</kw>
<kw name="Wait Until Element Is Visible" library="AppiumLibrary">
<doc>Waits until element specified with `locator` is visible.</doc>
<arguments>
<arg>android=UiSelector().text("Transfer")</arg>
<arg>40s</arg>
</arguments>
<status status="PASS" starttime="20200618 14:00:30.477" endtime="20200618 14:00:30.609"></status>
</kw>
<status status="PASS" starttime="20200618 13:59:48.663" endtime="20200618 14:00:30.609"></status>
</kw>
<status status="PASS" starttime="20200618 13:59:48.662" endtime="20200618 14:00:30.610"></status>
</kw>
<status status="PASS" starttime="20200618 13:59:07.251" endtime="20200618 14:00:30.610"></status>
</kw>
<tags>
<tag>3rd_Slot</tag>
</tags>
<status status="PASS" starttime="20200618 13:56:41.399" endtime="20200618 14:00:30.610" critical="yes"></status>
</test>
<test id="s1-t2" name="To Check QR code Functionality of Merchant">
<kw name="To merchant" library="10_QR_Code_C_M">
<kw name="Get Text" library="AppiumLibrary">
<doc>Get element text (for hybrid and mobile browser use `xpath` locator, others might cause problem)</doc>
<arguments>
<arg>id=com.ccpp.msp.uat:id/tvAvailableBalanceValue</arg>
</arguments>
<assign>
<var>${ABbefore}</var>
</assign>
<msg timestamp="20200618 14:00:30.687" level="INFO">Element 'id=com.ccpp.msp.uat:id/tvAvailableBalanceValue' text is 'MMK 749,625' </msg>
<msg timestamp="20200618 14:00:30.687" level="INFO">${ABbefore} = MMK 749,625</msg>
<status status="PASS" starttime="20200618 14:00:30.613" endtime="20200618 14:00:30.687"></status>
</kw>
<kw name="Tap" library="AppiumLibrary">
<doc>Tap element identified by ``locator``.</doc>
<arguments>
<arg>android=UiSelector().text("Scan")</arg>
</arguments>
<status status="PASS" starttime="20200618 14:00:30.687" endtime="20200618 14:00:35.787"></status>
</kw>
<kw name="Run Keyword And Return Status" library="BuiltIn">
<doc>Runs the given keyword with given arguments and returns the status as a Boolean value.</doc>
<arguments>
<arg>Wait Until Element Is Visible</arg>
<arg>android=UiSelector().text("ALLOW")</arg>
<arg>10s</arg>
</arguments>
<assign>
<var>${IsElementVisible}</var>
</assign>
<kw name="Wait Until Element Is Visible" library="AppiumLibrary">
<doc>Waits until element specified with `locator` is visible.</doc>
<arguments>
<arg>android=UiSelector().text("ALLOW")</arg>
<arg>10s</arg>
</arguments>
<kw name="Capture Page Screenshot" library="AppiumLibrary">
<doc>Takes a screenshot of the current page and embeds it into the log.</doc>
<msg timestamp="20200618 14:00:46.532" level="INFO" html="yes">&lt;/td&gt;&lt;/tr&gt;&lt;tr&gt;&lt;td colspan="3"&gt;&lt;a href="appium-screenshot-7.png"&gt;&lt;img src="appium-screenshot-7.png" width="800px"&gt;&lt;/a&gt;</msg>
<status status="PASS" starttime="20200618 14:00:45.837" endtime="20200618 14:00:46.532"></status>
</kw>
<msg timestamp="20200618 14:00:46.533" level="FAIL">Element locator 'android=UiSelector().text("ALLOW")' did not match any elements after 10 seconds</msg>
<status status="FAIL" starttime="20200618 14:00:35.790" endtime="20200618 14:00:46.533"></status>
</kw>
<msg timestamp="20200618 14:00:46.533" level="INFO">${IsElementVisible} = False</msg>
<status status="PASS" starttime="20200618 14:00:35.788" endtime="20200618 14:00:46.533"></status>
</kw>
<kw name="Run Keyword If" library="BuiltIn">
<doc>Runs the given keyword with the given arguments, if ``condition`` is true.</doc>
<arguments>
<arg>${IsElementVisible}</arg>
<arg>Tap</arg>
<arg>id=com.android.packageinstaller:id/permission_allow_button</arg>
</arguments>
<status status="PASS" starttime="20200618 14:00:46.533" endtime="20200618 14:00:46.533"></status>
</kw>
<kw name="Wait Until Element Is Visible" library="AppiumLibrary">
<doc>Waits until element specified with `locator` is visible.</doc>
<arguments>
<arg>android=UiSelector().text("SCAN &amp; PAY")</arg>
</arguments>
<status status="PASS" starttime="20200618 14:00:46.534" endtime="20200618 14:00:46.773"></status>
</kw>
<kw name="Tap" library="AppiumLibrary">
<doc>Tap element identified by ``locator``.</doc>
<arguments>
<arg>id=com.ccpp.msp.uat:id/imgGallery</arg>
</arguments>
<status status="PASS" starttime="20200618 14:00:46.773" endtime="20200618 14:00:46.857"></status>
</kw>
<kw name="Run Keyword And Return Status" library="BuiltIn">
<doc>Runs the given keyword with given arguments and returns the status as a Boolean value.</doc>
<arguments>
<arg>Wait Until Element Is Visible</arg>
<arg>android=UiSelector().text("ALLOW")</arg>
<arg>10s</arg>
</arguments>
<assign>
<var>${IsElementVisible1}</var>
</assign>
<kw name="Wait Until Element Is Visible" library="AppiumLibrary">
<doc>Waits until element specified with `locator` is visible.</doc>
<arguments>
<arg>android=UiSelector().text("ALLOW")</arg>
<arg>10s</arg>
</arguments>
<kw name="Capture Page Screenshot" library="AppiumLibrary">
<doc>Takes a screenshot of the current page and embeds it into the log.</doc>
<msg timestamp="20200618 14:00:57.649" level="INFO" html="yes">&lt;/td&gt;&lt;/tr&gt;&lt;tr&gt;&lt;td colspan="3"&gt;&lt;a href="appium-screenshot-8.png"&gt;&lt;img src="appium-screenshot-8.png" width="800px"&gt;&lt;/a&gt;</msg>
<status status="PASS" starttime="20200618 14:00:57.027" endtime="20200618 14:00:57.649"></status>
</kw>
<msg timestamp="20200618 14:00:57.650" level="FAIL">Element locator 'android=UiSelector().text("ALLOW")' did not match any elements after 10 seconds</msg>
<status status="FAIL" starttime="20200618 14:00:46.859" endtime="20200618 14:00:57.650"></status>
</kw>
<msg timestamp="20200618 14:00:57.650" level="INFO">${IsElementVisible1} = False</msg>
<status status="PASS" starttime="20200618 14:00:46.858" endtime="20200618 14:00:57.650"></status>
</kw>
<kw name="Run Keyword If" library="BuiltIn">
<doc>Runs the given keyword with the given arguments, if ``condition`` is true.</doc>
<arguments>
<arg>${IsElementVisible1}</arg>
<arg>Tap</arg>
<arg>id=com.android.packageinstaller:id/permission_allow_button</arg>
</arguments>
<status status="PASS" starttime="20200618 14:00:57.650" endtime="20200618 14:00:57.651"></status>
</kw>
<kw name="Wait Until Element Is Visible" library="AppiumLibrary">
<doc>Waits until element specified with `locator` is visible.</doc>
<arguments>
<arg>android=UiSelector().text("Download")</arg>
<arg>30s</arg>
</arguments>
<status status="PASS" starttime="20200618 14:00:57.651" endtime="20200618 14:00:57.711"></status>
</kw>
<kw name="Tap" library="AppiumLibrary">
<doc>Tap element identified by ``locator``.</doc>
<arguments>
<arg>android=UiSelector().text("Download")</arg>
</arguments>
<status status="PASS" starttime="20200618 14:00:57.711" endtime="20200618 14:00:59.064"></status>
</kw>
<kw name="Tap" library="AppiumLibrary">
<doc>Tap element identified by ``locator``.</doc>
<arguments>
<arg>//android.view.ViewGroup[@content-desc="Photo taken on Mar 2, 2020 6:43:43 PM"]</arg>
</arguments>
<status status="PASS" starttime="20200618 14:00:59.066" endtime="20200618 14:00:59.795"></status>
</kw>
<kw name="Wait Until Element Is Visible" library="AppiumLibrary">
<doc>Waits until element specified with `locator` is visible.</doc>
<arguments>
<arg>android=UiSelector().text("Amount")</arg>
<arg>10s</arg>
</arguments>
<status status="PASS" starttime="20200618 14:00:59.796" endtime="20200618 14:01:03.432"></status>
</kw>
<kw name="Input Text" library="AppiumLibrary">
<doc>Types the given `text` into text field identified by `locator`.</doc>
<arguments>
<arg>id=com.ccpp.msp.uat:id/edtAmount</arg>
<arg>${Exp_Am}</arg>
</arguments>
<msg timestamp="20200618 14:01:03.434" level="INFO">Typing text '140' into text field 'id=com.ccpp.msp.uat:id/edtAmount'</msg>
<status status="PASS" starttime="20200618 14:01:03.432" endtime="20200618 14:01:04.087"></status>
</kw>
<kw name="Tap" library="AppiumLibrary">
<doc>Tap element identified by ``locator``.</doc>
<arguments>
<arg>id=com.ccpp.msp.uat:id/btnConfirm</arg>
</arguments>
<status status="PASS" starttime="20200618 14:01:04.088" endtime="20200618 14:01:04.796"></status>
</kw>
<kw name="Wait Until Element Is Visible" library="AppiumLibrary">
<doc>Waits until element specified with `locator` is visible.</doc>
<arguments>
<arg>android=UiSelector().text("CONFIRMATION")</arg>
<arg>10s</arg>
</arguments>
<status status="PASS" starttime="20200618 14:01:04.796" endtime="20200618 14:01:07.478"></status>
</kw>
<kw name="Swipe" library="AppiumLibrary">
<doc>Swipe from one point to another point, for an optional duration.</doc>
<arguments>
<arg>600</arg>
<arg>923</arg>
<arg>415</arg>
<arg>695</arg>
<arg>3000</arg>
</arguments>
<status status="PASS" starttime="20200618 14:01:07.479" endtime="20200618 14:01:12.103"></status>
</kw>
<kw name="Tap" library="AppiumLibrary">
<doc>Tap element identified by ``locator``.</doc>
<arguments>
<arg>android=UiSelector().text("CONFIRM")</arg>
</arguments>
<status status="PASS" starttime="20200618 14:01:12.104" endtime="20200618 14:01:14.384"></status>
</kw>
<kw name="ENTER PASSCODE" library="ENTER_PASSCODE">
<kw name="Wait Until Element Is Visible" library="AppiumLibrary">
<doc>Waits until element specified with `locator` is visible.</doc>
<arguments>
<arg>android=UiSelector().text("ENTER PASSCODE")</arg>
<arg>60s</arg>
</arguments>
<status status="PASS" starttime="20200618 14:01:14.385" endtime="20200618 14:01:14.514"></status>
</kw>
<kw name="Tap" library="AppiumLibrary">
<doc>Tap element identified by ``locator``.</doc>
<arguments>
<arg>id=com.ccpp.msp.uat:id/k1</arg>
</arguments>
<status status="PASS" starttime="20200618 14:01:14.515" endtime="20200618 14:01:14.649"></status>
</kw>
<kw name="Tap" library="AppiumLibrary">
<doc>Tap element identified by ``locator``.</doc>
<arguments>
<arg>id=com.ccpp.msp.uat:id/k1</arg>
</arguments>
<status status="PASS" starttime="20200618 14:01:14.649" endtime="20200618 14:01:15.230"></status>
</kw>
<kw name="Tap" library="AppiumLibrary">
<doc>Tap element identified by ``locator``.</doc>
<arguments>
<arg>id=com.ccpp.msp.uat:id/k1</arg>
</arguments>
<status status="PASS" starttime="20200618 14:01:15.230" endtime="20200618 14:01:15.829"></status>
</kw>
<kw name="Tap" library="AppiumLibrary">
<doc>Tap element identified by ``locator``.</doc>
<arguments>
<arg>id=com.ccpp.msp.uat:id/k1</arg>
</arguments>
<status status="PASS" starttime="20200618 14:01:15.830" endtime="20200618 14:01:16.420"></status>
</kw>
<kw name="Tap" library="AppiumLibrary">
<doc>Tap element identified by ``locator``.</doc>
<arguments>
<arg>id=com.ccpp.msp.uat:id/k1</arg>
</arguments>
<status status="PASS" starttime="20200618 14:01:16.420" endtime="20200618 14:01:17.115"></status>
</kw>
<kw name="Tap" library="AppiumLibrary">
<doc>Tap element identified by ``locator``.</doc>
<arguments>
<arg>id=com.ccpp.msp.uat:id/k1</arg>
</arguments>
<status status="PASS" starttime="20200618 14:01:17.115" endtime="20200618 14:01:17.675"></status>
</kw>
<status status="PASS" starttime="20200618 14:01:14.384" endtime="20200618 14:01:17.675"></status>
</kw>
<kw name="If Fails To Login" library="ENTER_PASSCODE">
<kw name="Run Keyword And Return Status" library="BuiltIn">
<doc>Runs the given keyword with given arguments and returns the status as a Boolean value.</doc>
<arguments>
<arg>Wait Until Element Is Visible</arg>
<arg>android=UiSelector().text("Try again or tap forgot passcode to reset.")</arg>
<arg>8s</arg>
</arguments>
<assign>
<var>${Again}</var>
</assign>
<kw name="Wait Until Element Is Visible" library="AppiumLibrary">
<doc>Waits until element specified with `locator` is visible.</doc>
<arguments>
<arg>android=UiSelector().text("Try again or tap forgot passcode to reset.")</arg>
<arg>8s</arg>
</arguments>
<kw name="Capture Page Screenshot" library="AppiumLibrary">
<doc>Takes a screenshot of the current page and embeds it into the log.</doc>
<msg timestamp="20200618 14:01:26.630" level="INFO" html="yes">&lt;/td&gt;&lt;/tr&gt;&lt;tr&gt;&lt;td colspan="3"&gt;&lt;a href="appium-screenshot-9.png"&gt;&lt;img src="appium-screenshot-9.png" width="800px"&gt;&lt;/a&gt;</msg>
<status status="PASS" starttime="20200618 14:01:25.875" endtime="20200618 14:01:26.631"></status>
</kw>
<msg timestamp="20200618 14:01:26.631" level="FAIL">Element locator 'android=UiSelector().text("Try again or tap forgot passcode to reset.")' did not match any elements after 8 seconds</msg>
<status status="FAIL" starttime="20200618 14:01:17.678" endtime="20200618 14:01:26.631"></status>
</kw>
<msg timestamp="20200618 14:01:26.631" level="INFO">${Again} = False</msg>
<status status="PASS" starttime="20200618 14:01:17.677" endtime="20200618 14:01:26.631"></status>
</kw>
<kw name="Run Keyword If" library="BuiltIn">
<doc>Runs the given keyword with the given arguments, if ``condition`` is true.</doc>
<arguments>
<arg>${Again}</arg>
<arg>Continue_Pass</arg>
</arguments>
<status status="PASS" starttime="20200618 14:01:26.632" endtime="20200618 14:01:26.632"></status>
</kw>
<status status="PASS" starttime="20200618 14:01:17.676" endtime="20200618 14:01:26.632"></status>
</kw>
<kw name="Wait Until Element Is Visible" library="AppiumLibrary">
<doc>Waits until element specified with `locator` is visible.</doc>
<arguments>
<arg>android=UiSelector().text("SUCCESS!")</arg>
<arg>10s</arg>
</arguments>
<status status="PASS" starttime="20200618 14:01:26.632" endtime="20200618 14:01:26.720"></status>
</kw>
<kw name="Swipe" library="AppiumLibrary">
<doc>Swipe from one point to another point, for an optional duration.</doc>
<arguments>
<arg>157</arg>
<arg>1365</arg>
<arg>292</arg>
<arg>630</arg>
<arg>8000</arg>
</arguments>
<status status="PASS" starttime="20200618 14:01:26.721" endtime="20200618 14:01:31.938"></status>
</kw>
<kw name="Tap" library="AppiumLibrary">
<doc>Tap element identified by ``locator``.</doc>
<arguments>
<arg>android=UiSelector().text("BACK TO HOME")</arg>
</arguments>
<status status="PASS" starttime="20200618 14:01:31.939" endtime="20200618 14:01:35.193"></status>
</kw>
<kw name="Transaction Details" library="Show_All_Transaction">
<arguments>
<arg>QR_Transfer_Merchant</arg>
</arguments>
<kw name="Check Transafer Details" library="Show_All_Transaction">
<arguments>
<arg>${Type}</arg>
</arguments>
<kw name="Wait Until Element Is Visible" library="AppiumLibrary">
<doc>Waits until element specified with `locator` is visible.</doc>
<arguments>
<arg>android=UiSelector().text("Transfer")</arg>
<arg>10</arg>
</arguments>
<status status="PASS" starttime="20200618 14:01:35.196" endtime="20200618 14:01:35.333"></status>
</kw>
<kw name="Scroll" library="AppiumLibrary">
<doc>Scrolls from one element to another
Key attributes for arbitrary elements are `id` and `name`. See
`introduction` for details about locating elements.</doc>
<arguments>
<arg>android=UiSelector().text("Gifts")</arg>
<arg>id=com.ccpp.msp.uat:id/tvMsw</arg>
</arguments>
<status status="PASS" starttime="20200618 14:01:35.334" endtime="20200618 14:01:37.157"></status>
</kw>
<kw name="Sleep" library="BuiltIn">
<doc>Pauses the test executed for the given time.</doc>
<arguments>
<arg>1s</arg>
</arguments>
<msg timestamp="20200618 14:01:38.159" level="INFO">Slept 1 second</msg>
<status status="PASS" starttime="20200618 14:01:37.157" endtime="20200618 14:01:38.159"></status>
</kw>
<kw name="Scroll" library="AppiumLibrary">
<doc>Scrolls from one element to another
Key attributes for arbitrary elements are `id` and `name`. See
`introduction` for details about locating elements.</doc>
<arguments>
<arg>com.ccpp.msp.uat:id/txnDate</arg>
<arg>com.ccpp.msp.uat:id/tvFlashSaleMore</arg>
</arguments>
<status status="PASS" starttime="20200618 14:01:38.159" endtime="20200618 14:01:41.431"></status>
</kw>
<kw name="Tap" library="AppiumLibrary">
<doc>Tap element identified by ``locator``.</doc>
<arguments>
<arg>id=com.ccpp.msp.uat:id/tvShowAll</arg>
</arguments>
<status status="PASS" starttime="20200618 14:01:41.431" endtime="20200618 14:01:41.547"></status>
</kw>
<kw name="Wait Until Keyword Succeeds" library="BuiltIn">
<doc>Runs the specified keyword and retries if it fails.</doc>
<arguments>
<arg>2 min</arg>
<arg>1 sec</arg>
<arg>Element Should Be Visible</arg>
<arg>xpath=//android.widget.LinearLayout[@index='0']</arg>
</arguments>
<kw name="Element Should Be Visible" library="AppiumLibrary">
<doc>Verifies that element identified with locator is visible.</doc>
<arguments>
<arg>xpath=//android.widget.LinearLayout[@index='0']</arg>
</arguments>
<status status="PASS" starttime="20200618 14:01:41.549" endtime="20200618 14:01:42.729"></status>
</kw>
<status status="PASS" starttime="20200618 14:01:41.548" endtime="20200618 14:01:42.729"></status>
</kw>
<kw name="Wait Until Element Is Visible" library="AppiumLibrary">
<doc>Waits until element specified with `locator` is visible.</doc>
<arguments>
<arg>id=com.ccpp.msp.uat:id/tvTransactionType</arg>
<arg>180s</arg>
</arguments>
<status status="PASS" starttime="20200618 14:01:42.731" endtime="20200618 14:01:58.149"></status>
</kw>
<kw name="Tap" library="AppiumLibrary">
<doc>Tap element identified by ``locator``.</doc>
<arguments>
<arg>id=com.ccpp.msp.uat:id/tvTransactionType</arg>
</arguments>
<status status="PASS" starttime="20200618 14:01:58.149" endtime="20200618 14:01:58.362"></status>
</kw>
<kw name="Wait Until Element Is Visible" library="AppiumLibrary">
<doc>Waits until element specified with `locator` is visible.</doc>
<arguments>
<arg>//android.widget.TextView[@resource-id='com.ccpp.msp.uat:id/tvTransactionStatus']</arg>
<arg>120s</arg>
</arguments>
<status status="PASS" starttime="20200618 14:01:58.363" endtime="20200618 14:01:59.343"></status>
</kw>
<kw name="Get Text" library="AppiumLibrary">
<doc>Get element text (for hybrid and mobile browser use `xpath` locator, others might cause problem)</doc>
<arguments>
<arg>//android.widget.TextView[@resource-id='com.ccpp.msp.uat:id/tvTransactionStatus']</arg>
</arguments>
<assign>
<var>${Status}</var>
</assign>
<msg timestamp="20200618 14:02:00.155" level="INFO">Element '//android.widget.TextView[@resource-id='com.ccpp.msp.uat:id/tvTransactionStatus']' text is 'Success!' </msg>
<msg timestamp="20200618 14:02:00.155" level="INFO">${Status} = Success!</msg>
<status status="PASS" starttime="20200618 14:01:59.344" endtime="20200618 14:02:00.155"></status>
</kw>
<kw name="Log To Console" library="BuiltIn">
<doc>Logs the given message to the console.</doc>
<arguments>
<arg>${Type} Status is = ${Status}</arg>
</arguments>
<status status="PASS" starttime="20200618 14:02:00.155" endtime="20200618 14:02:00.156"></status>
</kw>
<kw name="Get Text" library="AppiumLibrary">
<doc>Get element text (for hybrid and mobile browser use `xpath` locator, others might cause problem)</doc>
<arguments>
<arg>//android.widget.TextView[@resource-id='com.ccpp.msp.uat:id/tvTransactionAmt']</arg>
</arguments>
<assign>
<var>${Transfer_Amt}</var>
</assign>
<msg timestamp="20200618 14:02:00.949" level="INFO">Element '//android.widget.TextView[@resource-id='com.ccpp.msp.uat:id/tvTransactionAmt']' text is 'MMK 140' </msg>
<msg timestamp="20200618 14:02:00.949" level="INFO">${Transfer_Amt} = MMK 140</msg>
<status status="PASS" starttime="20200618 14:02:00.156" endtime="20200618 14:02:00.949"></status>
</kw>
<kw name="Log To Console" library="BuiltIn">
<doc>Logs the given message to the console.</doc>
<arguments>
<arg>${Type} Amount is = ${Transfer_Amt}</arg>
</arguments>
<status status="PASS" starttime="20200618 14:02:00.950" endtime="20200618 14:02:00.950"></status>
</kw>
<kw name="Capture Page Screenshot" library="AppiumLibrary">
<doc>Takes a screenshot of the current page and embeds it into the log.</doc>
<arguments>
<arg>Screenshots/${Type}.png</arg>
</arguments>
<msg timestamp="20200618 14:02:01.642" level="INFO" html="yes">&lt;/td&gt;&lt;/tr&gt;&lt;tr&gt;&lt;td colspan="3"&gt;&lt;a href="Screenshots/QR_Transfer_Merchant.png"&gt;&lt;img src="Screenshots/QR_Transfer_Merchant.png" width="800px"&gt;&lt;/a&gt;</msg>
<status status="PASS" starttime="20200618 14:02:00.950" endtime="20200618 14:02:01.642"></status>
</kw>
<kw name="Tap" library="AppiumLibrary">
<doc>Tap element identified by ``locator``.</doc>
<arguments>
<arg>id=com.ccpp.msp.uat:id/ibBackIcon</arg>
</arguments>
<status status="PASS" starttime="20200618 14:02:01.643" endtime="20200618 14:02:01.859"></status>
</kw>
<kw name="Tap" library="AppiumLibrary">
<doc>Tap element identified by ``locator``.</doc>
<arguments>
<arg>id=com.ccpp.msp.uat:id/ibBackIcon</arg>
</arguments>
<status status="PASS" starttime="20200618 14:02:01.860" endtime="20200618 14:02:02.696"></status>
</kw>
<kw name="Wait Until Element Is Visible" library="AppiumLibrary">
<doc>Waits until element specified with `locator` is visible.</doc>
<arguments>
<arg>android=UiSelector().text("Show All Transaction")</arg>
<arg>30s</arg>
</arguments>
<status status="PASS" starttime="20200618 14:02:02.697" endtime="20200618 14:02:04.736"></status>
</kw>
<kw name="Scroll" library="AppiumLibrary">
<doc>Scrolls from one element to another
Key attributes for arbitrary elements are `id` and `name`. See
`introduction` for details about locating elements.</doc>
<arguments>
<arg>id=com.ccpp.msp.uat:id/tvFlashSaleMore</arg>
<arg>id=com.ccpp.msp.uat:id/tvShowAll</arg>
</arguments>
<status status="PASS" starttime="20200618 14:02:04.736" endtime="20200618 14:02:06.577"></status>
</kw>
<kw name="Scroll" library="AppiumLibrary">
<doc>Scrolls from one element to another
Key attributes for arbitrary elements are `id` and `name`. See
`introduction` for details about locating elements.</doc>
<arguments>
<arg>android=UiSelector().text("Add Money")</arg>
<arg>android=UiSelector().text("Gifts")</arg>
</arguments>
<status status="PASS" starttime="20200618 14:02:06.578" endtime="20200618 14:02:08.479"></status>
</kw>
<kw name="Wait Until Element Is Visible" library="AppiumLibrary">
<doc>Waits until element specified with `locator` is visible.</doc>
<arguments>
<arg>android=UiSelector().text("Transfer")</arg>
<arg>40s</arg>
</arguments>
<status status="PASS" starttime="20200618 14:02:08.479" endtime="20200618 14:02:09.785"></status>
</kw>
<status status="PASS" starttime="20200618 14:01:35.195" endtime="20200618 14:02:09.785"></status>
</kw>
<status status="PASS" starttime="20200618 14:01:35.194" endtime="20200618 14:02:09.786"></status>
</kw>
<status status="PASS" starttime="20200618 14:00:30.613" endtime="20200618 14:02:09.786"></status>
</kw>
<kw name="Unlimit time of merchant scan" library="10_QR_Code_C_M">
<kw name="Wait Until Element Is Visible" library="AppiumLibrary">
<doc>Waits until element specified with `locator` is visible.</doc>
<arguments>
<arg>android=UiSelector().text("Transfer")</arg>
<arg>10s</arg>
</arguments>
<status status="PASS" starttime="20200618 14:02:09.787" endtime="20200618 14:02:09.899"></status>
</kw>
<kw name="Tap" library="AppiumLibrary">
<doc>Tap element identified by ``locator``.</doc>
<arguments>
<arg>android=UiSelector().text("Scan")</arg>
</arguments>
<status status="PASS" starttime="20200618 14:02:09.900" endtime="20200618 14:02:11.877"></status>
</kw>
<kw name="Wait Until Element Is Visible" library="AppiumLibrary">
<doc>Waits until element specified with `locator` is visible.</doc>
<arguments>
<arg>android=UiSelector().text("SCAN &amp; PAY")</arg>
<arg>10s</arg>
</arguments>
<status status="PASS" starttime="20200618 14:02:11.878" endtime="20200618 14:02:11.983"></status>
</kw>
<kw name="Tap" library="AppiumLibrary">
<doc>Tap element identified by ``locator``.</doc>
<arguments>
<arg>id=com.ccpp.msp.uat:id/imgGallery</arg>
</arguments>
<status status="PASS" starttime="20200618 14:02:11.983" endtime="20200618 14:02:12.076"></status>
</kw>
<kw name="Wait Until Element Is Visible" library="AppiumLibrary">
<doc>Waits until element specified with `locator` is visible.</doc>
<arguments>
<arg>android=UiSelector().text("Download")</arg>
<arg>30s</arg>
</arguments>
<status status="PASS" starttime="20200618 14:02:12.076" endtime="20200618 14:02:13.963"></status>
</kw>
<kw name="Tap" library="AppiumLibrary">
<doc>Tap element identified by ``locator``.</doc>
<arguments>
<arg>android=UiSelector().text("Download")</arg>
</arguments>
<status status="PASS" starttime="20200618 14:02:13.964" endtime="20200618 14:02:15.391"></status>
</kw>
<kw name="Tap" library="AppiumLibrary">
<doc>Tap element identified by ``locator``.</doc>
<arguments>
<arg>//android.view.ViewGroup[@content-desc="Photo taken on Mar 2, 2020 6:43:43 PM"]</arg>
</arguments>
<status status="PASS" starttime="20200618 14:02:15.392" endtime="20200618 14:02:16.079"></status>
</kw>
<kw name="Wait Until Element Is Visible" library="AppiumLibrary">
<doc>Waits until element specified with `locator` is visible.</doc>
<arguments>
<arg>android=UiSelector().text("Amount")</arg>
<arg>10s</arg>
</arguments>
<status status="PASS" starttime="20200618 14:02:16.079" endtime="20200618 14:02:19.470"></status>
</kw>
<kw name="Input Text" library="AppiumLibrary">
<doc>Types the given `text` into text field identified by `locator`.</doc>
<arguments>
<arg>id=com.ccpp.msp.uat:id/edtAmount</arg>
<arg>${Unlimit_Am}</arg>
</arguments>
<msg timestamp="20200618 14:02:19.473" level="INFO">Typing text '166' into text field 'id=com.ccpp.msp.uat:id/edtAmount'</msg>
<status status="PASS" starttime="20200618 14:02:19.470" endtime="20200618 14:02:20.142"></status>
</kw>
<kw name="Tap" library="AppiumLibrary">
<doc>Tap element identified by ``locator``.</doc>
<arguments>
<arg>id=com.ccpp.msp.uat:id/btnConfirm</arg>
</arguments>
<status status="PASS" starttime="20200618 14:02:20.144" endtime="20200618 14:02:20.839"></status>
</kw>
<kw name="Wait Until Element Is Visible" library="AppiumLibrary">
<doc>Waits until element specified with `locator` is visible.</doc>
<arguments>
<arg>android=UiSelector().text("CONFIRMATION")</arg>
<arg>10s</arg>
</arguments>
<status status="PASS" starttime="20200618 14:02:20.839" endtime="20200618 14:02:23.850"></status>
</kw>
<kw name="Swipe" library="AppiumLibrary">
<doc>Swipe from one point to another point, for an optional duration.</doc>
<arguments>
<arg>600</arg>
<arg>923</arg>
<arg>415</arg>
<arg>695</arg>
<arg>3000</arg>
</arguments>
<status status="PASS" starttime="20200618 14:02:23.850" endtime="20200618 14:02:28.541"></status>
</kw>
<kw name="Tap" library="AppiumLibrary">
<doc>Tap element identified by ``locator``.</doc>
<arguments>
<arg>android=UiSelector().text("CONFIRM")</arg>
</arguments>
<status status="PASS" starttime="20200618 14:02:28.542" endtime="20200618 14:02:30.472"></status>
</kw>
<kw name="ENTER PASSCODE" library="ENTER_PASSCODE">
<kw name="Wait Until Element Is Visible" library="AppiumLibrary">
<doc>Waits until element specified with `locator` is visible.</doc>
<arguments>
<arg>android=UiSelector().text("ENTER PASSCODE")</arg>
<arg>60s</arg>
</arguments>
<status status="PASS" starttime="20200618 14:02:30.473" endtime="20200618 14:02:30.701"></status>
</kw>
<kw name="Tap" library="AppiumLibrary">
<doc>Tap element identified by ``locator``.</doc>
<arguments>
<arg>id=com.ccpp.msp.uat:id/k1</arg>
</arguments>
<status status="PASS" starttime="20200618 14:02:30.701" endtime="20200618 14:02:30.856"></status>
</kw>
<kw name="Tap" library="AppiumLibrary">
<doc>Tap element identified by ``locator``.</doc>
<arguments>
<arg>id=com.ccpp.msp.uat:id/k1</arg>
</arguments>
<status status="PASS" starttime="20200618 14:02:30.857" endtime="20200618 14:02:31.450"></status>
</kw>
<kw name="Tap" library="AppiumLibrary">
<doc>Tap element identified by ``locator``.</doc>
<arguments>
<arg>id=com.ccpp.msp.uat:id/k1</arg>
</arguments>
<status status="PASS" starttime="20200618 14:02:31.450" endtime="20200618 14:02:32.012"></status>
</kw>
<kw name="Tap" library="AppiumLibrary">
<doc>Tap element identified by ``locator``.</doc>
<arguments>
<arg>id=com.ccpp.msp.uat:id/k1</arg>
</arguments>
<status status="PASS" starttime="20200618 14:02:32.013" endtime="20200618 14:02:32.569"></status>
</kw>
<kw name="Tap" library="AppiumLibrary">
<doc>Tap element identified by ``locator``.</doc>
<arguments>
<arg>id=com.ccpp.msp.uat:id/k1</arg>
</arguments>
<status status="PASS" starttime="20200618 14:02:32.570" endtime="20200618 14:02:33.646"></status>
</kw>
<kw name="Tap" library="AppiumLibrary">
<doc>Tap element identified by ``locator``.</doc>
<arguments>
<arg>id=com.ccpp.msp.uat:id/k1</arg>
</arguments>
<status status="PASS" starttime="20200618 14:02:33.647" endtime="20200618 14:02:33.807"></status>
</kw>
<status status="PASS" starttime="20200618 14:02:30.473" endtime="20200618 14:02:33.807"></status>
</kw>
<kw name="If Fails To Login" library="ENTER_PASSCODE">
<kw name="Run Keyword And Return Status" library="BuiltIn">
<doc>Runs the given keyword with given arguments and returns the status as a Boolean value.</doc>
<arguments>
<arg>Wait Until Element Is Visible</arg>
<arg>android=UiSelector().text("Try again or tap forgot passcode to reset.")</arg>
<arg>8s</arg>
</arguments>
<assign>
<var>${Again}</var>
</assign>
<kw name="Wait Until Element Is Visible" library="AppiumLibrary">
<doc>Waits until element specified with `locator` is visible.</doc>
<arguments>
<arg>android=UiSelector().text("Try again or tap forgot passcode to reset.")</arg>
<arg>8s</arg>
</arguments>
<kw name="Capture Page Screenshot" library="AppiumLibrary">
<doc>Takes a screenshot of the current page and embeds it into the log.</doc>
<msg timestamp="20200618 14:02:42.882" level="INFO" html="yes">&lt;/td&gt;&lt;/tr&gt;&lt;tr&gt;&lt;td colspan="3"&gt;&lt;a href="appium-screenshot-10.png"&gt;&lt;img src="appium-screenshot-10.png" width="800px"&gt;&lt;/a&gt;</msg>
<status status="PASS" starttime="20200618 14:02:42.036" endtime="20200618 14:02:42.882"></status>
</kw>
<msg timestamp="20200618 14:02:42.883" level="FAIL">Element locator 'android=UiSelector().text("Try again or tap forgot passcode to reset.")' did not match any elements after 8 seconds</msg>
<status status="FAIL" starttime="20200618 14:02:33.810" endtime="20200618 14:02:42.883"></status>
</kw>
<msg timestamp="20200618 14:02:42.883" level="INFO">${Again} = False</msg>
<status status="PASS" starttime="20200618 14:02:33.809" endtime="20200618 14:02:42.883"></status>
</kw>
<kw name="Run Keyword If" library="BuiltIn">
<doc>Runs the given keyword with the given arguments, if ``condition`` is true.</doc>
<arguments>
<arg>${Again}</arg>
<arg>Continue_Pass</arg>
</arguments>
<status status="PASS" starttime="20200618 14:02:42.883" endtime="20200618 14:02:42.884"></status>
</kw>
<status status="PASS" starttime="20200618 14:02:33.808" endtime="20200618 14:02:42.884"></status>
</kw>
<kw name="Wait Until Element Is Visible" library="AppiumLibrary">
<doc>Waits until element specified with `locator` is visible.</doc>
<arguments>
<arg>android=UiSelector().text("SUCCESS!")</arg>
<arg>10s</arg>
</arguments>
<status status="PASS" starttime="20200618 14:02:42.884" endtime="20200618 14:02:42.969"></status>
</kw>
<kw name="Swipe" library="AppiumLibrary">
<doc>Swipe from one point to another point, for an optional duration.</doc>
<arguments>
<arg>157</arg>
<arg>1365</arg>
<arg>292</arg>
<arg>630</arg>
<arg>8000</arg>
</arguments>
<status status="PASS" starttime="20200618 14:02:42.970" endtime="20200618 14:02:48.170"></status>
</kw>
<kw name="Tap" library="AppiumLibrary">
<doc>Tap element identified by ``locator``.</doc>
<arguments>
<arg>android=UiSelector().text("BACK TO HOME")</arg>
</arguments>
<status status="PASS" starttime="20200618 14:02:48.171" endtime="20200618 14:02:50.738"></status>
</kw>
<kw name="Wait Until Element Is Visible" library="AppiumLibrary">
<doc>Waits until element specified with `locator` is visible.</doc>
<arguments>
<arg>android=UiSelector().text("Transfer")</arg>
<arg>40s</arg>
</arguments>
<status status="PASS" starttime="20200618 14:02:50.739" endtime="20200618 14:02:50.864"></status>
</kw>
<kw name="Transaction Details" library="Show_All_Transaction">
<arguments>
<arg>QR_Transfer_Merchant for multile times</arg>
</arguments>
<kw name="Check Transafer Details" library="Show_All_Transaction">
<arguments>
<arg>${Type}</arg>
</arguments>
<kw name="Wait Until Element Is Visible" library="AppiumLibrary">
<doc>Waits until element specified with `locator` is visible.</doc>
<arguments>
<arg>android=UiSelector().text("Transfer")</arg>
<arg>10</arg>
</arguments>
<status status="PASS" starttime="20200618 14:02:50.865" endtime="20200618 14:02:51.067"></status>
</kw>
<kw name="Scroll" library="AppiumLibrary">
<doc>Scrolls from one element to another
Key attributes for arbitrary elements are `id` and `name`. See
`introduction` for details about locating elements.</doc>
<arguments>
<arg>android=UiSelector().text("Gifts")</arg>
<arg>id=com.ccpp.msp.uat:id/tvMsw</arg>
</arguments>
<status status="PASS" starttime="20200618 14:02:51.069" endtime="20200618 14:02:53.398"></status>
</kw>
<kw name="Sleep" library="BuiltIn">
<doc>Pauses the test executed for the given time.</doc>
<arguments>
<arg>1s</arg>
</arguments>
<msg timestamp="20200618 14:02:54.400" level="INFO">Slept 1 second</msg>
<status status="PASS" starttime="20200618 14:02:53.399" endtime="20200618 14:02:54.400"></status>
</kw>
<kw name="Scroll" library="AppiumLibrary">
<doc>Scrolls from one element to another
Key attributes for arbitrary elements are `id` and `name`. See
`introduction` for details about locating elements.</doc>
<arguments>
<arg>com.ccpp.msp.uat:id/txnDate</arg>
<arg>com.ccpp.msp.uat:id/tvFlashSaleMore</arg>
</arguments>
<status status="PASS" starttime="20200618 14:02:54.401" endtime="20200618 14:02:58.109"></status>
</kw>
<kw name="Tap" library="AppiumLibrary">
<doc>Tap element identified by ``locator``.</doc>
<arguments>
<arg>id=com.ccpp.msp.uat:id/tvShowAll</arg>
</arguments>
<status status="PASS" starttime="20200618 14:02:58.110" endtime="20200618 14:02:58.849"></status>
</kw>
<kw name="Wait Until Keyword Succeeds" library="BuiltIn">
<doc>Runs the specified keyword and retries if it fails.</doc>
<arguments>
<arg>2 min</arg>
<arg>1 sec</arg>
<arg>Element Should Be Visible</arg>
<arg>xpath=//android.widget.LinearLayout[@index='0']</arg>
</arguments>
<kw name="Element Should Be Visible" library="AppiumLibrary">
<doc>Verifies that element identified with locator is visible.</doc>
<arguments>
<arg>xpath=//android.widget.LinearLayout[@index='0']</arg>
</arguments>
<kw name="Capture Page Screenshot" library="AppiumLibrary">
<doc>Takes a screenshot of the current page and embeds it into the log.</doc>
<msg timestamp="20200618 14:03:01.920" level="INFO" html="yes">&lt;/td&gt;&lt;/tr&gt;&lt;tr&gt;&lt;td colspan="3"&gt;&lt;a href="appium-screenshot-11.png"&gt;&lt;img src="appium-screenshot-11.png" width="800px"&gt;&lt;/a&gt;</msg>
<status status="PASS" starttime="20200618 14:02:59.720" endtime="20200618 14:03:01.921"></status>
</kw>
<msg timestamp="20200618 14:03:01.924" level="FAIL">StaleElementReferenceException: Message: Cached elements 'By.xpath: //android.widget.LinearLayout[@index='0']' do not exist in DOM anymore
</msg>
<status status="FAIL" starttime="20200618 14:02:58.851" endtime="20200618 14:03:01.925"></status>
</kw>
<kw name="Element Should Be Visible" library="AppiumLibrary">
<doc>Verifies that element identified with locator is visible.</doc>
<arguments>
<arg>xpath=//android.widget.LinearLayout[@index='0']</arg>
</arguments>
<status status="PASS" starttime="20200618 14:03:02.928" endtime="20200618 14:03:03.074"></status>
</kw>
<status status="PASS" starttime="20200618 14:02:58.849" endtime="20200618 14:03:03.075"></status>
</kw>
<kw name="Wait Until Element Is Visible" library="AppiumLibrary">
<doc>Waits until element specified with `locator` is visible.</doc>
<arguments>
<arg>id=com.ccpp.msp.uat:id/tvTransactionType</arg>
<arg>180s</arg>
</arguments>
<status status="PASS" starttime="20200618 14:03:03.076" endtime="20200618 14:03:15.294"></status>
</kw>
<kw name="Tap" library="AppiumLibrary">
<doc>Tap element identified by ``locator``.</doc>
<arguments>
<arg>id=com.ccpp.msp.uat:id/tvTransactionType</arg>
</arguments>
<status status="PASS" starttime="20200618 14:03:15.295" endtime="20200618 14:03:15.553"></status>
</kw>
<kw name="Wait Until Element Is Visible" library="AppiumLibrary">
<doc>Waits until element specified with `locator` is visible.</doc>
<arguments>
<arg>//android.widget.TextView[@resource-id='com.ccpp.msp.uat:id/tvTransactionStatus']</arg>
<arg>120s</arg>
</arguments>
<status status="PASS" starttime="20200618 14:03:15.554" endtime="20200618 14:03:17.223"></status>
</kw>
<kw name="Get Text" library="AppiumLibrary">
<doc>Get element text (for hybrid and mobile browser use `xpath` locator, others might cause problem)</doc>
<arguments>
<arg>//android.widget.TextView[@resource-id='com.ccpp.msp.uat:id/tvTransactionStatus']</arg>
</arguments>
<assign>
<var>${Status}</var>
</assign>
<msg timestamp="20200618 14:03:17.797" level="INFO">Element '//android.widget.TextView[@resource-id='com.ccpp.msp.uat:id/tvTransactionStatus']' text is 'Success!' </msg>
<msg timestamp="20200618 14:03:17.798" level="INFO">${Status} = Success!</msg>
<status status="PASS" starttime="20200618 14:03:17.223" endtime="20200618 14:03:17.798"></status>
</kw>
<kw name="Log To Console" library="BuiltIn">
<doc>Logs the given message to the console.</doc>
<arguments>
<arg>${Type} Status is = ${Status}</arg>
</arguments>
<status status="PASS" starttime="20200618 14:03:17.798" endtime="20200618 14:03:17.798"></status>
</kw>
<kw name="Get Text" library="AppiumLibrary">
<doc>Get element text (for hybrid and mobile browser use `xpath` locator, others might cause problem)</doc>
<arguments>
<arg>//android.widget.TextView[@resource-id='com.ccpp.msp.uat:id/tvTransactionAmt']</arg>
</arguments>
<assign>
<var>${Transfer_Amt}</var>
</assign>
<msg timestamp="20200618 14:03:18.428" level="INFO">Element '//android.widget.TextView[@resource-id='com.ccpp.msp.uat:id/tvTransactionAmt']' text is 'MMK 166' </msg>
<msg timestamp="20200618 14:03:18.429" level="INFO">${Transfer_Amt} = MMK 166</msg>
<status status="PASS" starttime="20200618 14:03:17.799" endtime="20200618 14:03:18.429"></status>
</kw>
<kw name="Log To Console" library="BuiltIn">
<doc>Logs the given message to the console.</doc>
<arguments>
<arg>${Type} Amount is = ${Transfer_Amt}</arg>
</arguments>
<status status="PASS" starttime="20200618 14:03:18.429" endtime="20200618 14:03:18.430"></status>
</kw>
<kw name="Capture Page Screenshot" library="AppiumLibrary">
<doc>Takes a screenshot of the current page and embeds it into the log.</doc>
<arguments>
<arg>Screenshots/${Type}.png</arg>
</arguments>
<msg timestamp="20200618 14:03:19.062" level="INFO" html="yes">&lt;/td&gt;&lt;/tr&gt;&lt;tr&gt;&lt;td colspan="3"&gt;&lt;a href="Screenshots/QR_Transfer_Merchant%20for%20multile%20times.png"&gt;&lt;img src="Screenshots/QR_Transfer_Merchant%20for%20multile%20times.png" width="800px"&gt;&lt;/a&gt;</msg>
<status status="PASS" starttime="20200618 14:03:18.431" endtime="20200618 14:03:19.063"></status>
</kw>
<kw name="Tap" library="AppiumLibrary">
<doc>Tap element identified by ``locator``.</doc>
<arguments>
<arg>id=com.ccpp.msp.uat:id/ibBackIcon</arg>
</arguments>
<status status="PASS" starttime="20200618 14:03:19.063" endtime="20200618 14:03:19.239"></status>
</kw>
<kw name="Tap" library="AppiumLibrary">
<doc>Tap element identified by ``locator``.</doc>
<arguments>
<arg>id=com.ccpp.msp.uat:id/ibBackIcon</arg>
</arguments>
<status status="PASS" starttime="20200618 14:03:19.240" endtime="20200618 14:03:20.116"></status>
</kw>
<kw name="Wait Until Element Is Visible" library="AppiumLibrary">
<doc>Waits until element specified with `locator` is visible.</doc>
<arguments>
<arg>android=UiSelector().text("Show All Transaction")</arg>
<arg>30s</arg>
</arguments>
<status status="PASS" starttime="20200618 14:03:20.117" endtime="20200618 14:03:22.084"></status>
</kw>
<kw name="Scroll" library="AppiumLibrary">
<doc>Scrolls from one element to another
Key attributes for arbitrary elements are `id` and `name`. See
`introduction` for details about locating elements.</doc>
<arguments>
<arg>id=com.ccpp.msp.uat:id/tvFlashSaleMore</arg>
<arg>id=com.ccpp.msp.uat:id/tvShowAll</arg>
</arguments>
<status status="PASS" starttime="20200618 14:03:22.084" endtime="20200618 14:03:23.824"></status>
</kw>
<kw name="Scroll" library="AppiumLibrary">
<doc>Scrolls from one element to another
Key attributes for arbitrary elements are `id` and `name`. See
`introduction` for details about locating elements.</doc>
<arguments>
<arg>android=UiSelector().text("Add Money")</arg>
<arg>android=UiSelector().text("Gifts")</arg>
</arguments>
<status status="PASS" starttime="20200618 14:03:23.825" endtime="20200618 14:03:25.657"></status>
</kw>
<kw name="Wait Until Element Is Visible" library="AppiumLibrary">
<doc>Waits until element specified with `locator` is visible.</doc>
<arguments>
<arg>android=UiSelector().text("Transfer")</arg>
<arg>40s</arg>
</arguments>
<status status="PASS" starttime="20200618 14:03:25.658" endtime="20200618 14:03:27.564"></status>
</kw>
<status status="PASS" starttime="20200618 14:02:50.865" endtime="20200618 14:03:27.564"></status>
</kw>
<status status="PASS" starttime="20200618 14:02:50.864" endtime="20200618 14:03:27.564"></status>
</kw>
<status status="PASS" starttime="20200618 14:02:09.786" endtime="20200618 14:03:27.564"></status>
</kw>
<tags>
<tag>3rd_Slot</tag>
</tags>
<status status="PASS" starttime="20200618 14:00:30.611" endtime="20200618 14:03:27.565" critical="yes"></status>
</test>
<status status="PASS" starttime="20200618 13:56:40.834" endtime="20200618 14:03:27.566"></status>
</suite>
<statistics>
<total>
<stat pass="2" fail="0">Critical Tests</stat>
<stat pass="2" fail="0">All Tests</stat>
</total>
<tag>
<stat pass="2" fail="0">3rd_Slot</stat>
</tag>
<suite>
<stat pass="2" fail="0" id="s1" name="All Test Cases">All Test Cases</stat>
</suite>
</statistics>
<errors>
</errors>
</robot>
